{"E:\\the_content\\Software\\js_scripts\\ReactNative\\InteractiveScheduleApp\\InteractiveSchedule\\App.tsx": {"path":"E:\\the_content\\Software\\js_scripts\\ReactNative\\InteractiveScheduleApp\\InteractiveSchedule\\App.tsx","statementMap":{"0":{"start":{"line":3,"column":0},"end":{"line":3,"column":35}},"1":{"start":{"line":31,"column":0},"end":{"line":31,"column":14}},"2":{"start":{"line":36,"column":2},"end":{"line":42,"column":3}},"3":{"start":{"line":46,"column":2},"end":{"line":147,"column":3}},"4":{"start":{"line":47,"column":40},"end":{"line":47,"column":55}},"5":{"start":{"line":49,"column":26},"end":{"line":70,"column":6}},"6":{"start":{"line":72,"column":4},"end":{"line":76,"column":21}},"7":{"start":{"line":73,"column":6},"end":{"line":75,"column":7}},"8":{"start":{"line":74,"column":8},"end":{"line":74,"column":64}},"9":{"start":{"line":74,"column":44},"end":{"line":74,"column":63}},"10":{"start":{"line":78,"column":4},"end":{"line":80,"column":5}},"11":{"start":{"line":79,"column":6},"end":{"line":79,"column":17}},"12":{"start":{"line":83,"column":6},"end":{"line":121,"column":22}},"13":{"start":{"line":87,"column":33},"end":{"line":87,"column":98}},"14":{"start":{"line":89,"column":38},"end":{"line":89,"column":63}},"15":{"start":{"line":95,"column":35},"end":{"line":95,"column":43}},"16":{"start":{"line":107,"column":35},"end":{"line":107,"column":43}},"17":{"start":{"line":113,"column":35},"end":{"line":113,"column":43}},"18":{"start":{"line":124,"column":4},"end":{"line":124,"column":19}},"19":{"start":{"line":126,"column":4},"end":{"line":126,"column":18}},"20":{"start":{"line":127,"column":4},"end":{"line":146,"column":5}}},"fnMap":{"0":{"name":"fallbackRender","decl":{"start":{"line":33,"column":9},"end":{"line":33,"column":23}},"loc":{"start":{"line":33,"column":55},"end":{"line":43,"column":1}},"line":33},"1":{"name":"App","decl":{"start":{"line":45,"column":24},"end":{"line":45,"column":27}},"loc":{"start":{"line":45,"column":30},"end":{"line":148,"column":1}},"line":45},"2":{"name":"(anonymous_2)","decl":{"start":{"line":72,"column":14},"end":{"line":72,"column":15}},"loc":{"start":{"line":72,"column":20},"end":{"line":76,"column":5}},"line":72},"3":{"name":"(anonymous_3)","decl":{"start":{"line":74,"column":38},"end":{"line":74,"column":39}},"loc":{"start":{"line":74,"column":44},"end":{"line":74,"column":63}},"line":74},"4":{"name":"(anonymous_4)","decl":{"start":{"line":87,"column":22},"end":{"line":87,"column":23}},"loc":{"start":{"line":87,"column":33},"end":{"line":87,"column":98}},"line":87},"5":{"name":"(anonymous_5)","decl":{"start":{"line":89,"column":27},"end":{"line":89,"column":28}},"loc":{"start":{"line":89,"column":38},"end":{"line":89,"column":63}},"line":89},"6":{"name":"(anonymous_6)","decl":{"start":{"line":95,"column":24},"end":{"line":95,"column":25}},"loc":{"start":{"line":95,"column":35},"end":{"line":95,"column":43}},"line":95},"7":{"name":"(anonymous_7)","decl":{"start":{"line":107,"column":24},"end":{"line":107,"column":25}},"loc":{"start":{"line":107,"column":35},"end":{"line":107,"column":43}},"line":107},"8":{"name":"(anonymous_8)","decl":{"start":{"line":113,"column":24},"end":{"line":113,"column":25}},"loc":{"start":{"line":113,"column":35},"end":{"line":113,"column":43}},"line":113}},"branchMap":{"0":{"loc":{"start":{"line":73,"column":6},"end":{"line":75,"column":7}},"type":"if","locations":[{"start":{"line":73,"column":6},"end":{"line":75,"column":7}},{"start":{},"end":{}}],"line":73},"1":{"loc":{"start":{"line":78,"column":4},"end":{"line":80,"column":5}},"type":"if","locations":[{"start":{"line":78,"column":4},"end":{"line":80,"column":5}},{"start":{},"end":{}}],"line":78}},"s":{"0":0,"1":0,"2":0,"3":0,"4":0,"5":0,"6":0,"7":0,"8":0,"9":0,"10":0,"11":0,"12":0,"13":0,"14":0,"15":0,"16":0,"17":0,"18":0,"19":0,"20":0},"f":{"0":0,"1":0,"2":0,"3":0,"4":0,"5":0,"6":0,"7":0,"8":0},"b":{"0":[0,0],"1":[0,0]}}
,"E:\\the_content\\Software\\js_scripts\\ReactNative\\InteractiveScheduleApp\\InteractiveSchedule\\jest.config.ts": {"path":"E:\\the_content\\Software\\js_scripts\\ReactNative\\InteractiveScheduleApp\\InteractiveSchedule\\jest.config.ts","statementMap":{"0":{"start":{"line":3,"column":23},"end":{"line":18,"column":1}}},"fnMap":{},"branchMap":{},"s":{"0":0},"f":{},"b":{}}
,"E:\\the_content\\Software\\js_scripts\\ReactNative\\InteractiveScheduleApp\\InteractiveSchedule\\assets\\schedules_old\\scheduleFilesJSON_old.ts": {"path":"E:\\the_content\\Software\\js_scripts\\ReactNative\\InteractiveScheduleApp\\InteractiveSchedule\\assets\\schedules_old\\scheduleFilesJSON_old.ts","statementMap":{"0":{"start":{"line":5,"column":33},"end":{"line":5,"column":105}}},"fnMap":{},"branchMap":{},"s":{"0":0},"f":{},"b":{}}
,"E:\\the_content\\Software\\js_scripts\\ReactNative\\InteractiveScheduleApp\\InteractiveSchedule\\components\\ContentViewModal.tsx": {"path":"E:\\the_content\\Software\\js_scripts\\ReactNative\\InteractiveScheduleApp\\InteractiveSchedule\\components\\ContentViewModal.tsx","statementMap":{"0":{"start":{"line":11,"column":2},"end":{"line":19,"column":3}},"1":{"start":{"line":13,"column":32},"end":{"line":13,"column":50}},"2":{"start":{"line":22,"column":15},"end":{"line":56,"column":2}}},"fnMap":{"0":{"name":"ContentViewModal","decl":{"start":{"line":10,"column":24},"end":{"line":10,"column":40}},"loc":{"start":{"line":10,"column":48},"end":{"line":20,"column":1}},"line":10},"1":{"name":"(anonymous_1)","decl":{"start":{"line":13,"column":26},"end":{"line":13,"column":27}},"loc":{"start":{"line":13,"column":32},"end":{"line":13,"column":50}},"line":13}},"branchMap":{},"s":{"0":0,"1":0,"2":0},"f":{"0":0,"1":0},"b":{}}
,"E:\\the_content\\Software\\js_scripts\\ReactNative\\InteractiveScheduleApp\\InteractiveSchedule\\components\\CurrentClassBottomSheet.tsx": {"path":"E:\\the_content\\Software\\js_scripts\\ReactNative\\InteractiveScheduleApp\\InteractiveSchedule\\components\\CurrentClassBottomSheet.tsx","statementMap":{"0":{"start":{"line":5,"column":2},"end":{"line":9,"column":3}},"1":{"start":{"line":12,"column":15},"end":{"line":16,"column":2}}},"fnMap":{"0":{"name":"CurrentClassBottomSheet","decl":{"start":{"line":4,"column":24},"end":{"line":4,"column":47}},"loc":{"start":{"line":4,"column":50},"end":{"line":10,"column":1}},"line":4}},"branchMap":{},"s":{"0":0,"1":0},"f":{"0":0},"b":{}}
,"E:\\the_content\\Software\\js_scripts\\ReactNative\\InteractiveScheduleApp\\InteractiveSchedule\\components\\DrawerMenu.tsx": {"path":"E:\\the_content\\Software\\js_scripts\\ReactNative\\InteractiveScheduleApp\\InteractiveSchedule\\components\\DrawerMenu.tsx","statementMap":{"0":{"start":{"line":18,"column":32},"end":{"line":18,"column":36}},"1":{"start":{"line":19,"column":0},"end":{"line":34,"column":2}},"2":{"start":{"line":20,"column":26},"end":{"line":20,"column":63}},"3":{"start":{"line":21,"column":24},"end":{"line":21,"column":65}},"4":{"start":{"line":22,"column":28},"end":{"line":22,"column":78}},"5":{"start":{"line":24,"column":2},"end":{"line":24,"column":53}},"6":{"start":{"line":25,"column":2},"end":{"line":25,"column":57}},"7":{"start":{"line":27,"column":2},"end":{"line":31,"column":3}},"8":{"start":{"line":28,"column":4},"end":{"line":28,"column":36}},"9":{"start":{"line":30,"column":4},"end":{"line":30,"column":37}},"10":{"start":{"line":33,"column":2},"end":{"line":33,"column":71}},"11":{"start":{"line":37,"column":2},"end":{"line":53,"column":3}},"12":{"start":{"line":57,"column":29},"end":{"line":68,"column":4}},"13":{"start":{"line":70,"column":21},"end":{"line":70,"column":36}},"14":{"start":{"line":72,"column":30},"end":{"line":75,"column":3}},"15":{"start":{"line":73,"column":4},"end":{"line":73,"column":48}},"16":{"start":{"line":74,"column":4},"end":{"line":74,"column":33}},"17":{"start":{"line":78,"column":24},"end":{"line":78,"column":60}},"18":{"start":{"line":78,"column":54},"end":{"line":78,"column":59}},"19":{"start":{"line":81,"column":2},"end":{"line":158,"column":3}},"20":{"start":{"line":82,"column":31},"end":{"line":82,"column":50}},"21":{"start":{"line":84,"column":17},"end":{"line":84,"column":39}},"22":{"start":{"line":86,"column":21},"end":{"line":86,"column":38}},"23":{"start":{"line":87,"column":20},"end":{"line":87,"column":47}},"24":{"start":{"line":88,"column":23},"end":{"line":88,"column":62}},"25":{"start":{"line":89,"column":4},"end":{"line":91,"column":5}},"26":{"start":{"line":90,"column":6},"end":{"line":90,"column":73}},"27":{"start":{"line":90,"column":40},"end":{"line":90,"column":72}},"28":{"start":{"line":93,"column":28},"end":{"line":93,"column":49}},"29":{"start":{"line":94,"column":23},"end":{"line":94,"column":48}},"30":{"start":{"line":97,"column":24},"end":{"line":128,"column":5}},"31":{"start":{"line":98,"column":29},"end":{"line":98,"column":60}},"32":{"start":{"line":99,"column":26},"end":{"line":99,"column":57}},"33":{"start":{"line":102,"column":8},"end":{"line":102,"column":109}},"34":{"start":{"line":104,"column":6},"end":{"line":127,"column":7}},"35":{"start":{"line":108,"column":12},"end":{"line":111,"column":13}},"36":{"start":{"line":109,"column":14},"end":{"line":109,"column":47}},"37":{"start":{"line":110,"column":14},"end":{"line":110,"column":72}},"38":{"start":{"line":113,"column":12},"end":{"line":113,"column":43}},"39":{"start":{"line":130,"column":4},"end":{"line":151,"column":5}},"40":{"start":{"line":141,"column":12},"end":{"line":141,"column":74}},"41":{"start":{"line":147,"column":12},"end":{"line":147,"column":112}},"42":{"start":{"line":153,"column":4},"end":{"line":157,"column":5}},"43":{"start":{"line":161,"column":15},"end":{"line":202,"column":2}}},"fnMap":{"0":{"name":"(anonymous_0)","decl":{"start":{"line":19,"column":37},"end":{"line":19,"column":38}},"loc":{"start":{"line":19,"column":57},"end":{"line":34,"column":1}},"line":19},"1":{"name":"YellowCircle","decl":{"start":{"line":36,"column":9},"end":{"line":36,"column":21}},"loc":{"start":{"line":36,"column":63},"end":{"line":54,"column":1}},"line":36},"2":{"name":"DrawerMenu","decl":{"start":{"line":56,"column":24},"end":{"line":56,"column":34}},"loc":{"start":{"line":56,"column":37},"end":{"line":159,"column":1}},"line":56},"3":{"name":"(anonymous_3)","decl":{"start":{"line":72,"column":30},"end":{"line":72,"column":31}},"loc":{"start":{"line":72,"column":52},"end":{"line":75,"column":3}},"line":72},"4":{"name":"(anonymous_4)","decl":{"start":{"line":78,"column":43},"end":{"line":78,"column":44}},"loc":{"start":{"line":78,"column":54},"end":{"line":78,"column":59}},"line":78},"5":{"name":"(anonymous_5)","decl":{"start":{"line":90,"column":29},"end":{"line":90,"column":30}},"loc":{"start":{"line":90,"column":40},"end":{"line":90,"column":72}},"line":90},"6":{"name":"(anonymous_6)","decl":{"start":{"line":97,"column":24},"end":{"line":97,"column":25}},"loc":{"start":{"line":97,"column":93},"end":{"line":128,"column":5}},"line":97},"7":{"name":"(anonymous_7)","decl":{"start":{"line":107,"column":19},"end":{"line":107,"column":20}},"loc":{"start":{"line":107,"column":25},"end":{"line":114,"column":11}},"line":107},"8":{"name":"(anonymous_8)","decl":{"start":{"line":140,"column":25},"end":{"line":140,"column":26}},"loc":{"start":{"line":140,"column":51},"end":{"line":142,"column":11}},"line":140},"9":{"name":"(anonymous_9)","decl":{"start":{"line":146,"column":28},"end":{"line":146,"column":29}},"loc":{"start":{"line":146,"column":54},"end":{"line":148,"column":11}},"line":146}},"branchMap":{"0":{"loc":{"start":{"line":22,"column":28},"end":{"line":22,"column":78}},"type":"cond-expr","locations":[{"start":{"line":22,"column":46},"end":{"line":22,"column":71}},{"start":{"line":22,"column":74},"end":{"line":22,"column":78}}],"line":22},"1":{"loc":{"start":{"line":27,"column":2},"end":{"line":31,"column":3}},"type":"if","locations":[{"start":{"line":27,"column":2},"end":{"line":31,"column":3}},{"start":{"line":29,"column":9},"end":{"line":31,"column":3}}],"line":27},"2":{"loc":{"start":{"line":27,"column":6},"end":{"line":27,"column":89}},"type":"binary-expr","locations":[{"start":{"line":27,"column":6},"end":{"line":27,"column":26}},{"start":{"line":27,"column":30},"end":{"line":27,"column":89}}],"line":27},"3":{"loc":{"start":{"line":36,"column":24},"end":{"line":36,"column":37}},"type":"default-arg","locations":[{"start":{"line":36,"column":33},"end":{"line":36,"column":37}}],"line":36},"4":{"loc":{"start":{"line":48,"column":25},"end":{"line":48,"column":59}},"type":"cond-expr","locations":[{"start":{"line":48,"column":34},"end":{"line":48,"column":43}},{"start":{"line":48,"column":46},"end":{"line":48,"column":59}}],"line":48},"5":{"loc":{"start":{"line":50,"column":21},"end":{"line":50,"column":64}},"type":"cond-expr","locations":[{"start":{"line":50,"column":31},"end":{"line":50,"column":48}},{"start":{"line":50,"column":51},"end":{"line":50,"column":64}}],"line":50},"6":{"loc":{"start":{"line":81,"column":2},"end":{"line":158,"column":3}},"type":"if","locations":[{"start":{"line":81,"column":2},"end":{"line":158,"column":3}},{"start":{"line":152,"column":9},"end":{"line":158,"column":3}}],"line":81},"7":{"loc":{"start":{"line":81,"column":6},"end":{"line":81,"column":47}},"type":"binary-expr","locations":[{"start":{"line":81,"column":6},"end":{"line":81,"column":21}},{"start":{"line":81,"column":25},"end":{"line":81,"column":47}}],"line":81},"8":{"loc":{"start":{"line":89,"column":4},"end":{"line":91,"column":5}},"type":"if","locations":[{"start":{"line":89,"column":4},"end":{"line":91,"column":5}},{"start":{},"end":{}}],"line":89},"9":{"loc":{"start":{"line":102,"column":8},"end":{"line":102,"column":109}},"type":"cond-expr","locations":[{"start":{"line":102,"column":51},"end":{"line":102,"column":67}},{"start":{"line":102,"column":70},"end":{"line":102,"column":109}}],"line":102},"10":{"loc":{"start":{"line":102,"column":8},"end":{"line":102,"column":48}},"type":"binary-expr","locations":[{"start":{"line":102,"column":8},"end":{"line":102,"column":33}},{"start":{"line":102,"column":37},"end":{"line":102,"column":48}}],"line":102},"11":{"loc":{"start":{"line":108,"column":12},"end":{"line":111,"column":13}},"type":"if","locations":[{"start":{"line":108,"column":12},"end":{"line":111,"column":13}},{"start":{},"end":{}}],"line":108},"12":{"loc":{"start":{"line":119,"column":18},"end":{"line":119,"column":61}},"type":"cond-expr","locations":[{"start":{"line":119,"column":35},"end":{"line":119,"column":56}},{"start":{"line":119,"column":59},"end":{"line":119,"column":61}}],"line":119}},"s":{"0":0,"1":0,"2":0,"3":0,"4":0,"5":0,"6":0,"7":0,"8":0,"9":0,"10":0,"11":0,"12":0,"13":0,"14":0,"15":0,"16":0,"17":0,"18":0,"19":0,"20":0,"21":0,"22":0,"23":0,"24":0,"25":0,"26":0,"27":0,"28":0,"29":0,"30":0,"31":0,"32":0,"33":0,"34":0,"35":0,"36":0,"37":0,"38":0,"39":0,"40":0,"41":0,"42":0,"43":0},"f":{"0":0,"1":0,"2":0,"3":0,"4":0,"5":0,"6":0,"7":0,"8":0,"9":0},"b":{"0":[0,0],"1":[0,0],"2":[0,0],"3":[0],"4":[0,0],"5":[0,0],"6":[0,0],"7":[0,0],"8":[0,0],"9":[0,0],"10":[0,0],"11":[0,0],"12":[0,0]}}
,"E:\\the_content\\Software\\js_scripts\\ReactNative\\InteractiveScheduleApp\\InteractiveSchedule\\components\\Header.tsx": {"path":"E:\\the_content\\Software\\js_scripts\\ReactNative\\InteractiveScheduleApp\\InteractiveSchedule\\components\\Header.tsx","statementMap":{"0":{"start":{"line":10,"column":21},"end":{"line":10,"column":26}},"1":{"start":{"line":11,"column":2},"end":{"line":19,"column":3}},"2":{"start":{"line":14,"column":38},"end":{"line":14,"column":61}},"3":{"start":{"line":31,"column":2},"end":{"line":35,"column":3}},"4":{"start":{"line":38,"column":15},"end":{"line":59,"column":2}}},"fnMap":{"0":{"name":"BaseHeader","decl":{"start":{"line":8,"column":9},"end":{"line":8,"column":19}},"loc":{"start":{"line":8,"column":43},"end":{"line":20,"column":1}},"line":8},"1":{"name":"(anonymous_1)","decl":{"start":{"line":14,"column":32},"end":{"line":14,"column":33}},"loc":{"start":{"line":14,"column":38},"end":{"line":14,"column":61}},"line":14},"2":{"name":"GlobalHeader","decl":{"start":{"line":22,"column":24},"end":{"line":22,"column":36}},"loc":{"start":{"line":30,"column":3},"end":{"line":36,"column":1}},"line":30}},"branchMap":{"0":{"loc":{"start":{"line":33,"column":7},"end":{"line":33,"column":105}},"type":"cond-expr","locations":[{"start":{"line":33,"column":30},"end":{"line":33,"column":50}},{"start":{"line":33,"column":53},"end":{"line":33,"column":105}}],"line":33}},"s":{"0":0,"1":0,"2":0,"3":0,"4":0},"f":{"0":0,"1":0,"2":0},"b":{"0":[0,0]}}
,"E:\\the_content\\Software\\js_scripts\\ReactNative\\InteractiveScheduleApp\\InteractiveSchedule\\components\\OptionPickerModal.tsx": {"path":"E:\\the_content\\Software\\js_scripts\\ReactNative\\InteractiveScheduleApp\\InteractiveSchedule\\components\\OptionPickerModal.tsx","statementMap":{"0":{"start":{"line":37,"column":28},"end":{"line":37,"column":49}},"1":{"start":{"line":39,"column":32},"end":{"line":39,"column":72}},"2":{"start":{"line":40,"column":40},"end":{"line":40,"column":66}},"3":{"start":{"line":42,"column":26},"end":{"line":44,"column":13}},"4":{"start":{"line":43,"column":33},"end":{"line":43,"column":105}},"5":{"start":{"line":46,"column":46},"end":{"line":46,"column":91}},"6":{"start":{"line":48,"column":2},"end":{"line":48,"column":73}},"7":{"start":{"line":50,"column":21},"end":{"line":54,"column":3}},"8":{"start":{"line":51,"column":4},"end":{"line":51,"column":22}},"9":{"start":{"line":52,"column":4},"end":{"line":52,"column":24}},"10":{"start":{"line":53,"column":4},"end":{"line":53,"column":72}},"11":{"start":{"line":56,"column":2},"end":{"line":61,"column":8}},"12":{"start":{"line":57,"column":4},"end":{"line":60,"column":5}},"13":{"start":{"line":58,"column":6},"end":{"line":58,"column":53}},"14":{"start":{"line":59,"column":6},"end":{"line":59,"column":24}},"15":{"start":{"line":63,"column":2},"end":{"line":124,"column":3}},"16":{"start":{"line":76,"column":12},"end":{"line":113,"column":19}},"17":{"start":{"line":82,"column":20},"end":{"line":82,"column":51}},"18":{"start":{"line":82,"column":45},"end":{"line":82,"column":51}},"19":{"start":{"line":84,"column":20},"end":{"line":84,"column":45}},"20":{"start":{"line":85,"column":20},"end":{"line":85,"column":38}},"21":{"start":{"line":86,"column":20},"end":{"line":86,"column":32}},"22":{"start":{"line":117,"column":34},"end":{"line":117,"column":46}},"23":{"start":{"line":127,"column":15},"end":{"line":233,"column":2}}},"fnMap":{"0":{"name":"OptionPickerModal","decl":{"start":{"line":12,"column":24},"end":{"line":12,"column":41}},"loc":{"start":{"line":36,"column":3},"end":{"line":125,"column":1}},"line":36},"1":{"name":"(anonymous_1)","decl":{"start":{"line":43,"column":21},"end":{"line":43,"column":22}},"loc":{"start":{"line":43,"column":33},"end":{"line":43,"column":105}},"line":43},"2":{"name":"(anonymous_2)","decl":{"start":{"line":50,"column":21},"end":{"line":50,"column":22}},"loc":{"start":{"line":50,"column":27},"end":{"line":54,"column":3}},"line":50},"3":{"name":"(anonymous_3)","decl":{"start":{"line":56,"column":12},"end":{"line":56,"column":13}},"loc":{"start":{"line":56,"column":18},"end":{"line":61,"column":3}},"line":56},"4":{"name":"(anonymous_4)","decl":{"start":{"line":57,"column":11},"end":{"line":57,"column":12}},"loc":{"start":{"line":57,"column":17},"end":{"line":60,"column":5}},"line":57},"5":{"name":"(anonymous_5)","decl":{"start":{"line":75,"column":31},"end":{"line":75,"column":32}},"loc":{"start":{"line":76,"column":12},"end":{"line":113,"column":19}},"line":76},"6":{"name":"(anonymous_6)","decl":{"start":{"line":81,"column":27},"end":{"line":81,"column":28}},"loc":{"start":{"line":81,"column":33},"end":{"line":87,"column":19}},"line":81},"7":{"name":"(anonymous_7)","decl":{"start":{"line":117,"column":28},"end":{"line":117,"column":29}},"loc":{"start":{"line":117,"column":34},"end":{"line":117,"column":46}},"line":117}},"branchMap":{"0":{"loc":{"start":{"line":13,"column":2},"end":{"line":13,"column":21}},"type":"default-arg","locations":[{"start":{"line":13,"column":17},"end":{"line":13,"column":21}}],"line":13},"1":{"loc":{"start":{"line":14,"column":2},"end":{"line":14,"column":17}},"type":"default-arg","locations":[{"start":{"line":14,"column":15},"end":{"line":14,"column":17}}],"line":14},"2":{"loc":{"start":{"line":15,"column":2},"end":{"line":15,"column":16}},"type":"default-arg","locations":[{"start":{"line":15,"column":11},"end":{"line":15,"column":16}}],"line":15},"3":{"loc":{"start":{"line":16,"column":2},"end":{"line":16,"column":26}},"type":"default-arg","locations":[{"start":{"line":16,"column":22},"end":{"line":16,"column":26}}],"line":16},"4":{"loc":{"start":{"line":23,"column":2},"end":{"line":23,"column":27}},"type":"default-arg","locations":[{"start":{"line":23,"column":23},"end":{"line":23,"column":27}}],"line":23},"5":{"loc":{"start":{"line":42,"column":26},"end":{"line":44,"column":13}},"type":"cond-expr","locations":[{"start":{"line":43,"column":6},"end":{"line":43,"column":106}},{"start":{"line":44,"column":6},"end":{"line":44,"column":13}}],"line":42},"6":{"loc":{"start":{"line":68,"column":39},"end":{"line":68,"column":55}},"type":"binary-expr","locations":[{"start":{"line":68,"column":39},"end":{"line":68,"column":49}},{"start":{"line":68,"column":53},"end":{"line":68,"column":55}}],"line":68},"7":{"loc":{"start":{"line":69,"column":74},"end":{"line":69,"column":117}},"type":"cond-expr","locations":[{"start":{"line":69,"column":90},"end":{"line":69,"column":112}},{"start":{"line":69,"column":115},"end":{"line":69,"column":117}}],"line":69},"8":{"loc":{"start":{"line":77,"column":15},"end":{"line":110,"column":15}},"type":"cond-expr","locations":[{"start":{"line":78,"column":16},"end":{"line":78,"column":39}},{"start":{"line":80,"column":16},"end":{"line":109,"column":28}}],"line":77},"9":{"loc":{"start":{"line":82,"column":20},"end":{"line":82,"column":51}},"type":"if","locations":[{"start":{"line":82,"column":20},"end":{"line":82,"column":51}},{"start":{},"end":{}}],"line":82},"10":{"loc":{"start":{"line":98,"column":62},"end":{"line":98,"column":115}},"type":"cond-expr","locations":[{"start":{"line":98,"column":89},"end":{"line":98,"column":110}},{"start":{"line":98,"column":113},"end":{"line":98,"column":115}}],"line":98},"11":{"loc":{"start":{"line":103,"column":21},"end":{"line":107,"column":21}},"type":"cond-expr","locations":[{"start":{"line":104,"column":22},"end":{"line":104,"column":114}},{"start":{"line":106,"column":22},"end":{"line":106,"column":30}}],"line":103},"12":{"loc":{"start":{"line":112,"column":15},"end":{"line":112,"column":113}},"type":"cond-expr","locations":[{"start":{"line":112,"column":64},"end":{"line":112,"column":102}},{"start":{"line":112,"column":105},"end":{"line":112,"column":113}}],"line":112},"13":{"loc":{"start":{"line":112,"column":15},"end":{"line":112,"column":61}},"type":"binary-expr","locations":[{"start":{"line":112,"column":15},"end":{"line":112,"column":32}},{"start":{"line":112,"column":36},"end":{"line":112,"column":61}}],"line":112}},"s":{"0":0,"1":0,"2":0,"3":0,"4":0,"5":0,"6":0,"7":0,"8":0,"9":0,"10":0,"11":0,"12":0,"13":0,"14":0,"15":0,"16":0,"17":0,"18":0,"19":0,"20":0,"21":0,"22":0,"23":0},"f":{"0":0,"1":0,"2":0,"3":0,"4":0,"5":0,"6":0,"7":0},"b":{"0":[0],"1":[0],"2":[0],"3":[0],"4":[0],"5":[0,0],"6":[0,0],"7":[0,0],"8":[0,0],"9":[0,0],"10":[0,0],"11":[0,0],"12":[0,0],"13":[0,0]}}
,"E:\\the_content\\Software\\js_scripts\\ReactNative\\InteractiveScheduleApp\\InteractiveSchedule\\components\\StackHeader.tsx": {"path":"E:\\the_content\\Software\\js_scripts\\ReactNative\\InteractiveScheduleApp\\InteractiveSchedule\\components\\StackHeader.tsx","statementMap":{"0":{"start":{"line":20,"column":21},"end":{"line":20,"column":36}},"1":{"start":{"line":27,"column":24},"end":{"line":27,"column":61}},"2":{"start":{"line":30,"column":21},"end":{"line":30,"column":26}},"3":{"start":{"line":31,"column":2},"end":{"line":46,"column":3}},"4":{"start":{"line":36,"column":27},"end":{"line":36,"column":46}},"5":{"start":{"line":49,"column":15},"end":{"line":70,"column":2}}},"fnMap":{"0":{"name":"StackHeader","decl":{"start":{"line":9,"column":24},"end":{"line":9,"column":35}},"loc":{"start":{"line":19,"column":3},"end":{"line":47,"column":1}},"line":19},"1":{"name":"(anonymous_1)","decl":{"start":{"line":36,"column":21},"end":{"line":36,"column":22}},"loc":{"start":{"line":36,"column":27},"end":{"line":36,"column":46}},"line":36}},"branchMap":{"0":{"loc":{"start":{"line":11,"column":2},"end":{"line":11,"column":24}},"type":"default-arg","locations":[{"start":{"line":11,"column":20},"end":{"line":11,"column":24}}],"line":11},"1":{"loc":{"start":{"line":12,"column":2},"end":{"line":12,"column":22}},"type":"default-arg","locations":[{"start":{"line":12,"column":18},"end":{"line":12,"column":22}}],"line":12},"2":{"loc":{"start":{"line":13,"column":2},"end":{"line":13,"column":27}},"type":"default-arg","locations":[{"start":{"line":13,"column":18},"end":{"line":13,"column":27}}],"line":13},"3":{"loc":{"start":{"line":27,"column":24},"end":{"line":27,"column":61}},"type":"cond-expr","locations":[{"start":{"line":27,"column":42},"end":{"line":27,"column":54}},{"start":{"line":27,"column":57},"end":{"line":27,"column":61}}],"line":27},"4":{"loc":{"start":{"line":32,"column":42},"end":{"line":32,"column":98}},"type":"cond-expr","locations":[{"start":{"line":32,"column":59},"end":{"line":32,"column":93}},{"start":{"line":32,"column":96},"end":{"line":32,"column":98}}],"line":32}},"s":{"0":0,"1":0,"2":0,"3":0,"4":0,"5":0},"f":{"0":0,"1":0},"b":{"0":[0],"1":[0],"2":[0],"3":[0,0],"4":[0,0]}}
,"E:\\the_content\\Software\\js_scripts\\ReactNative\\InteractiveScheduleApp\\InteractiveSchedule\\components\\ScheduleComponents\\ScheduleClass.tsx": {"path":"E:\\the_content\\Software\\js_scripts\\ReactNative\\InteractiveScheduleApp\\InteractiveSchedule\\components\\ScheduleComponents\\ScheduleClass.tsx","statementMap":{"0":{"start":{"line":14,"column":30},"end":{"line":41,"column":1}},"1":{"start":{"line":15,"column":13},"end":{"line":15,"column":15}},"2":{"start":{"line":17,"column":2},"end":{"line":31,"column":3}},"3":{"start":{"line":23,"column":4},"end":{"line":23,"column":13}},"4":{"start":{"line":25,"column":4},"end":{"line":30,"column":5}},"5":{"start":{"line":26,"column":6},"end":{"line":26,"column":39}},"6":{"start":{"line":27,"column":11},"end":{"line":30,"column":5}},"7":{"start":{"line":29,"column":6},"end":{"line":29,"column":50}},"8":{"start":{"line":34,"column":2},"end":{"line":34,"column":40}},"9":{"start":{"line":36,"column":2},"end":{"line":38,"column":3}},"10":{"start":{"line":37,"column":4},"end":{"line":37,"column":30}},"11":{"start":{"line":40,"column":2},"end":{"line":40,"column":13}},"12":{"start":{"line":43,"column":33},"end":{"line":72,"column":1}},"13":{"start":{"line":48,"column":16},"end":{"line":48,"column":18}},"14":{"start":{"line":50,"column":21},"end":{"line":50,"column":52}},"15":{"start":{"line":51,"column":23},"end":{"line":51,"column":52}},"16":{"start":{"line":52,"column":2},"end":{"line":69,"column":3}},"17":{"start":{"line":53,"column":4},"end":{"line":53,"column":19}},"18":{"start":{"line":54,"column":9},"end":{"line":69,"column":3}},"19":{"start":{"line":55,"column":4},"end":{"line":60,"column":5}},"20":{"start":{"line":56,"column":6},"end":{"line":56,"column":68}},"21":{"start":{"line":58,"column":21},"end":{"line":58,"column":96}},"22":{"start":{"line":58,"column":48},"end":{"line":58,"column":95}},"23":{"start":{"line":59,"column":6},"end":{"line":59,"column":35}},"24":{"start":{"line":62,"column":33},"end":{"line":62,"column":100}},"25":{"start":{"line":64,"column":4},"end":{"line":68,"column":5}},"26":{"start":{"line":65,"column":6},"end":{"line":65,"column":65}},"27":{"start":{"line":66,"column":11},"end":{"line":68,"column":5}},"28":{"start":{"line":67,"column":6},"end":{"line":67,"column":75}},"29":{"start":{"line":71,"column":2},"end":{"line":71,"column":16}},"30":{"start":{"line":87,"column":26},"end":{"line":87,"column":44}},"31":{"start":{"line":88,"column":26},"end":{"line":88,"column":73}},"32":{"start":{"line":90,"column":48},"end":{"line":90,"column":74}},"33":{"start":{"line":91,"column":52},"end":{"line":91,"column":78}},"34":{"start":{"line":93,"column":28},"end":{"line":93,"column":49}},"35":{"start":{"line":94,"column":19},"end":{"line":94,"column":46}},"36":{"start":{"line":96,"column":44},"end":{"line":96,"column":59}},"37":{"start":{"line":97,"column":18},"end":{"line":97,"column":44}},"38":{"start":{"line":98,"column":13},"end":{"line":98,"column":67}},"39":{"start":{"line":99,"column":16},"end":{"line":99,"column":78}},"40":{"start":{"line":101,"column":29},"end":{"line":101,"column":98}},"41":{"start":{"line":103,"column":32},"end":{"line":103,"column":47}},"42":{"start":{"line":105,"column":2},"end":{"line":126,"column":8}},"43":{"start":{"line":106,"column":29},"end":{"line":116,"column":13}},"44":{"start":{"line":109,"column":27},"end":{"line":109,"column":60}},"45":{"start":{"line":110,"column":23},"end":{"line":110,"column":48}},"46":{"start":{"line":112,"column":6},"end":{"line":115,"column":7}},"47":{"start":{"line":113,"column":8},"end":{"line":113,"column":50}},"48":{"start":{"line":114,"column":8},"end":{"line":114,"column":20}},"49":{"start":{"line":119,"column":6},"end":{"line":119,"column":58}},"50":{"start":{"line":120,"column":6},"end":{"line":120,"column":22}},"51":{"start":{"line":123,"column":4},"end":{"line":123,"column":10}},"52":{"start":{"line":125,"column":4},"end":{"line":125,"column":48}},"53":{"start":{"line":125,"column":17},"end":{"line":125,"column":48}},"54":{"start":{"line":128,"column":23},"end":{"line":128,"column":81}},"55":{"start":{"line":130,"column":27},"end":{"line":130,"column":44}},"56":{"start":{"line":131,"column":2},"end":{"line":131,"column":59}},"57":{"start":{"line":131,"column":30},"end":{"line":131,"column":59}},"58":{"start":{"line":133,"column":27},"end":{"line":133,"column":44}},"59":{"start":{"line":135,"column":2},"end":{"line":141,"column":3}},"60":{"start":{"line":136,"column":4},"end":{"line":140,"column":5}},"61":{"start":{"line":143,"column":2},"end":{"line":221,"column":3}},"62":{"start":{"line":153,"column":14},"end":{"line":153,"column":36}},"63":{"start":{"line":153,"column":30},"end":{"line":153,"column":36}},"64":{"start":{"line":154,"column":14},"end":{"line":154,"column":50}},"65":{"start":{"line":159,"column":14},"end":{"line":159,"column":36}},"66":{"start":{"line":159,"column":30},"end":{"line":159,"column":36}},"67":{"start":{"line":160,"column":14},"end":{"line":162,"column":16}},"68":{"start":{"line":161,"column":16},"end":{"line":161,"column":77}},"69":{"start":{"line":172,"column":14},"end":{"line":172,"column":36}},"70":{"start":{"line":172,"column":30},"end":{"line":172,"column":36}},"71":{"start":{"line":174,"column":14},"end":{"line":174,"column":54}},"72":{"start":{"line":179,"column":14},"end":{"line":179,"column":36}},"73":{"start":{"line":179,"column":30},"end":{"line":179,"column":36}},"74":{"start":{"line":180,"column":14},"end":{"line":182,"column":16}},"75":{"start":{"line":181,"column":16},"end":{"line":181,"column":78}},"76":{"start":{"line":207,"column":16},"end":{"line":207,"column":38}},"77":{"start":{"line":207,"column":32},"end":{"line":207,"column":38}},"78":{"start":{"line":209,"column":16},"end":{"line":211,"column":18}},"79":{"start":{"line":210,"column":18},"end":{"line":210,"column":81}},"80":{"start":{"line":224,"column":15},"end":{"line":306,"column":2}}},"fnMap":{"0":{"name":"(anonymous_0)","decl":{"start":{"line":14,"column":30},"end":{"line":14,"column":31}},"loc":{"start":{"line":14,"column":98},"end":{"line":41,"column":1}},"line":14},"1":{"name":"(anonymous_1)","decl":{"start":{"line":43,"column":33},"end":{"line":43,"column":34}},"loc":{"start":{"line":47,"column":5},"end":{"line":72,"column":1}},"line":47},"2":{"name":"(anonymous_2)","decl":{"start":{"line":58,"column":40},"end":{"line":58,"column":41}},"loc":{"start":{"line":58,"column":48},"end":{"line":58,"column":95}},"line":58},"3":{"name":"ScheduleClassComponent","decl":{"start":{"line":74,"column":24},"end":{"line":74,"column":46}},"loc":{"start":{"line":86,"column":3},"end":{"line":222,"column":1}},"line":86},"4":{"name":"(anonymous_4)","decl":{"start":{"line":105,"column":12},"end":{"line":105,"column":13}},"loc":{"start":{"line":105,"column":18},"end":{"line":126,"column":3}},"line":105},"5":{"name":"(anonymous_5)","decl":{"start":{"line":106,"column":41},"end":{"line":106,"column":42}},"loc":{"start":{"line":106,"column":47},"end":{"line":116,"column":5}},"line":106},"6":{"name":"init","decl":{"start":{"line":118,"column":19},"end":{"line":118,"column":23}},"loc":{"start":{"line":118,"column":26},"end":{"line":121,"column":5}},"line":118},"7":{"name":"(anonymous_7)","decl":{"start":{"line":125,"column":11},"end":{"line":125,"column":12}},"loc":{"start":{"line":125,"column":17},"end":{"line":125,"column":48}},"line":125},"8":{"name":"(anonymous_8)","decl":{"start":{"line":152,"column":21},"end":{"line":152,"column":22}},"loc":{"start":{"line":152,"column":27},"end":{"line":155,"column":13}},"line":152},"9":{"name":"(anonymous_9)","decl":{"start":{"line":158,"column":25},"end":{"line":158,"column":26}},"loc":{"start":{"line":158,"column":31},"end":{"line":163,"column":13}},"line":158},"10":{"name":"(anonymous_10)","decl":{"start":{"line":160,"column":55},"end":{"line":160,"column":56}},"loc":{"start":{"line":160,"column":61},"end":{"line":162,"column":15}},"line":160},"11":{"name":"(anonymous_11)","decl":{"start":{"line":171,"column":21},"end":{"line":171,"column":22}},"loc":{"start":{"line":171,"column":27},"end":{"line":175,"column":13}},"line":171},"12":{"name":"(anonymous_12)","decl":{"start":{"line":178,"column":25},"end":{"line":178,"column":26}},"loc":{"start":{"line":178,"column":31},"end":{"line":183,"column":13}},"line":178},"13":{"name":"(anonymous_13)","decl":{"start":{"line":180,"column":53},"end":{"line":180,"column":54}},"loc":{"start":{"line":180,"column":59},"end":{"line":182,"column":15}},"line":180},"14":{"name":"(anonymous_14)","decl":{"start":{"line":206,"column":27},"end":{"line":206,"column":28}},"loc":{"start":{"line":206,"column":33},"end":{"line":212,"column":15}},"line":206},"15":{"name":"(anonymous_15)","decl":{"start":{"line":209,"column":52},"end":{"line":209,"column":53}},"loc":{"start":{"line":209,"column":58},"end":{"line":211,"column":17}},"line":209}},"branchMap":{"0":{"loc":{"start":{"line":17,"column":2},"end":{"line":31,"column":3}},"type":"if","locations":[{"start":{"line":17,"column":2},"end":{"line":31,"column":3}},{"start":{"line":24,"column":9},"end":{"line":31,"column":3}}],"line":17},"1":{"loc":{"start":{"line":18,"column":4},"end":{"line":20,"column":43}},"type":"binary-expr","locations":[{"start":{"line":18,"column":4},"end":{"line":18,"column":36}},{"start":{"line":19,"column":4},"end":{"line":19,"column":38}},{"start":{"line":20,"column":4},"end":{"line":20,"column":43}}],"line":18},"2":{"loc":{"start":{"line":25,"column":4},"end":{"line":30,"column":5}},"type":"if","locations":[{"start":{"line":25,"column":4},"end":{"line":30,"column":5}},{"start":{"line":27,"column":11},"end":{"line":30,"column":5}}],"line":25},"3":{"loc":{"start":{"line":27,"column":11},"end":{"line":30,"column":5}},"type":"if","locations":[{"start":{"line":27,"column":11},"end":{"line":30,"column":5}},{"start":{},"end":{}}],"line":27},"4":{"loc":{"start":{"line":36,"column":2},"end":{"line":38,"column":3}},"type":"if","locations":[{"start":{"line":36,"column":2},"end":{"line":38,"column":3}},{"start":{},"end":{}}],"line":36},"5":{"loc":{"start":{"line":52,"column":2},"end":{"line":69,"column":3}},"type":"if","locations":[{"start":{"line":52,"column":2},"end":{"line":69,"column":3}},{"start":{"line":54,"column":9},"end":{"line":69,"column":3}}],"line":52},"6":{"loc":{"start":{"line":54,"column":9},"end":{"line":69,"column":3}},"type":"if","locations":[{"start":{"line":54,"column":9},"end":{"line":69,"column":3}},{"start":{"line":61,"column":9},"end":{"line":69,"column":3}}],"line":54},"7":{"loc":{"start":{"line":55,"column":4},"end":{"line":60,"column":5}},"type":"if","locations":[{"start":{"line":55,"column":4},"end":{"line":60,"column":5}},{"start":{"line":57,"column":11},"end":{"line":60,"column":5}}],"line":55},"8":{"loc":{"start":{"line":62,"column":33},"end":{"line":62,"column":100}},"type":"cond-expr","locations":[{"start":{"line":62,"column":46},"end":{"line":62,"column":69}},{"start":{"line":62,"column":72},"end":{"line":62,"column":100}}],"line":62},"9":{"loc":{"start":{"line":64,"column":4},"end":{"line":68,"column":5}},"type":"if","locations":[{"start":{"line":64,"column":4},"end":{"line":68,"column":5}},{"start":{"line":66,"column":11},"end":{"line":68,"column":5}}],"line":64},"10":{"loc":{"start":{"line":66,"column":11},"end":{"line":68,"column":5}},"type":"if","locations":[{"start":{"line":66,"column":11},"end":{"line":68,"column":5}},{"start":{},"end":{}}],"line":66},"11":{"loc":{"start":{"line":78,"column":2},"end":{"line":78,"column":20}},"type":"default-arg","locations":[{"start":{"line":78,"column":15},"end":{"line":78,"column":20}}],"line":78},"12":{"loc":{"start":{"line":79,"column":2},"end":{"line":79,"column":28}},"type":"default-arg","locations":[{"start":{"line":79,"column":23},"end":{"line":79,"column":28}}],"line":79},"13":{"loc":{"start":{"line":101,"column":29},"end":{"line":101,"column":98}},"type":"binary-expr","locations":[{"start":{"line":101,"column":29},"end":{"line":101,"column":39}},{"start":{"line":101,"column":43},"end":{"line":101,"column":98}}],"line":101},"14":{"loc":{"start":{"line":112,"column":6},"end":{"line":115,"column":7}},"type":"if","locations":[{"start":{"line":112,"column":6},"end":{"line":115,"column":7}},{"start":{},"end":{}}],"line":112},"15":{"loc":{"start":{"line":131,"column":2},"end":{"line":131,"column":59}},"type":"if","locations":[{"start":{"line":131,"column":2},"end":{"line":131,"column":59}},{"start":{},"end":{}}],"line":131},"16":{"loc":{"start":{"line":135,"column":2},"end":{"line":141,"column":3}},"type":"if","locations":[{"start":{"line":135,"column":2},"end":{"line":141,"column":3}},{"start":{},"end":{}}],"line":135},"17":{"loc":{"start":{"line":145,"column":51},"end":{"line":145,"column":114}},"type":"cond-expr","locations":[{"start":{"line":145,"column":90},"end":{"line":145,"column":109}},{"start":{"line":145,"column":112},"end":{"line":145,"column":114}}],"line":145},"18":{"loc":{"start":{"line":145,"column":51},"end":{"line":145,"column":87}},"type":"binary-expr","locations":[{"start":{"line":145,"column":51},"end":{"line":145,"column":65}},{"start":{"line":145,"column":69},"end":{"line":145,"column":87}}],"line":145},"19":{"loc":{"start":{"line":153,"column":14},"end":{"line":153,"column":36}},"type":"if","locations":[{"start":{"line":153,"column":14},"end":{"line":153,"column":36}},{"start":{},"end":{}}],"line":153},"20":{"loc":{"start":{"line":159,"column":14},"end":{"line":159,"column":36}},"type":"if","locations":[{"start":{"line":159,"column":14},"end":{"line":159,"column":36}},{"start":{},"end":{}}],"line":159},"21":{"loc":{"start":{"line":164,"column":42},"end":{"line":164,"column":81}},"type":"cond-expr","locations":[{"start":{"line":164,"column":61},"end":{"line":164,"column":76}},{"start":{"line":164,"column":79},"end":{"line":164,"column":81}}],"line":164},"22":{"loc":{"start":{"line":166,"column":27},"end":{"line":166,"column":51}},"type":"cond-expr","locations":[{"start":{"line":166,"column":46},"end":{"line":166,"column":47}},{"start":{"line":166,"column":50},"end":{"line":166,"column":51}}],"line":166},"23":{"loc":{"start":{"line":172,"column":14},"end":{"line":172,"column":36}},"type":"if","locations":[{"start":{"line":172,"column":14},"end":{"line":172,"column":36}},{"start":{},"end":{}}],"line":172},"24":{"loc":{"start":{"line":179,"column":14},"end":{"line":179,"column":36}},"type":"if","locations":[{"start":{"line":179,"column":14},"end":{"line":179,"column":36}},{"start":{},"end":{}}],"line":179},"25":{"loc":{"start":{"line":184,"column":44},"end":{"line":184,"column":115}},"type":"cond-expr","locations":[{"start":{"line":184,"column":88},"end":{"line":184,"column":110}},{"start":{"line":184,"column":113},"end":{"line":184,"column":115}}],"line":184},"26":{"loc":{"start":{"line":184,"column":44},"end":{"line":184,"column":85}},"type":"binary-expr","locations":[{"start":{"line":184,"column":44},"end":{"line":184,"column":65}},{"start":{"line":184,"column":69},"end":{"line":184,"column":85}}],"line":184},"27":{"loc":{"start":{"line":186,"column":27},"end":{"line":186,"column":53}},"type":"cond-expr","locations":[{"start":{"line":186,"column":48},"end":{"line":186,"column":49}},{"start":{"line":186,"column":52},"end":{"line":186,"column":53}}],"line":186},"28":{"loc":{"start":{"line":194,"column":14},"end":{"line":196,"column":40}},"type":"cond-expr","locations":[{"start":{"line":195,"column":18},"end":{"line":195,"column":44}},{"start":{"line":196,"column":18},"end":{"line":196,"column":40}}],"line":194},"29":{"loc":{"start":{"line":194,"column":14},"end":{"line":194,"column":87}},"type":"binary-expr","locations":[{"start":{"line":194,"column":14},"end":{"line":194,"column":67}},{"start":{"line":194,"column":71},"end":{"line":194,"column":87}}],"line":194},"30":{"loc":{"start":{"line":204,"column":23},"end":{"line":204,"column":94}},"type":"cond-expr","locations":[{"start":{"line":204,"column":43},"end":{"line":204,"column":69}},{"start":{"line":204,"column":72},"end":{"line":204,"column":94}}],"line":204},"31":{"loc":{"start":{"line":207,"column":16},"end":{"line":207,"column":38}},"type":"if","locations":[{"start":{"line":207,"column":16},"end":{"line":207,"column":38}},{"start":{},"end":{}}],"line":207}},"s":{"0":0,"1":0,"2":0,"3":0,"4":0,"5":0,"6":0,"7":0,"8":0,"9":0,"10":0,"11":0,"12":0,"13":0,"14":0,"15":0,"16":0,"17":0,"18":0,"19":0,"20":0,"21":0,"22":0,"23":0,"24":0,"25":0,"26":0,"27":0,"28":0,"29":0,"30":0,"31":0,"32":0,"33":0,"34":0,"35":0,"36":0,"37":0,"38":0,"39":0,"40":0,"41":0,"42":0,"43":0,"44":0,"45":0,"46":0,"47":0,"48":0,"49":0,"50":0,"51":0,"52":0,"53":0,"54":0,"55":0,"56":0,"57":0,"58":0,"59":0,"60":0,"61":0,"62":0,"63":0,"64":0,"65":0,"66":0,"67":0,"68":0,"69":0,"70":0,"71":0,"72":0,"73":0,"74":0,"75":0,"76":0,"77":0,"78":0,"79":0,"80":0},"f":{"0":0,"1":0,"2":0,"3":0,"4":0,"5":0,"6":0,"7":0,"8":0,"9":0,"10":0,"11":0,"12":0,"13":0,"14":0,"15":0},"b":{"0":[0,0],"1":[0,0,0],"2":[0,0],"3":[0,0],"4":[0,0],"5":[0,0],"6":[0,0],"7":[0,0],"8":[0,0],"9":[0,0],"10":[0,0],"11":[0],"12":[0],"13":[0,0],"14":[0,0],"15":[0,0],"16":[0,0],"17":[0,0],"18":[0,0],"19":[0,0],"20":[0,0],"21":[0,0],"22":[0,0],"23":[0,0],"24":[0,0],"25":[0,0],"26":[0,0],"27":[0,0],"28":[0,0],"29":[0,0],"30":[0,0],"31":[0,0]}}
,"E:\\the_content\\Software\\js_scripts\\ReactNative\\InteractiveScheduleApp\\InteractiveSchedule\\components\\ScheduleComponents\\ScheduleDay.tsx": {"path":"E:\\the_content\\Software\\js_scripts\\ReactNative\\InteractiveScheduleApp\\InteractiveSchedule\\components\\ScheduleComponents\\ScheduleDay.tsx","statementMap":{"0":{"start":{"line":47,"column":2},"end":{"line":58,"column":3}},"1":{"start":{"line":48,"column":4},"end":{"line":57,"column":5}},"2":{"start":{"line":60,"column":19},"end":{"line":60,"column":46}},"3":{"start":{"line":62,"column":41},"end":{"line":68,"column":3}},"4":{"start":{"line":64,"column":40},"end":{"line":64,"column":88}},"5":{"start":{"line":65,"column":6},"end":{"line":65,"column":84}},"6":{"start":{"line":70,"column":19},"end":{"line":70,"column":34}},"7":{"start":{"line":72,"column":30},"end":{"line":72,"column":59}},"8":{"start":{"line":73,"column":21},"end":{"line":73,"column":76}},"9":{"start":{"line":76,"column":4},"end":{"line":76,"column":40}},"10":{"start":{"line":77,"column":26},"end":{"line":77,"column":40}},"11":{"start":{"line":78,"column":37},"end":{"line":78,"column":88}},"12":{"start":{"line":78,"column":64},"end":{"line":78,"column":87}},"13":{"start":{"line":80,"column":18},"end":{"line":80,"column":94}},"14":{"start":{"line":80,"column":61},"end":{"line":80,"column":93}},"15":{"start":{"line":83,"column":37},"end":{"line":85,"column":5}},"16":{"start":{"line":84,"column":18},"end":{"line":84,"column":66}},"17":{"start":{"line":87,"column":4},"end":{"line":87,"column":85}},"18":{"start":{"line":89,"column":4},"end":{"line":91,"column":6}},"19":{"start":{"line":90,"column":6},"end":{"line":90,"column":44}},"20":{"start":{"line":93,"column":4},"end":{"line":97,"column":6}},"21":{"start":{"line":94,"column":6},"end":{"line":96,"column":7}},"22":{"start":{"line":95,"column":8},"end":{"line":95,"column":55}},"23":{"start":{"line":102,"column":2},"end":{"line":104,"column":25}},"24":{"start":{"line":103,"column":4},"end":{"line":103,"column":50}},"25":{"start":{"line":106,"column":2},"end":{"line":108,"column":8}},"26":{"start":{"line":107,"column":4},"end":{"line":107,"column":50}},"27":{"start":{"line":111,"column":4},"end":{"line":113,"column":5}},"28":{"start":{"line":112,"column":6},"end":{"line":112,"column":20}},"29":{"start":{"line":115,"column":45},"end":{"line":115,"column":111}},"30":{"start":{"line":116,"column":4},"end":{"line":125,"column":6}},"31":{"start":{"line":117,"column":19},"end":{"line":117,"column":68}},"32":{"start":{"line":117,"column":44},"end":{"line":117,"column":67}},"33":{"start":{"line":118,"column":43},"end":{"line":118,"column":62}},"34":{"start":{"line":120,"column":6},"end":{"line":124,"column":7}},"35":{"start":{"line":121,"column":8},"end":{"line":121,"column":88}},"36":{"start":{"line":123,"column":8},"end":{"line":123,"column":21}},"37":{"start":{"line":127,"column":4},"end":{"line":127,"column":28}},"38":{"start":{"line":131,"column":24},"end":{"line":131,"column":65}},"39":{"start":{"line":133,"column":2},"end":{"line":262,"column":3}},"40":{"start":{"line":146,"column":34},"end":{"line":146,"column":61}},"41":{"start":{"line":149,"column":12},"end":{"line":152,"column":14}},"42":{"start":{"line":150,"column":14},"end":{"line":150,"column":36}},"43":{"start":{"line":151,"column":14},"end":{"line":151,"column":27}},"44":{"start":{"line":155,"column":12},"end":{"line":155,"column":28}},"45":{"start":{"line":156,"column":12},"end":{"line":156,"column":35}},"46":{"start":{"line":159,"column":12},"end":{"line":163,"column":13}},"47":{"start":{"line":168,"column":12},"end":{"line":168,"column":117}},"48":{"start":{"line":171,"column":25},"end":{"line":171,"column":29}},"49":{"start":{"line":172,"column":22},"end":{"line":172,"column":36}},"50":{"start":{"line":176,"column":14},"end":{"line":184,"column":16}},"51":{"start":{"line":187,"column":42},"end":{"line":192,"column":13}},"52":{"start":{"line":188,"column":36},"end":{"line":188,"column":87}},"53":{"start":{"line":188,"column":63},"end":{"line":188,"column":86}},"54":{"start":{"line":189,"column":52},"end":{"line":189,"column":84}},"55":{"start":{"line":190,"column":14},"end":{"line":190,"column":57}},"56":{"start":{"line":191,"column":14},"end":{"line":191,"column":64}},"57":{"start":{"line":196,"column":14},"end":{"line":254,"column":30}},"58":{"start":{"line":200,"column":18},"end":{"line":204,"column":20}},"59":{"start":{"line":202,"column":22},"end":{"line":202,"column":45}},"60":{"start":{"line":213,"column":20},"end":{"line":248,"column":22}},"61":{"start":{"line":217,"column":45},"end":{"line":243,"column":26}},"62":{"start":{"line":218,"column":26},"end":{"line":242,"column":27}},"63":{"start":{"line":220,"column":42},"end":{"line":220,"column":96}},"64":{"start":{"line":220,"column":87},"end":{"line":220,"column":95}},"65":{"start":{"line":221,"column":39},"end":{"line":221,"column":90}},"66":{"start":{"line":221,"column":81},"end":{"line":221,"column":89}},"67":{"start":{"line":223,"column":30},"end":{"line":223,"column":118}},"68":{"start":{"line":225,"column":46},"end":{"line":225,"column":63}},"69":{"start":{"line":228,"column":28},"end":{"line":234,"column":29}},"70":{"start":{"line":229,"column":30},"end":{"line":229,"column":74}},"71":{"start":{"line":230,"column":30},"end":{"line":230,"column":80}},"72":{"start":{"line":231,"column":30},"end":{"line":231,"column":60}},"73":{"start":{"line":233,"column":30},"end":{"line":233,"column":58}},"74":{"start":{"line":236,"column":28},"end":{"line":239,"column":29}},"75":{"start":{"line":241,"column":28},"end":{"line":241,"column":41}},"76":{"start":{"line":245,"column":24},"end":{"line":245,"column":50}},"77":{"start":{"line":246,"column":24},"end":{"line":246,"column":57}},"78":{"start":{"line":257,"column":12},"end":{"line":257,"column":100}},"79":{"start":{"line":265,"column":15},"end":{"line":312,"column":2}}},"fnMap":{"0":{"name":"ScheduleDayComponent","decl":{"start":{"line":28,"column":24},"end":{"line":28,"column":44}},"loc":{"start":{"line":46,"column":16},"end":{"line":263,"column":1}},"line":46},"1":{"name":"(anonymous_1)","decl":{"start":{"line":63,"column":15},"end":{"line":63,"column":16}},"loc":{"start":{"line":63,"column":42},"end":{"line":66,"column":5}},"line":63},"2":{"name":"saveEditedClasses","decl":{"start":{"line":75,"column":11},"end":{"line":75,"column":28}},"loc":{"start":{"line":75,"column":55},"end":{"line":98,"column":3}},"line":75},"3":{"name":"(anonymous_3)","decl":{"start":{"line":78,"column":52},"end":{"line":78,"column":53}},"loc":{"start":{"line":78,"column":64},"end":{"line":78,"column":87}},"line":78},"4":{"name":"(anonymous_4)","decl":{"start":{"line":80,"column":52},"end":{"line":80,"column":53}},"loc":{"start":{"line":80,"column":61},"end":{"line":80,"column":93}},"line":80},"5":{"name":"(anonymous_5)","decl":{"start":{"line":84,"column":6},"end":{"line":84,"column":7}},"loc":{"start":{"line":84,"column":18},"end":{"line":84,"column":66}},"line":84},"6":{"name":"(anonymous_6)","decl":{"start":{"line":89,"column":45},"end":{"line":89,"column":46}},"loc":{"start":{"line":89,"column":59},"end":{"line":91,"column":5}},"line":89},"7":{"name":"(anonymous_7)","decl":{"start":{"line":93,"column":39},"end":{"line":93,"column":40}},"loc":{"start":{"line":93,"column":53},"end":{"line":97,"column":5}},"line":93},"8":{"name":"(anonymous_8)","decl":{"start":{"line":102,"column":12},"end":{"line":102,"column":13}},"loc":{"start":{"line":102,"column":18},"end":{"line":104,"column":3}},"line":102},"9":{"name":"(anonymous_9)","decl":{"start":{"line":106,"column":12},"end":{"line":106,"column":13}},"loc":{"start":{"line":106,"column":18},"end":{"line":108,"column":3}},"line":106},"10":{"name":"addPlaceholders","decl":{"start":{"line":110,"column":11},"end":{"line":110,"column":26}},"loc":{"start":{"line":110,"column":53},"end":{"line":128,"column":3}},"line":110},"11":{"name":"(anonymous_11)","decl":{"start":{"line":116,"column":46},"end":{"line":116,"column":47}},"loc":{"start":{"line":116,"column":58},"end":{"line":125,"column":5}},"line":116},"12":{"name":"(anonymous_12)","decl":{"start":{"line":117,"column":32},"end":{"line":117,"column":33}},"loc":{"start":{"line":117,"column":44},"end":{"line":117,"column":67}},"line":117},"13":{"name":"(anonymous_13)","decl":{"start":{"line":146,"column":24},"end":{"line":146,"column":25}},"loc":{"start":{"line":146,"column":34},"end":{"line":146,"column":61}},"line":146},"14":{"name":"(anonymous_14)","decl":{"start":{"line":147,"column":21},"end":{"line":147,"column":22}},"loc":{"start":{"line":147,"column":35},"end":{"line":157,"column":11}},"line":147},"15":{"name":"(anonymous_15)","decl":{"start":{"line":149,"column":28},"end":{"line":149,"column":29}},"loc":{"start":{"line":149,"column":45},"end":{"line":152,"column":13}},"line":149},"16":{"name":"(anonymous_16)","decl":{"start":{"line":158,"column":30},"end":{"line":158,"column":31}},"loc":{"start":{"line":158,"column":36},"end":{"line":164,"column":11}},"line":158},"17":{"name":"(anonymous_17)","decl":{"start":{"line":167,"column":34},"end":{"line":167,"column":35}},"loc":{"start":{"line":167,"column":40},"end":{"line":169,"column":11}},"line":167},"18":{"name":"(anonymous_18)","decl":{"start":{"line":170,"column":22},"end":{"line":170,"column":23}},"loc":{"start":{"line":170,"column":52},"end":{"line":258,"column":11}},"line":170},"19":{"name":"(anonymous_19)","decl":{"start":{"line":187,"column":42},"end":{"line":187,"column":43}},"loc":{"start":{"line":187,"column":48},"end":{"line":192,"column":13}},"line":187},"20":{"name":"(anonymous_20)","decl":{"start":{"line":188,"column":51},"end":{"line":188,"column":52}},"loc":{"start":{"line":188,"column":63},"end":{"line":188,"column":86}},"line":188},"21":{"name":"(anonymous_21)","decl":{"start":{"line":199,"column":36},"end":{"line":199,"column":37}},"loc":{"start":{"line":200,"column":18},"end":{"line":204,"column":20}},"line":200},"22":{"name":"(anonymous_22)","decl":{"start":{"line":201,"column":41},"end":{"line":201,"column":42}},"loc":{"start":{"line":201,"column":47},"end":{"line":203,"column":21}},"line":201},"23":{"name":"(anonymous_23)","decl":{"start":{"line":212,"column":27},"end":{"line":212,"column":28}},"loc":{"start":{"line":212,"column":34},"end":{"line":249,"column":19}},"line":212},"24":{"name":"(anonymous_24)","decl":{"start":{"line":216,"column":41},"end":{"line":216,"column":42}},"loc":{"start":{"line":216,"column":73},"end":{"line":247,"column":23}},"line":216},"25":{"name":"(anonymous_25)","decl":{"start":{"line":217,"column":57},"end":{"line":217,"column":58}},"loc":{"start":{"line":217,"column":69},"end":{"line":243,"column":25}},"line":217},"26":{"name":"(anonymous_26)","decl":{"start":{"line":220,"column":72},"end":{"line":220,"column":73}},"loc":{"start":{"line":220,"column":87},"end":{"line":220,"column":95}},"line":220},"27":{"name":"(anonymous_27)","decl":{"start":{"line":221,"column":66},"end":{"line":221,"column":67}},"loc":{"start":{"line":221,"column":81},"end":{"line":221,"column":89}},"line":221}},"branchMap":{"0":{"loc":{"start":{"line":34,"column":2},"end":{"line":34,"column":26}},"type":"default-arg","locations":[{"start":{"line":34,"column":13},"end":{"line":34,"column":26}}],"line":34},"1":{"loc":{"start":{"line":36,"column":2},"end":{"line":36,"column":20}},"type":"default-arg","locations":[{"start":{"line":36,"column":15},"end":{"line":36,"column":20}}],"line":36},"2":{"loc":{"start":{"line":47,"column":2},"end":{"line":58,"column":3}},"type":"if","locations":[{"start":{"line":47,"column":2},"end":{"line":58,"column":3}},{"start":{},"end":{}}],"line":47},"3":{"loc":{"start":{"line":84,"column":18},"end":{"line":84,"column":66}},"type":"binary-expr","locations":[{"start":{"line":84,"column":18},"end":{"line":84,"column":35}},{"start":{"line":84,"column":39},"end":{"line":84,"column":66}}],"line":84},"4":{"loc":{"start":{"line":94,"column":6},"end":{"line":96,"column":7}},"type":"if","locations":[{"start":{"line":94,"column":6},"end":{"line":96,"column":7}},{"start":{},"end":{}}],"line":94},"5":{"loc":{"start":{"line":111,"column":4},"end":{"line":113,"column":5}},"type":"if","locations":[{"start":{"line":111,"column":4},"end":{"line":113,"column":5}},{"start":{},"end":{}}],"line":111},"6":{"loc":{"start":{"line":120,"column":6},"end":{"line":124,"column":7}},"type":"if","locations":[{"start":{"line":120,"column":6},"end":{"line":124,"column":7}},{"start":{"line":122,"column":13},"end":{"line":124,"column":7}}],"line":120},"7":{"loc":{"start":{"line":131,"column":24},"end":{"line":131,"column":65}},"type":"cond-expr","locations":[{"start":{"line":131,"column":37},"end":{"line":131,"column":54}},{"start":{"line":131,"column":57},"end":{"line":131,"column":65}}],"line":131},"8":{"loc":{"start":{"line":139,"column":10},"end":{"line":141,"column":16}},"type":"cond-expr","locations":[{"start":{"line":140,"column":14},"end":{"line":140,"column":42}},{"start":{"line":141,"column":14},"end":{"line":141,"column":16}}],"line":139},"9":{"loc":{"start":{"line":139,"column":10},"end":{"line":139,"column":90}},"type":"binary-expr","locations":[{"start":{"line":139,"column":10},"end":{"line":139,"column":29}},{"start":{"line":139,"column":33},"end":{"line":139,"column":90}}],"line":139},"10":{"loc":{"start":{"line":218,"column":26},"end":{"line":242,"column":27}},"type":"if","locations":[{"start":{"line":218,"column":26},"end":{"line":242,"column":27}},{"start":{"line":240,"column":33},"end":{"line":242,"column":27}}],"line":218},"11":{"loc":{"start":{"line":223,"column":30},"end":{"line":223,"column":118}},"type":"cond-expr","locations":[{"start":{"line":223,"column":69},"end":{"line":223,"column":98}},{"start":{"line":223,"column":101},"end":{"line":223,"column":118}}],"line":223},"12":{"loc":{"start":{"line":228,"column":28},"end":{"line":234,"column":29}},"type":"if","locations":[{"start":{"line":228,"column":28},"end":{"line":234,"column":29}},{"start":{},"end":{}}],"line":228},"13":{"loc":{"start":{"line":228,"column":32},"end":{"line":228,"column":58}},"type":"binary-expr","locations":[{"start":{"line":228,"column":32},"end":{"line":228,"column":44}},{"start":{"line":228,"column":48},"end":{"line":228,"column":58}}],"line":228},"14":{"loc":{"start":{"line":257,"column":26},"end":{"line":257,"column":92}},"type":"cond-expr","locations":[{"start":{"line":257,"column":39},"end":{"line":257,"column":67}},{"start":{"line":257,"column":70},"end":{"line":257,"column":92}}],"line":257}},"s":{"0":0,"1":0,"2":0,"3":0,"4":0,"5":0,"6":0,"7":0,"8":0,"9":0,"10":0,"11":0,"12":0,"13":0,"14":0,"15":0,"16":0,"17":0,"18":0,"19":0,"20":0,"21":0,"22":0,"23":0,"24":0,"25":0,"26":0,"27":0,"28":0,"29":0,"30":0,"31":0,"32":0,"33":0,"34":0,"35":0,"36":0,"37":0,"38":0,"39":0,"40":0,"41":0,"42":0,"43":0,"44":0,"45":0,"46":0,"47":0,"48":0,"49":0,"50":0,"51":0,"52":0,"53":0,"54":0,"55":0,"56":0,"57":0,"58":0,"59":0,"60":0,"61":0,"62":0,"63":0,"64":0,"65":0,"66":0,"67":0,"68":0,"69":0,"70":0,"71":0,"72":0,"73":0,"74":0,"75":0,"76":0,"77":0,"78":0,"79":0},"f":{"0":0,"1":0,"2":0,"3":0,"4":0,"5":0,"6":0,"7":0,"8":0,"9":0,"10":0,"11":0,"12":0,"13":0,"14":0,"15":0,"16":0,"17":0,"18":0,"19":0,"20":0,"21":0,"22":0,"23":0,"24":0,"25":0,"26":0,"27":0},"b":{"0":[0],"1":[0],"2":[0,0],"3":[0,0],"4":[0,0],"5":[0,0],"6":[0,0],"7":[0,0],"8":[0,0],"9":[0,0],"10":[0,0],"11":[0,0],"12":[0,0],"13":[0,0],"14":[0,0]}}
,"E:\\the_content\\Software\\js_scripts\\ReactNative\\InteractiveScheduleApp\\InteractiveSchedule\\components\\ScheduleComponents\\ScheduleHeader.tsx": {"path":"E:\\the_content\\Software\\js_scripts\\ReactNative\\InteractiveScheduleApp\\InteractiveSchedule\\components\\ScheduleComponents\\ScheduleHeader.tsx","statementMap":{"0":{"start":{"line":22,"column":22},"end":{"line":22,"column":37}},"1":{"start":{"line":24,"column":34},"end":{"line":24,"column":73}},"2":{"start":{"line":25,"column":30},"end":{"line":25,"column":89}},"3":{"start":{"line":26,"column":2},"end":{"line":26,"column":55}},"4":{"start":{"line":27,"column":2},"end":{"line":27,"column":79}},"5":{"start":{"line":30,"column":21},"end":{"line":30,"column":40}},"6":{"start":{"line":31,"column":2},"end":{"line":84,"column":3}},"7":{"start":{"line":37,"column":29},"end":{"line":37,"column":53}},"8":{"start":{"line":58,"column":18},"end":{"line":58,"column":38}},"9":{"start":{"line":59,"column":18},"end":{"line":59,"column":32}},"10":{"start":{"line":72,"column":18},"end":{"line":72,"column":38}},"11":{"start":{"line":73,"column":18},"end":{"line":73,"column":32}},"12":{"start":{"line":86,"column":19},"end":{"line":91,"column":2}},"13":{"start":{"line":93,"column":15},"end":{"line":156,"column":2}}},"fnMap":{"0":{"name":"ScheduleHeader","decl":{"start":{"line":15,"column":24},"end":{"line":15,"column":38}},"loc":{"start":{"line":21,"column":3},"end":{"line":85,"column":1}},"line":21},"1":{"name":"(anonymous_1)","decl":{"start":{"line":37,"column":23},"end":{"line":37,"column":24}},"loc":{"start":{"line":37,"column":29},"end":{"line":37,"column":53}},"line":37},"2":{"name":"(anonymous_2)","decl":{"start":{"line":57,"column":25},"end":{"line":57,"column":26}},"loc":{"start":{"line":57,"column":31},"end":{"line":60,"column":17}},"line":57},"3":{"name":"(anonymous_3)","decl":{"start":{"line":70,"column":25},"end":{"line":70,"column":26}},"loc":{"start":{"line":70,"column":31},"end":{"line":74,"column":17}},"line":70}},"branchMap":{"0":{"loc":{"start":{"line":25,"column":30},"end":{"line":25,"column":89}},"type":"cond-expr","locations":[{"start":{"line":25,"column":64},"end":{"line":25,"column":75}},{"start":{"line":25,"column":78},"end":{"line":25,"column":89}}],"line":25},"1":{"loc":{"start":{"line":51,"column":16},"end":{"line":51,"column":82}},"type":"cond-expr","locations":[{"start":{"line":51,"column":53},"end":{"line":51,"column":77}},{"start":{"line":51,"column":80},"end":{"line":51,"column":82}}],"line":51},"2":{"loc":{"start":{"line":56,"column":45},"end":{"line":56,"column":106}},"type":"cond-expr","locations":[{"start":{"line":56,"column":82},"end":{"line":56,"column":101}},{"start":{"line":56,"column":104},"end":{"line":56,"column":106}}],"line":56},"3":{"loc":{"start":{"line":67,"column":48},"end":{"line":67,"column":114}},"type":"cond-expr","locations":[{"start":{"line":67,"column":85},"end":{"line":67,"column":109}},{"start":{"line":67,"column":112},"end":{"line":67,"column":114}}],"line":67},"4":{"loc":{"start":{"line":75,"column":45},"end":{"line":75,"column":106}},"type":"cond-expr","locations":[{"start":{"line":75,"column":82},"end":{"line":75,"column":101}},{"start":{"line":75,"column":104},"end":{"line":75,"column":106}}],"line":75}},"s":{"0":0,"1":0,"2":0,"3":0,"4":0,"5":0,"6":0,"7":0,"8":0,"9":0,"10":0,"11":0,"12":0,"13":0},"f":{"0":0,"1":0,"2":0,"3":0},"b":{"0":[0,0],"1":[0,0],"2":[0,0],"3":[0,0],"4":[0,0]}}
,"E:\\the_content\\Software\\js_scripts\\ReactNative\\InteractiveScheduleApp\\InteractiveSchedule\\components\\ScheduleComponents\\ScheduleText.tsx": {"path":"E:\\the_content\\Software\\js_scripts\\ReactNative\\InteractiveScheduleApp\\InteractiveSchedule\\components\\ScheduleComponents\\ScheduleText.tsx","statementMap":{"0":{"start":{"line":8,"column":2},"end":{"line":20,"column":3}},"1":{"start":{"line":23,"column":15},"end":{"line":30,"column":2}}},"fnMap":{"0":{"name":"ScheduleText","decl":{"start":{"line":7,"column":24},"end":{"line":7,"column":36}},"loc":{"start":{"line":7,"column":55},"end":{"line":21,"column":1}},"line":7}},"branchMap":{},"s":{"0":0,"1":0},"f":{"0":0},"b":{}}
,"E:\\the_content\\Software\\js_scripts\\ReactNative\\InteractiveScheduleApp\\InteractiveSchedule\\components\\ScheduleEditorComponents\\ScheduleClassUnderlay.tsx": {"path":"E:\\the_content\\Software\\js_scripts\\ReactNative\\InteractiveScheduleApp\\InteractiveSchedule\\components\\ScheduleEditorComponents\\ScheduleClassUnderlay.tsx","statementMap":{"0":{"start":{"line":15,"column":20},"end":{"line":15,"column":50}},"1":{"start":{"line":17,"column":2},"end":{"line":30,"column":3}},"2":{"start":{"line":22,"column":12},"end":{"line":22,"column":33}},"3":{"start":{"line":23,"column":12},"end":{"line":23,"column":19}},"4":{"start":{"line":33,"column":15},"end":{"line":43,"column":2}}},"fnMap":{"0":{"name":"UnderlayRightSide","decl":{"start":{"line":10,"column":24},"end":{"line":10,"column":41}},"loc":{"start":{"line":14,"column":3},"end":{"line":31,"column":1}},"line":14},"1":{"name":"(anonymous_1)","decl":{"start":{"line":21,"column":19},"end":{"line":21,"column":20}},"loc":{"start":{"line":21,"column":26},"end":{"line":24,"column":11}},"line":21}},"branchMap":{},"s":{"0":0,"1":0,"2":0,"3":0,"4":0},"f":{"0":0,"1":0},"b":{}}
,"E:\\the_content\\Software\\js_scripts\\ReactNative\\InteractiveScheduleApp\\InteractiveSchedule\\components\\templates\\FunctionalComponentTemplate.tsx": {"path":"E:\\the_content\\Software\\js_scripts\\ReactNative\\InteractiveScheduleApp\\InteractiveSchedule\\components\\templates\\FunctionalComponentTemplate.tsx","statementMap":{"0":{"start":{"line":5,"column":2},"end":{"line":9,"column":3}},"1":{"start":{"line":12,"column":15},"end":{"line":16,"column":2}}},"fnMap":{"0":{"name":"FunctionalComponentTemplate","decl":{"start":{"line":4,"column":24},"end":{"line":4,"column":51}},"loc":{"start":{"line":4,"column":54},"end":{"line":10,"column":1}},"line":4}},"branchMap":{},"s":{"0":0,"1":0},"f":{"0":0},"b":{}}
,"E:\\the_content\\Software\\js_scripts\\ReactNative\\InteractiveScheduleApp\\InteractiveSchedule\\constants\\Colors.ts": {"path":"E:\\the_content\\Software\\js_scripts\\ReactNative\\InteractiveScheduleApp\\InteractiveSchedule\\constants\\Colors.ts","statementMap":{"0":{"start":{"line":1,"column":23},"end":{"line":1,"column":32}},"1":{"start":{"line":2,"column":22},"end":{"line":2,"column":28}}},"fnMap":{},"branchMap":{},"s":{"0":0,"1":0},"f":{},"b":{}}
,"E:\\the_content\\Software\\js_scripts\\ReactNative\\InteractiveScheduleApp\\InteractiveSchedule\\constants\\Constants.ts": {"path":"E:\\the_content\\Software\\js_scripts\\ReactNative\\InteractiveScheduleApp\\InteractiveSchedule\\constants\\Constants.ts","statementMap":{"0":{"start":{"line":4,"column":51},"end":{"line":11,"column":1}},"1":{"start":{"line":13,"column":34},"end":{"line":20,"column":1}},"2":{"start":{"line":22,"column":40},"end":{"line":22,"column":76}}},"fnMap":{},"branchMap":{},"s":{"0":1,"1":1,"2":1},"f":{},"b":{},"_coverageSchema":"1a1c01bbd47fc00a2c39e90264f33305004495a9","hash":"72c979954c60d23d3017e99f9989f2e63347533f"}
,"E:\\the_content\\Software\\js_scripts\\ReactNative\\InteractiveScheduleApp\\InteractiveSchedule\\constants\\Contacts.tsx": {"path":"E:\\the_content\\Software\\js_scripts\\ReactNative\\InteractiveScheduleApp\\InteractiveSchedule\\constants\\Contacts.tsx","statementMap":{"0":{"start":{"line":16,"column":19},"end":{"line":22,"column":1}},"1":{"start":{"line":25,"column":31},"end":{"line":30,"column":2}},"2":{"start":{"line":26,"column":2},"end":{"line":29,"column":3}},"3":{"start":{"line":33,"column":48},"end":{"line":48,"column":1}},"4":{"start":{"line":51,"column":60},"end":{"line":71,"column":1}},"5":{"start":{"line":74,"column":83},"end":{"line":90,"column":1}},"6":{"start":{"line":93,"column":58},"end":{"line":113,"column":1}},"7":{"start":{"line":116,"column":49},"end":{"line":126,"column":1}},"8":{"start":{"line":129,"column":66},"end":{"line":144,"column":1}},"9":{"start":{"line":147,"column":51},"end":{"line":162,"column":1}},"10":{"start":{"line":165,"column":53},"end":{"line":172,"column":1}},"11":{"start":{"line":175,"column":50},"end":{"line":219,"column":1}}},"fnMap":{"0":{"name":"(anonymous_0)","decl":{"start":{"line":25,"column":48},"end":{"line":25,"column":49}},"loc":{"start":{"line":25,"column":59},"end":{"line":30,"column":1}},"line":25}},"branchMap":{},"s":{"0":0,"1":0,"2":0,"3":0,"4":0,"5":0,"6":0,"7":0,"8":0,"9":0,"10":0,"11":0},"f":{"0":0},"b":{}}
,"E:\\the_content\\Software\\js_scripts\\ReactNative\\InteractiveScheduleApp\\InteractiveSchedule\\constants\\Days.ts": {"path":"E:\\the_content\\Software\\js_scripts\\ReactNative\\InteractiveScheduleApp\\InteractiveSchedule\\constants\\Days.ts","statementMap":{"0":{"start":{"line":1,"column":35},"end":{"line":1,"column":65}},"1":{"start":{"line":2,"column":29},"end":{"line":2,"column":106}},"2":{"start":{"line":4,"column":24},"end":{"line":4,"column":81}},"3":{"start":{"line":5,"column":26},"end":{"line":5,"column":82}},"4":{"start":{"line":6,"column":31},"end":{"line":6,"column":73}},"5":{"start":{"line":6,"column":55},"end":{"line":6,"column":72}},"6":{"start":{"line":9,"column":14},"end":{"line":9,"column":56}},"7":{"start":{"line":10,"column":2},"end":{"line":10,"column":24}},"8":{"start":{"line":14,"column":2},"end":{"line":14,"column":25}},"9":{"start":{"line":15,"column":22},"end":{"line":15,"column":58}},"10":{"start":{"line":15,"column":42},"end":{"line":15,"column":57}},"11":{"start":{"line":17,"column":14},"end":{"line":17,"column":40}},"12":{"start":{"line":18,"column":2},"end":{"line":18,"column":26}}},"fnMap":{"0":{"name":"(anonymous_0)","decl":{"start":{"line":6,"column":46},"end":{"line":6,"column":47}},"loc":{"start":{"line":6,"column":55},"end":{"line":6,"column":72}},"line":6},"1":{"name":"mapEnWorkDayToUkrWorkDay","decl":{"start":{"line":8,"column":16},"end":{"line":8,"column":40}},"loc":{"start":{"line":8,"column":62},"end":{"line":11,"column":1}},"line":8},"2":{"name":"mapUkrWorkDayToEnWorkDay","decl":{"start":{"line":13,"column":16},"end":{"line":13,"column":40}},"loc":{"start":{"line":13,"column":62},"end":{"line":19,"column":1}},"line":13},"3":{"name":"(anonymous_3)","decl":{"start":{"line":15,"column":35},"end":{"line":15,"column":36}},"loc":{"start":{"line":15,"column":42},"end":{"line":15,"column":57}},"line":15}},"branchMap":{},"s":{"0":1,"1":1,"2":1,"3":1,"4":1,"5":5,"6":0,"7":0,"8":0,"9":0,"10":0,"11":0,"12":0},"f":{"0":5,"1":0,"2":0,"3":0},"b":{},"_coverageSchema":"1a1c01bbd47fc00a2c39e90264f33305004495a9","hash":"db3dd5513858e47f38573c2d096816a1da59ee1f"}
,"E:\\the_content\\Software\\js_scripts\\ReactNative\\InteractiveScheduleApp\\InteractiveSchedule\\constants\\Descriptions.ts": {"path":"E:\\the_content\\Software\\js_scripts\\ReactNative\\InteractiveScheduleApp\\InteractiveSchedule\\constants\\Descriptions.ts","statementMap":{"0":{"start":{"line":1,"column":29},"end":{"line":7,"column":1}}},"fnMap":{},"branchMap":{},"s":{"0":0},"f":{},"b":{}}
,"E:\\the_content\\Software\\js_scripts\\ReactNative\\InteractiveScheduleApp\\InteractiveSchedule\\constants\\Keys.ts": {"path":"E:\\the_content\\Software\\js_scripts\\ReactNative\\InteractiveScheduleApp\\InteractiveSchedule\\constants\\Keys.ts","statementMap":{"0":{"start":{"line":3,"column":31},"end":{"line":3,"column":47}},"1":{"start":{"line":4,"column":52},"end":{"line":4,"column":92}}},"fnMap":{},"branchMap":{},"s":{"0":0,"1":0},"f":{},"b":{},"_coverageSchema":"1a1c01bbd47fc00a2c39e90264f33305004495a9","hash":"eaba2e56aab025cdf881514e804f8a4cb41def8a"}
,"E:\\the_content\\Software\\js_scripts\\ReactNative\\InteractiveScheduleApp\\InteractiveSchedule\\contexts\\settingsContext.ts": {"path":"E:\\the_content\\Software\\js_scripts\\ReactNative\\InteractiveScheduleApp\\InteractiveSchedule\\contexts\\settingsContext.ts","statementMap":{"0":{"start":{"line":4,"column":31},"end":{"line":4,"column":80}}},"fnMap":{},"branchMap":{},"s":{"0":0},"f":{},"b":{}}
,"E:\\the_content\\Software\\js_scripts\\ReactNative\\InteractiveScheduleApp\\InteractiveSchedule\\models\\ScheduleModel.ts": {"path":"E:\\the_content\\Software\\js_scripts\\ReactNative\\InteractiveScheduleApp\\InteractiveSchedule\\models\\ScheduleModel.ts","statementMap":{"0":{"start":{"line":14,"column":13},"end":{"line":16,"column":3}},"1":{"start":{"line":15,"column":4},"end":{"line":15,"column":21}},"2":{"start":{"line":17,"column":16},"end":{"line":17,"column":38}},"3":{"start":{"line":18,"column":17},"end":{"line":18,"column":41}},"4":{"start":{"line":21,"column":4},"end":{"line":21,"column":20}},"5":{"start":{"line":22,"column":4},"end":{"line":22,"column":38}},"6":{"start":{"line":23,"column":4},"end":{"line":23,"column":20}},"7":{"start":{"line":29,"column":4},"end":{"line":29,"column":69}},"8":{"start":{"line":30,"column":4},"end":{"line":30,"column":21}},"9":{"start":{"line":32,"column":4},"end":{"line":38,"column":6}},"10":{"start":{"line":33,"column":6},"end":{"line":33,"column":48}},"11":{"start":{"line":33,"column":42},"end":{"line":33,"column":48}},"12":{"start":{"line":35,"column":41},"end":{"line":35,"column":58}},"13":{"start":{"line":36,"column":24},"end":{"line":36,"column":56}},"14":{"start":{"line":37,"column":6},"end":{"line":37,"column":41}},"15":{"start":{"line":40,"column":4},"end":{"line":40,"column":72}},"16":{"start":{"line":45,"column":4},"end":{"line":45,"column":44}},"17":{"start":{"line":49,"column":25},"end":{"line":49,"column":66}},"18":{"start":{"line":50,"column":23},"end":{"line":50,"column":110}},"19":{"start":{"line":50,"column":67},"end":{"line":50,"column":109}},"20":{"start":{"line":52,"column":4},"end":{"line":57,"column":5}},"21":{"start":{"line":53,"column":6},"end":{"line":53,"column":81}},"22":{"start":{"line":54,"column":6},"end":{"line":54,"column":77}},"23":{"start":{"line":56,"column":6},"end":{"line":56,"column":12}},"24":{"start":{"line":59,"column":4},"end":{"line":59,"column":65}},"25":{"start":{"line":61,"column":4},"end":{"line":61,"column":87}},"26":{"start":{"line":65,"column":8},"end":{"line":65,"column":32}},"27":{"start":{"line":67,"column":4},"end":{"line":67,"column":26}},"28":{"start":{"line":72,"column":21},"end":{"line":72,"column":40}},"29":{"start":{"line":73,"column":22},"end":{"line":73,"column":52}},"30":{"start":{"line":75,"column":4},"end":{"line":75,"column":30}},"31":{"start":{"line":75,"column":19},"end":{"line":75,"column":30}},"32":{"start":{"line":77,"column":25},"end":{"line":77,"column":64}},"33":{"start":{"line":79,"column":4},"end":{"line":79,"column":45}},"34":{"start":{"line":79,"column":34},"end":{"line":79,"column":45}},"35":{"start":{"line":81,"column":23},"end":{"line":81,"column":27}},"36":{"start":{"line":83,"column":4},"end":{"line":87,"column":6}},"37":{"start":{"line":84,"column":6},"end":{"line":86,"column":7}},"38":{"start":{"line":85,"column":8},"end":{"line":85,"column":29}},"39":{"start":{"line":89,"column":4},"end":{"line":89,"column":23}},"40":{"start":{"line":98,"column":4},"end":{"line":98,"column":75}},"41":{"start":{"line":98,"column":43},"end":{"line":98,"column":74}},"42":{"start":{"line":99,"column":4},"end":{"line":99,"column":20}},"43":{"start":{"line":103,"column":26},"end":{"line":103,"column":43}},"44":{"start":{"line":104,"column":29},"end":{"line":104,"column":114}},"45":{"start":{"line":104,"column":61},"end":{"line":104,"column":113}},"46":{"start":{"line":105,"column":4},"end":{"line":105,"column":29}},"47":{"start":{"line":110,"column":27},"end":{"line":110,"column":98}},"48":{"start":{"line":110,"column":59},"end":{"line":110,"column":97}},"49":{"start":{"line":111,"column":4},"end":{"line":111,"column":27}},"50":{"start":{"line":116,"column":29},"end":{"line":116,"column":100}},"51":{"start":{"line":116,"column":61},"end":{"line":116,"column":99}},"52":{"start":{"line":117,"column":4},"end":{"line":117,"column":29}},"53":{"start":{"line":121,"column":4},"end":{"line":121,"column":39}},"54":{"start":{"line":121,"column":28},"end":{"line":121,"column":39}},"55":{"start":{"line":123,"column":20},"end":{"line":123,"column":44}},"56":{"start":{"line":124,"column":16},"end":{"line":124,"column":28}},"57":{"start":{"line":126,"column":24},"end":{"line":126,"column":104}},"58":{"start":{"line":126,"column":54},"end":{"line":126,"column":103}},"59":{"start":{"line":128,"column":4},"end":{"line":128,"column":24}},"60":{"start":{"line":138,"column":32},"end":{"line":142,"column":1}},"61":{"start":{"line":170,"column":21},"end":{"line":170,"column":23}},"62":{"start":{"line":175,"column":4},"end":{"line":175,"column":27}},"63":{"start":{"line":176,"column":4},"end":{"line":176,"column":46}},"64":{"start":{"line":177,"column":4},"end":{"line":177,"column":25}},"65":{"start":{"line":181,"column":27},"end":{"line":181,"column":30}},"66":{"start":{"line":182,"column":4},"end":{"line":186,"column":5}},"67":{"start":{"line":183,"column":6},"end":{"line":183,"column":57}},"68":{"start":{"line":185,"column":6},"end":{"line":185,"column":33}},"69":{"start":{"line":188,"column":24},"end":{"line":188,"column":27}},"70":{"start":{"line":189,"column":4},"end":{"line":193,"column":5}},"71":{"start":{"line":190,"column":6},"end":{"line":190,"column":48}},"72":{"start":{"line":192,"column":6},"end":{"line":192,"column":27}},"73":{"start":{"line":195,"column":4},"end":{"line":195,"column":43}},"74":{"start":{"line":196,"column":4},"end":{"line":196,"column":18}},"75":{"start":{"line":198,"column":4},"end":{"line":198,"column":57}},"76":{"start":{"line":200,"column":4},"end":{"line":200,"column":27}},"77":{"start":{"line":203,"column":22},"end":{"line":203,"column":34}},"78":{"start":{"line":204,"column":25},"end":{"line":204,"column":49}},"79":{"start":{"line":205,"column":22},"end":{"line":205,"column":27}},"80":{"start":{"line":208,"column":4},"end":{"line":219,"column":5}},"81":{"start":{"line":223,"column":4},"end":{"line":223,"column":20}},"82":{"start":{"line":224,"column":4},"end":{"line":224,"column":88}},"83":{"start":{"line":228,"column":4},"end":{"line":228,"column":109}},"84":{"start":{"line":236,"column":25},"end":{"line":236,"column":77}},"85":{"start":{"line":238,"column":4},"end":{"line":238,"column":37}},"86":{"start":{"line":238,"column":25},"end":{"line":238,"column":37}},"87":{"start":{"line":240,"column":30},"end":{"line":240,"column":94}},"88":{"start":{"line":241,"column":29},"end":{"line":241,"column":59}},"89":{"start":{"line":242,"column":25},"end":{"line":242,"column":88}},"90":{"start":{"line":244,"column":4},"end":{"line":244,"column":25}},"91":{"start":{"line":251,"column":6},"end":{"line":253,"column":73}},"92":{"start":{"line":255,"column":4},"end":{"line":255,"column":19}}},"fnMap":{"0":{"name":"(anonymous_0)","decl":{"start":{"line":14,"column":96},"end":{"line":14,"column":97}},"loc":{"start":{"line":15,"column":4},"end":{"line":15,"column":21}},"line":15},"1":{"name":"(anonymous_1)","decl":{"start":{"line":20,"column":2},"end":{"line":20,"column":3}},"loc":{"start":{"line":20,"column":65},"end":{"line":24,"column":3}},"line":20},"2":{"name":"(anonymous_2)","decl":{"start":{"line":26,"column":2},"end":{"line":26,"column":3}},"loc":{"start":{"line":26,"column":70},"end":{"line":41,"column":3}},"line":26},"3":{"name":"(anonymous_3)","decl":{"start":{"line":32,"column":26},"end":{"line":32,"column":27}},"loc":{"start":{"line":32,"column":35},"end":{"line":38,"column":5}},"line":32},"4":{"name":"(anonymous_4)","decl":{"start":{"line":43,"column":2},"end":{"line":43,"column":3}},"loc":{"start":{"line":43,"column":29},"end":{"line":43,"column":31}},"line":43},"5":{"name":"(anonymous_5)","decl":{"start":{"line":44,"column":2},"end":{"line":44,"column":3}},"loc":{"start":{"line":44,"column":53},"end":{"line":46,"column":3}},"line":44},"6":{"name":"(anonymous_6)","decl":{"start":{"line":48,"column":2},"end":{"line":48,"column":3}},"loc":{"start":{"line":48,"column":64},"end":{"line":68,"column":3}},"line":48},"7":{"name":"(anonymous_7)","decl":{"start":{"line":50,"column":57},"end":{"line":50,"column":58}},"loc":{"start":{"line":50,"column":67},"end":{"line":50,"column":109}},"line":50},"8":{"name":"(anonymous_8)","decl":{"start":{"line":70,"column":2},"end":{"line":70,"column":3}},"loc":{"start":{"line":70,"column":42},"end":{"line":90,"column":3}},"line":70},"9":{"name":"(anonymous_9)","decl":{"start":{"line":83,"column":25},"end":{"line":83,"column":26}},"loc":{"start":{"line":83,"column":37},"end":{"line":87,"column":5}},"line":83},"10":{"name":"(anonymous_10)","decl":{"start":{"line":97,"column":2},"end":{"line":97,"column":3}},"loc":{"start":{"line":97,"column":55},"end":{"line":100,"column":3}},"line":97},"11":{"name":"(anonymous_11)","decl":{"start":{"line":98,"column":31},"end":{"line":98,"column":32}},"loc":{"start":{"line":98,"column":43},"end":{"line":98,"column":74}},"line":98},"12":{"name":"(anonymous_12)","decl":{"start":{"line":102,"column":2},"end":{"line":102,"column":3}},"loc":{"start":{"line":102,"column":43},"end":{"line":106,"column":3}},"line":102},"13":{"name":"(anonymous_13)","decl":{"start":{"line":104,"column":49},"end":{"line":104,"column":50}},"loc":{"start":{"line":104,"column":61},"end":{"line":104,"column":113}},"line":104},"14":{"name":"(anonymous_14)","decl":{"start":{"line":109,"column":2},"end":{"line":109,"column":3}},"loc":{"start":{"line":109,"column":41},"end":{"line":112,"column":3}},"line":109},"15":{"name":"(anonymous_15)","decl":{"start":{"line":110,"column":47},"end":{"line":110,"column":48}},"loc":{"start":{"line":110,"column":59},"end":{"line":110,"column":97
[...]
,"E:\\the_content\\Software\\js_scripts\\ReactNative\\InteractiveScheduleApp\\InteractiveSchedule\\shared\\Separator.tsx": {"path":"E:\\the_content\\Software\\js_scripts\\ReactNative\\InteractiveScheduleApp\\InteractiveSchedule\\shared\\Separator.tsx","statementMap":{"0":{"start":{"line":16,"column":22},"end":{"line":23,"column":4}},"1":{"start":{"line":25,"column":2},"end":{"line":27,"column":3}},"2":{"start":{"line":26,"column":4},"end":{"line":26,"column":49}},"3":{"start":{"line":29,"column":2},"end":{"line":29,"column":48}},"4":{"start":{"line":32,"column":15},"end":{"line":36,"column":2}}},"fnMap":{"0":{"name":"Separator","decl":{"start":{"line":5,"column":24},"end":{"line":5,"column":33}},"loc":{"start":{"line":15,"column":3},"end":{"line":30,"column":1}},"line":15}},"branchMap":{"0":{"loc":{"start":{"line":9,"column":2},"end":{"line":9,"column":16}},"type":"default-arg","locations":[{"start":{"line":9,"column":10},"end":{"line":9,"column":16}}],"line":9},"1":{"loc":{"start":{"line":19,"column":23},"end":{"line":19,"column":70}},"type":"binary-expr","locations":[{"start":{"line":19,"column":23},"end":{"line":19,"column":28}},{"start":{"line":19,"column":32},"end":{"line":19,"column":70}}],"line":19},"2":{"loc":{"start":{"line":25,"column":2},"end":{"line":27,"column":3}},"type":"if","locations":[{"start":{"line":25,"column":2},"end":{"line":27,"column":3}},{"start":{},"end":{}}],"line":25},"3":{"loc":{"start":{"line":25,"column":6},"end":{"line":25,"column":34}},"type":"binary-expr","locations":[{"start":{"line":25,"column":6},"end":{"line":25,"column":18}},{"start":{"line":25,"column":22},"end":{"line":25,"column":34}}],"line":25}},"s":{"0":0,"1":0,"2":0,"3":0,"4":0},"f":{"0":0},"b":{"0":[0],"1":[0,0],"2":[0,0],"3":[0,0]}}
,"E:\\the_content\\Software\\js_scripts\\ReactNative\\InteractiveScheduleApp\\InteractiveSchedule\\shared\\SingleSidedShadowBox.tsx": {"path":"E:\\the_content\\Software\\js_scripts\\ReactNative\\InteractiveScheduleApp\\InteractiveSchedule\\shared\\SingleSidedShadowBox.tsx","statementMap":{"0":{"start":{"line":5,"column":29},"end":{"line":5,"column":111}},"1":{"start":{"line":5,"column":54},"end":{"line":5,"column":111}},"2":{"start":{"line":7,"column":15},"end":{"line":12,"column":2}},"3":{"start":{"line":14,"column":0},"end":{"line":17,"column":1}}},"fnMap":{"0":{"name":"(anonymous_0)","decl":{"start":{"line":5,"column":29},"end":{"line":5,"column":30}},"loc":{"start":{"line":5,"column":54},"end":{"line":5,"column":111}},"line":5}},"branchMap":{},"s":{"0":0,"1":0,"2":0,"3":0},"f":{"0":0},"b":{}}
,"E:\\the_content\\Software\\js_scripts\\ReactNative\\InteractiveScheduleApp\\InteractiveSchedule\\shared\\Switch.tsx": {"path":"E:\\the_content\\Software\\js_scripts\\ReactNative\\InteractiveScheduleApp\\InteractiveSchedule\\shared\\Switch.tsx","statementMap":{"0":{"start":{"line":16,"column":36},"end":{"line":16,"column":53}},"1":{"start":{"line":17,"column":23},"end":{"line":17,"column":76}},"2":{"start":{"line":17,"column":29},"end":{"line":17,"column":76}},"3":{"start":{"line":17,"column":61},"end":{"line":17,"column":75}},"4":{"start":{"line":21,"column":2},"end":{"line":34,"column":3}},"5":{"start":{"line":28,"column":8},"end":{"line":28,"column":28}},"6":{"start":{"line":28,"column":22},"end":{"line":28,"column":28}},"7":{"start":{"line":29,"column":8},"end":{"line":29,"column":22}},"8":{"start":{"line":30,"column":8},"end":{"line":30,"column":48}},"9":{"start":{"line":37,"column":15},"end":{"line":42,"column":2}}},"fnMap":{"0":{"name":"CustomSwitch","decl":{"start":{"line":7,"column":24},"end":{"line":7,"column":36}},"loc":{"start":{"line":15,"column":16},"end":{"line":35,"column":1}},"line":15},"1":{"name":"(anonymous_1)","decl":{"start":{"line":17,"column":23},"end":{"line":17,"column":24}},"loc":{"start":{"line":17,"column":29},"end":{"line":17,"column":76}},"line":17},"2":{"name":"(anonymous_2)","decl":{"start":{"line":17,"column":42},"end":{"line":17,"column":43}},"loc":{"start":{"line":17,"column":61},"end":{"line":17,"column":75}},"line":17},"3":{"name":"(anonymous_3)","decl":{"start":{"line":27,"column":21},"end":{"line":27,"column":22}},"loc":{"start":{"line":27,"column":35},"end":{"line":31,"column":7}},"line":27}},"branchMap":{"0":{"loc":{"start":{"line":9,"column":2},"end":{"line":9,"column":17}},"type":"default-arg","locations":[{"start":{"line":9,"column":12},"end":{"line":9,"column":17}}],"line":9},"1":{"loc":{"start":{"line":10,"column":2},"end":{"line":10,"column":18}},"type":"default-arg","locations":[{"start":{"line":10,"column":13},"end":{"line":10,"column":18}}],"line":10},"2":{"loc":{"start":{"line":28,"column":8},"end":{"line":28,"column":28}},"type":"if","locations":[{"start":{"line":28,"column":8},"end":{"line":28,"column":28}},{"start":{},"end":{}}],"line":28},"3":{"loc":{"start":{"line":30,"column":8},"end":{"line":30,"column":48}},"type":"binary-expr","locations":[{"start":{"line":30,"column":8},"end":{"line":30,"column":21}},{"start":{"line":30,"column":25},"end":{"line":30,"column":48}}],"line":30}},"s":{"0":0,"1":0,"2":0,"3":0,"4":0,"5":0,"6":0,"7":0,"8":0,"9":0},"f":{"0":0,"1":0,"2":0,"3":0},"b":{"0":[0],"1":[0],"2":[0,0],"3":[0,0]}}
,"E:\\the_content\\Software\\js_scripts\\ReactNative\\InteractiveScheduleApp\\InteractiveSchedule\\shared\\card.tsx": {"path":"E:\\the_content\\Software\\js_scripts\\ReactNative\\InteractiveScheduleApp\\InteractiveSchedule\\shared\\card.tsx","statementMap":{"0":{"start":{"line":13,"column":2},"end":{"line":17,"column":3}},"1":{"start":{"line":20,"column":15},"end":{"line":45,"column":2}}},"fnMap":{"0":{"name":"Card","decl":{"start":{"line":4,"column":24},"end":{"line":4,"column":28}},"loc":{"start":{"line":12,"column":3},"end":{"line":18,"column":1}},"line":12}},"branchMap":{"0":{"loc":{"start":{"line":6,"column":2},"end":{"line":6,"column":16}},"type":"default-arg","locations":[{"start":{"line":6,"column":12},"end":{"line":6,"column":16}}],"line":6},"1":{"loc":{"start":{"line":7,"column":2},"end":{"line":7,"column":23}},"type":"default-arg","locations":[{"start":{"line":7,"column":21},"end":{"line":7,"column":23}}],"line":7},"2":{"loc":{"start":{"line":14,"column":39},"end":{"line":14,"column":70}},"type":"cond-expr","locations":[{"start":{"line":14,"column":50},"end":{"line":14,"column":65}},{"start":{"line":14,"column":68},"end":{"line":14,"column":70}}],"line":14}},"s":{"0":0,"1":0},"f":{"0":0},"b":{"0":[0],"1":[0],"2":[0,0]}}
,"E:\\the_content\\Software\\js_scripts\\ReactNative\\InteractiveScheduleApp\\InteractiveSchedule\\styles\\global.ts": {"path":"E:\\the_content\\Software\\js_scripts\\ReactNative\\InteractiveScheduleApp\\InteractiveSchedule\\styles\\global.ts","statementMap":{"0":{"start":{"line":5,"column":29},"end":{"line":11,"column":1}},"1":{"start":{"line":13,"column":22},"end":{"line":17,"column":1}},"2":{"start":{"line":19,"column":32},"end":{"line":24,"column":1}},"3":{"start":{"line":26,"column":28},"end":{"line":28,"column":1}},"4":{"start":{"line":30,"column":32},"end":{"line":32,"column":1}},"5":{"start":{"line":34,"column":26},"end":{"line":37,"column":1}},"6":{"start":{"line":39,"column":23},"end":{"line":49,"column":1}},"7":{"start":{"line":51,"column":28},"end":{"line":182,"column":2}}},"fnMap":{},"branchMap":{},"s":{"0":0,"1":0,"2":0,"3":0,"4":0,"5":0,"6":0,"7":0},"f":{},"b":{}}
,"E:\\the_content\\Software\\js_scripts\\ReactNative\\InteractiveScheduleApp\\InteractiveSchedule\\utilities\\getStrict.ts": {"path":"E:\\the_content\\Software\\js_scripts\\ReactNative\\InteractiveScheduleApp\\InteractiveSchedule\\utilities\\getStrict.ts","statementMap":{"0":{"start":{"line":3,"column":2},"end":{"line":5,"column":3}},"1":{"start":{"line":4,"column":4},"end":{"line":4,"column":95}},"2":{"start":{"line":6,"column":2},"end":{"line":6,"column":21}}},"fnMap":{"0":{"name":"getStrict","decl":{"start":{"line":2,"column":24},"end":{"line":2,"column":33}},"loc":{"start":{"line":2,"column":68},"end":{"line":7,"column":1}},"line":2}},"branchMap":{"0":{"loc":{"start":{"line":3,"column":2},"end":{"line":5,"column":3}},"type":"if","locations":[{"start":{"line":3,"column":2},"end":{"line":5,"column":3}},{"start":{},"end":{}}],"line":3},"1":{"loc":{"start":{"line":3,"column":6},"end":{"line":3,"column":40}},"type":"binary-expr","locations":[{"start":{"line":3,"column":6},"end":{"line":3,"column":27}},{"start":{"line":3,"column":31},"end":{"line":3,"column":40}}],"line":3}},"s":{"0":0,"1":0,"2":0},"f":{"0":0},"b":{"0":[0,0],"1":[0,0]}}
,"E:\\the_content\\Software\\js_scripts\\ReactNative\\InteractiveScheduleApp\\InteractiveSchedule\\utilities\\getWeekType.ts": {"path":"E:\\the_content\\Software\\js_scripts\\ReactNative\\InteractiveScheduleApp\\InteractiveSchedule\\utilities\\getWeekType.ts","statementMap":{"0":{"start":{"line":10,"column":23},"end":{"line":10,"column":43}},"1":{"start":{"line":11,"column":28},"end":{"line":11,"column":48}},"2":{"start":{"line":15,"column":30},"end":{"line":15,"column":80}},"3":{"start":{"line":16,"column":29},"end":{"line":16,"column":55}},"4":{"start":{"line":17,"column":30},"end":{"line":17,"column":66}},"5":{"start":{"line":19,"column":2},"end":{"line":29,"column":3}},"6":{"start":{"line":20,"column":4},"end":{"line":22,"column":5}},"7":{"start":{"line":21,"column":6},"end":{"line":21,"column":33}},"8":{"start":{"line":23,"column":4},"end":{"line":23,"column":29}},"9":{"start":{"line":25,"column":4},"end":{"line":27,"column":5}},"10":{"start":{"line":26,"column":6},"end":{"line":26,"column":31}},"11":{"start":{"line":28,"column":4},"end":{"line":28,"column":31}}},"fnMap":{"0":{"name":"GetWeekType","decl":{"start":{"line":13,"column":24},"end":{"line":13,"column":35}},"loc":{"start":{"line":13,"column":70},"end":{"line":30,"column":1}},"line":13}},"branchMap":{"0":{"loc":{"start":{"line":13,"column":36},"end":{"line":13,"column":58}},"type":"default-arg","locations":[{"start":{"line":13,"column":48},"end":{"line":13,"column":58}}],"line":13},"1":{"loc":{"start":{"line":19,"column":2},"end":{"line":29,"column":3}},"type":"if","locations":[{"start":{"line":19,"column":2},"end":{"line":29,"column":3}},{"start":{"line":24,"column":9},"end":{"line":29,"column":3}}],"line":19},"2":{"loc":{"start":{"line":20,"column":4},"end":{"line":22,"column":5}},"type":"if","locations":[{"start":{"line":20,"column":4},"end":{"line":22,"column":5}},{"start":{},"end":{}}],"line":20},"3":{"loc":{"start":{"line":25,"column":4},"end":{"line":27,"column":5}},"type":"if","locations":[{"start":{"line":25,"column":4},"end":{"line":27,"column":5}},{"start":{},"end":{}}],"line":25}},"s":{"0":0,"1":0,"2":0,"3":0,"4":0,"5":0,"6":0,"7":0,"8":0,"9":0,"10":0,"11":0},"f":{"0":0},"b":{"0":[0],"1":[0,0],"2":[0,0],"3":[0,0]}}
,"E:\\the_content\\Software\\js_scripts\\ReactNative\\InteractiveScheduleApp\\InteractiveSchedule\\utilities\\utilities.ts": {"path":"E:\\the_content\\Software\\js_scripts\\ReactNative\\InteractiveScheduleApp\\InteractiveSchedule\\utilities\\utilities.ts","statementMap":{"0":{"start":{"line":14,"column":33},"end":{"line":26,"column":1}},"1":{"start":{"line":15,"column":16},"end":{"line":15,"column":31}},"2":{"start":{"line":16,"column":16},"end":{"line":16,"column":29}},"3":{"start":{"line":17,"column":23},"end":{"line":17,"column":63}},"4":{"start":{"line":18,"column":25},"end":{"line":18,"column":79}},"5":{"start":{"line":19,"column":25},"end":{"line":19,"column":108}},"6":{"start":{"line":21,"column":2},"end":{"line":25,"column":3}},"7":{"start":{"line":29,"column":19},"end":{"line":29,"column":21}},"8":{"start":{"line":30,"column":13},"end":{"line":30,"column":18}},"9":{"start":{"line":32,"column":14},"end":{"line":32,"column":15}},"10":{"start":{"line":33,"column":2},"end":{"line":38,"column":3}},"11":{"start":{"line":34,"column":4},"end":{"line":34,"column":23}},"12":{"start":{"line":35,"column":4},"end":{"line":35,"column":61}},"13":{"start":{"line":37,"column":4},"end":{"line":37,"column":14}},"14":{"start":{"line":40,"column":2},"end":{"line":40,"column":17}},"15":{"start":{"line":44,"column":21},"end":{"line":44,"column":34}},"16":{"start":{"line":45,"column":19},"end":{"line":45,"column":35}},"17":{"start":{"line":46,"column":2},"end":{"line":46,"column":41}},"18":{"start":{"line":48,"column":2},"end":{"line":48,"column":13}},"19":{"start":{"line":52,"column":2},"end":{"line":52,"column":39}},"20":{"start":{"line":56,"column":51},"end":{"line":56,"column":56}},"21":{"start":{"line":58,"column":2},"end":{"line":75,"column":4}},"22":{"start":{"line":59,"column":29},"end":{"line":59,"column":38}},"23":{"start":{"line":60,"column":20},"end":{"line":60,"column":52}},"24":{"start":{"line":61,"column":22},"end":{"line":61,"column":54}},"25":{"start":{"line":63,"column":27},"end":{"line":63,"column":36}},"26":{"start":{"line":64,"column":18},"end":{"line":64,"column":48}},"27":{"start":{"line":65,"column":20},"end":{"line":65,"column":50}},"28":{"start":{"line":67,"column":14},"end":{"line":67,"column":24}},"29":{"start":{"line":69,"column":18},"end":{"line":69,"column":120}},"30":{"start":{"line":70,"column":16},"end":{"line":70,"column":114}},"31":{"start":{"line":72,"column":4},"end":{"line":74,"column":5}},"32":{"start":{"line":73,"column":6},"end":{"line":73,"column":23}},"33":{"start":{"line":77,"column":2},"end":{"line":77,"column":17}},"34":{"start":{"line":80,"column":0},"end":{"line":80,"column":68}},"35":{"start":{"line":83,"column":2},"end":{"line":83,"column":48}},"36":{"start":{"line":84,"column":2},"end":{"line":84,"column":57}},"37":{"start":{"line":86,"column":49},"end":{"line":90,"column":4}},"38":{"start":{"line":92,"column":2},"end":{"line":92,"column":15}},"39":{"start":{"line":96,"column":2},"end":{"line":96,"column":51}},"40":{"start":{"line":96,"column":36},"end":{"line":96,"column":51}},"41":{"start":{"line":98,"column":2},"end":{"line":98,"column":29}},"42":{"start":{"line":102,"column":2},"end":{"line":102,"column":52}},"43":{"start":{"line":102,"column":37},"end":{"line":102,"column":52}},"44":{"start":{"line":104,"column":2},"end":{"line":104,"column":45}},"45":{"start":{"line":107,"column":22},"end":{"line":109,"column":1}},"46":{"start":{"line":108,"column":2},"end":{"line":108,"column":53}},"47":{"start":{"line":112,"column":26},"end":{"line":112,"column":92}},"48":{"start":{"line":113,"column":2},"end":{"line":113,"column":24}},"49":{"start":{"line":116,"column":24},"end":{"line":130,"column":1}},"50":{"start":{"line":117,"column":2},"end":{"line":117,"column":10}},"51":{"start":{"line":118,"column":19},"end":{"line":118,"column":33}},"52":{"start":{"line":120,"column":4},"end":{"line":120,"column":119}},"53":{"start":{"line":122,"column":2},"end":{"line":129,"column":3}},"54":{"start":{"line":123,"column":25},"end":{"line":123,"column":69}},"55":{"start":{"line":125,"column":17},"end":{"line":125,"column":41}},"56":{"start":{"line":126,"column":4},"end":{"line":126,"column":15}},"57":{"start":{"line":128,"column":4},"end":{"line":128,"column":18}}},"fnMap":{"0":{"name":"(anonymous_0)","decl":{"start":{"line":14,"column":33},"end":{"line":14,"column":34}},"loc":{"start":{"line":14,"column":65},"end":{"line":26,"column":1}},"line":14},"1":{"name":"createEvenlySpacedTimeSequence","decl":{"start":{"line":28,"column":16},"end":{"line":28,"column":46}},"loc":{"start":{"line":28,"column":116},"end":{"line":41,"column":1}},"line":28},"2":{"name":"setDayOnDate","decl":{"start":{"line":43,"column":16},"end":{"line":43,"column":28}},"loc":{"start":{"line":43,"column":60},"end":{"line":49,"column":1}},"line":43},"3":{"name":"liesInRange","decl":{"start":{"line":51,"column":9},"end":{"line":51,"column":20}},"loc":{"start":{"line":51,"column":58},"end":{"line":53,"column":1}},"line":51},"4":{"name":"determineInterval","decl":{"start":{"line":55,"column":16},"end":{"line":55,"column":33}},"loc":{"start":{"line":55,"column":92},"end":{"line":78,"column":1}},"line":55},"5":{"name":"(anonymous_5)","decl":{"start":{"line":58,"column":25},"end":{"line":58,"column":26}},"loc":{"start":{"line":58,"column":37},"end":{"line":75,"column":3}},"line":58},"6":{"name":"getContentfulClient","decl":{"start":{"line":82,"column":16},"end":{"line":82,"column":35}},"loc":{"start":{"line":82,"column":38},"end":{"line":93,"column":1}},"line":82},"7":{"name":"ensureExtension","decl":{"start":{"line":95,"column":16},"end":{"line":95,"column":31}},"loc":{"start":{"line":95,"column":69},"end":{"line":99,"column":1}},"line":95},"8":{"name":"ensureNoExtension","decl":{"start":{"line":101,"column":16},"end":{"line":101,"column":33}},"loc":{"start":{"line":101,"column":71},"end":{"line":105,"column":1}},"line":101},"9":{"name":"(anonymous_9)","decl":{"start":{"line":107,"column":22},"end":{"line":107,"column":23}},"loc":{"start":{"line":107,"column":40},"end":{"line":109,"column":1}},"line":107},"10":{"name":"isRunningInExpoGo","decl":{"start":{"line":111,"column":16},"end":{"line":111,"column":33}},"loc":{"start":{"line":111,"column":36},"end":{"line":114,"column":1}},"line":111},"11":{"name":"(anonymous_11)","decl":{"start":{"line":116,"column":24},"end":{"line":116,"column":25}},"loc":{"start":{"line":116,"column":58},"end":{"line":130,"column":1}},"line":116}},"branchMap":{"0":{"loc":{"start":{"line":52,"column":9},"end":{"line":52,"column":39}},"type":"binary-expr","locations":[{"start":{"line":52,"column":9},"end":{"line":52,"column":21}},{"start":{"line":52,"column":25},"end":{"line":52,"column":39}}],"line":52},"1":{"loc":{"start":{"line":55,"column":34},"end":{"line":55,"column":56}},"type":"default-arg","locations":[{"start":{"line":55,"column":46},"end":{"line":55,"column":56}}],"line":55},"2":{"loc":{"start":{"line":72,"column":4},"end":{"line":74,"column":5}},"type":"if","locations":[{"start":{"line":72,"column":4},"end":{"line":74,"column":5}},{"start":{},"end":{}}],"line":72},"3":{"loc":{"start":{"line":96,"column":2},"end":{"line":96,"column":51}},"type":"if","locations":[{"start":{"line":96,"column":2},"end":{"line":96,"column":51}},{"start":{},"end":{}}],"line":96},"4":{"loc":{"start":{"line":102,"column":2},"end":{"line":102,"column":52}},"type":"if","locations":[{"start":{"line":102,"column":2},"end":{"line":102,"column":52}},{"start":{},"end":{}}],"line":102},"5":{"loc":{"start":{"line":108,"column":9},"end":{"line":108,"column":53}},"type":"binary-expr","locations":[{"start":{"line":108,"column":9},"end":{"line":108,"column":27}},{"start":{"line":108,"column":31},"end":{"line":108,"column":53}}],"line":108},"6":{"loc":{"start":{"line":120,"column":4},"end":{"line":120,"column":119}},"type":"cond-expr","locations":[{"start":{"line":120,"column":32},"end":{"line":120,"column":71}},{"start":{"line":120,"column":74},"end":{"line":120,"column":119}}],"line":120}},"s":{"0":1,"1":0,"2":0,"3":0,"4":0,"5":0,"6":0,"7":0,"8":0,"9":0,"10":0,"11":0,"12":0,"13":0,"14":0,"15":0,"16":0,"17":0,"18":0,"19":6,"20":1,"21":1,"22":6,"23":6,"24":6,"25":6,"26":6,"27":6,"28":6,"29":6,"30":6,"31":6,"32":0,"33":1,"34":1,"35":0,"36":0,"37":0,"38":0,"39":0,"40":0,"41":0,"42":0,"43":0,"44":0,"45":1,"46":0,"47":0,"48":0,"49":1,"50":0,"51":0,"52":0,"53":0,"54":0,"55":0,"56":0,"57":0},"f":{"0":0,"1":0,"2":0,"3":6,"4":1,"5":6,"6":0,"7":0,"8":0,"9":0,"10":0,"11":0},"b":{"0":[6,6],"1":[1],"2":[0,6],"3":[0,0],"4":[0,0],"5":[0,0],"6":[0,0]},"_coverageSchema":"1a1c01bbd47fc00a2c39e90264f33305004495a9","hash":"9e3f8df69a395b5d340d3b6868bbed3bfd90d985"}
}
