TN:
SF:App.tsx
FN:33,fallbackRender
FN:45,App
FN:72,(anonymous_2)
FN:74,(anonymous_3)
FN:87,(anonymous_4)
FN:89,(anonymous_5)
FN:95,(anonymous_6)
FN:107,(anonymous_7)
FN:113,(anonymous_8)
FNF:9
FNH:0
FNDA:0,fallbackRender
FNDA:0,App
FNDA:0,(anonymous_2)
FNDA:0,(anonymous_3)
FNDA:0,(anonymous_4)
FNDA:0,(anonymous_5)
FNDA:0,(anonymous_6)
FNDA:0,(anonymous_7)
FNDA:0,(anonymous_8)
DA:3,0
DA:31,0
DA:36,0
DA:46,0
DA:47,0
DA:49,0
DA:72,0
DA:73,0
DA:74,0
DA:78,0
DA:79,0
DA:83,0
DA:87,0
DA:89,0
DA:95,0
DA:107,0
DA:113,0
DA:124,0
DA:126,0
DA:127,0
LF:20
LH:0
BRDA:73,0,0,0
BRDA:73,0,1,0
BRDA:78,1,0,0
BRDA:78,1,1,0
BRF:4
BRH:0
end_of_record
TN:
SF:jest.config.ts
FNF:0
FNH:0
DA:3,0
LF:1
LH:0
BRF:0
BRH:0
end_of_record
TN:
SF:assets\schedules_old\scheduleFilesJSON_old.ts
FNF:0
FNH:0
DA:5,0
LF:1
LH:0
BRF:0
BRH:0
end_of_record
TN:
SF:components\ContentViewModal.tsx
FN:10,ContentViewModal
FN:13,(anonymous_1)
FNF:2
FNH:0
FNDA:0,ContentViewModal
FNDA:0,(anonymous_1)
DA:11,0
DA:13,0
DA:22,0
LF:3
LH:0
BRF:0
BRH:0
end_of_record
TN:
SF:components\CurrentClassBottomSheet.tsx
FN:4,CurrentClassBottomSheet
FNF:1
FNH:0
FNDA:0,CurrentClassBottomSheet
DA:5,0
DA:12,0
LF:2
LH:0
BRF:0
BRH:0
end_of_record
TN:
SF:components\DrawerMenu.tsx
FN:19,(anonymous_0)
FN:36,YellowCircle
FN:56,DrawerMenu
FN:72,(anonymous_3)
FN:78,(anonymous_4)
FN:90,(anonymous_5)
FN:97,(anonymous_6)
FN:107,(anonymous_7)
FN:140,(anonymous_8)
FN:146,(anonymous_9)
FNF:10
FNH:0
FNDA:0,(anonymous_0)
FNDA:0,YellowCircle
FNDA:0,DrawerMenu
FNDA:0,(anonymous_3)
FNDA:0,(anonymous_4)
FNDA:0,(anonymous_5)
FNDA:0,(anonymous_6)
FNDA:0,(anonymous_7)
FNDA:0,(anonymous_8)
FNDA:0,(anonymous_9)
DA:18,0
DA:19,0
DA:20,0
DA:21,0
DA:22,0
DA:24,0
DA:25,0
DA:27,0
DA:28,0
DA:30,0
DA:33,0
DA:37,0
DA:57,0
DA:70,0
DA:72,0
DA:73,0
DA:74,0
DA:78,0
DA:81,0
DA:82,0
DA:84,0
DA:86,0
DA:87,0
DA:88,0
DA:89,0
DA:90,0
DA:93,0
DA:94,0
DA:97,0
DA:98,0
DA:99,0
DA:102,0
DA:104,0
DA:108,0
DA:109,0
DA:110,0
DA:113,0
DA:130,0
DA:141,0
DA:147,0
DA:153,0
DA:161,0
LF:42
LH:0
BRDA:22,0,0,0
BRDA:22,0,1,0
BRDA:27,1,0,0
BRDA:27,1,1,0
BRDA:27,2,0,0
BRDA:27,2,1,0
BRDA:36,3,0,0
BRDA:48,4,0,0
BRDA:48,4,1,0
BRDA:50,5,0,0
BRDA:50,5,1,0
BRDA:81,6,0,0
BRDA:81,6,1,0
BRDA:81,7,0,0
BRDA:81,7,1,0
BRDA:89,8,0,0
BRDA:89,8,1,0
BRDA:102,9,0,0
BRDA:102,9,1,0
BRDA:102,10,0,0
BRDA:102,10,1,0
BRDA:108,11,0,0
BRDA:108,11,1,0
BRDA:119,12,0,0
BRDA:119,12,1,0
BRF:25
BRH:0
end_of_record
TN:
SF:components\Header.tsx
FN:8,BaseHeader
FN:14,(anonymous_1)
FN:22,GlobalHeader
FNF:3
FNH:0
FNDA:0,BaseHeader
FNDA:0,(anonymous_1)
FNDA:0,GlobalHeader
DA:10,0
DA:11,0
DA:14,0
DA:31,0
DA:38,0
LF:5
LH:0
BRDA:33,0,0,0
BRDA:33,0,1,0
BRF:2
BRH:0
end_of_record
TN:
SF:components\OptionPickerModal.tsx
FN:12,OptionPickerModal
FN:43,(anonymous_1)
FN:50,(anonymous_2)
FN:56,(anonymous_3)
FN:57,(anonymous_4)
FN:75,(anonymous_5)
FN:81,(anonymous_6)
FN:117,(anonymous_7)
FNF:8
FNH:0
FNDA:0,OptionPickerModal
FNDA:0,(anonymous_1)
FNDA:0,(anonymous_2)
FNDA:0,(anonymous_3)
FNDA:0,(anonymous_4)
FNDA:0,(anonymous_5)
FNDA:0,(anonymous_6)
FNDA:0,(anonymous_7)
DA:37,0
DA:39,0
DA:40,0
DA:42,0
DA:43,0
DA:46,0
DA:48,0
DA:50,0
DA:51,0
DA:52,0
DA:53,0
DA:56,0
DA:57,0
DA:58,0
DA:59,0
DA:63,0
DA:76,0
DA:82,0
DA:84,0
DA:85,0
DA:86,0
DA:117,0
DA:127,0
LF:23
LH:0
BRDA:13,0,0,0
BRDA:14,1,0,0
BRDA:15,2,0,0
BRDA:16,3,0,0
BRDA:23,4,0,0
BRDA:42,5,0,0
BRDA:42,5,1,0
BRDA:68,6,0,0
BRDA:68,6,1,0
BRDA:69,7,0,0
BRDA:69,7,1,0
BRDA:77,8,0,0
BRDA:77,8,1,0
BRDA:82,9,0,0
BRDA:82,9,1,0
BRDA:98,10,0,0
BRDA:98,10,1,0
BRDA:103,11,0,0
BRDA:103,11,1,0
BRDA:112,12,0,0
BRDA:112,12,1,0
BRDA:112,13,0,0
BRDA:112,13,1,0
BRF:23
BRH:0
end_of_record
TN:
SF:components\StackHeader.tsx
FN:9,StackHeader
FN:36,(anonymous_1)
FNF:2
FNH:0
FNDA:0,StackHeader
FNDA:0,(anonymous_1)
DA:20,0
DA:27,0
DA:30,0
DA:31,0
DA:36,0
DA:49,0
LF:6
LH:0
BRDA:11,0,0,0
BRDA:12,1,0,0
BRDA:13,2,0,0
BRDA:27,3,0,0
BRDA:27,3,1,0
BRDA:32,4,0,0
BRDA:32,4,1,0
BRF:7
BRH:0
end_of_record
TN:
SF:components\ScheduleComponents\ScheduleClass.tsx
FN:14,(anonymous_0)
FN:43,(anonymous_1)
FN:58,(anonymous_2)
FN:74,ScheduleClassComponent
FN:105,(anonymous_4)
FN:106,(anonymous_5)
FN:118,init
FN:125,(anonymous_7)
FN:152,(anonymous_8)
FN:158,(anonymous_9)
FN:160,(anonymous_10)
FN:171,(anonymous_11)
FN:178,(anonymous_12)
FN:180,(anonymous_13)
FN:206,(anonymous_14)
FN:209,(anonymous_15)
FNF:16
FNH:0
FNDA:0,(anonymous_0)
FNDA:0,(anonymous_1)
FNDA:0,(anonymous_2)
FNDA:0,ScheduleClassComponent
FNDA:0,(anonymous_4)
FNDA:0,(anonymous_5)
FNDA:0,init
FNDA:0,(anonymous_7)
FNDA:0,(anonymous_8)
FNDA:0,(anonymous_9)
FNDA:0,(anonymous_10)
FNDA:0,(anonymous_11)
FNDA:0,(anonymous_12)
FNDA:0,(anonymous_13)
FNDA:0,(anonymous_14)
FNDA:0,(anonymous_15)
DA:14,0
DA:15,0
DA:17,0
DA:23,0
DA:25,0
DA:26,0
DA:27,0
DA:29,0
DA:34,0
DA:36,0
DA:37,0
DA:40,0
DA:43,0
DA:48,0
DA:50,0
DA:51,0
DA:52,0
DA:53,0
DA:54,0
DA:55,0
DA:56,0
DA:58,0
DA:59,0
DA:62,0
DA:64,0
DA:65,0
DA:66,0
DA:67,0
DA:71,0
DA:87,0
DA:88,0
DA:90,0
DA:91,0
DA:93,0
DA:94,0
DA:96,0
DA:97,0
DA:98,0
DA:99,0
DA:101,0
DA:103,0
DA:105,0
DA:106,0
DA:109,0
DA:110,0
DA:112,0
DA:113,0
DA:114,0
DA:119,0
DA:120,0
DA:123,0
DA:125,0
DA:128,0
DA:130,0
DA:131,0
DA:133,0
DA:135,0
DA:136,0
DA:143,0
DA:153,0
DA:154,0
DA:159,0
DA:160,0
DA:161,0
DA:172,0
DA:174,0
DA:179,0
DA:180,0
DA:181,0
DA:207,0
DA:209,0
DA:210,0
DA:224,0
LF:73
LH:0
BRDA:17,0,0,0
BRDA:17,0,1,0
BRDA:18,1,0,0
BRDA:18,1,1,0
BRDA:18,1,2,0
BRDA:25,2,0,0
BRDA:25,2,1,0
BRDA:27,3,0,0
BRDA:27,3,1,0
BRDA:36,4,0,0
BRDA:36,4,1,0
BRDA:52,5,0,0
BRDA:52,5,1,0
BRDA:54,6,0,0
BRDA:54,6,1,0
BRDA:55,7,0,0
BRDA:55,7,1,0
BRDA:62,8,0,0
BRDA:62,8,1,0
BRDA:64,9,0,0
BRDA:64,9,1,0
BRDA:66,10,0,0
BRDA:66,10,1,0
BRDA:78,11,0,0
BRDA:79,12,0,0
BRDA:101,13,0,0
BRDA:101,13,1,0
BRDA:112,14,0,0
BRDA:112,14,1,0
BRDA:131,15,0,0
BRDA:131,15,1,0
BRDA:135,16,0,0
BRDA:135,16,1,0
BRDA:145,17,0,0
BRDA:145,17,1,0
BRDA:145,18,0,0
BRDA:145,18,1,0
BRDA:153,19,0,0
BRDA:153,19,1,0
BRDA:159,20,0,0
BRDA:159,20,1,0
BRDA:164,21,0,0
BRDA:164,21,1,0
BRDA:166,22,0,0
BRDA:166,22,1,0
BRDA:172,23,0,0
BRDA:172,23,1,0
BRDA:179,24,0,0
BRDA:179,24,1,0
BRDA:184,25,0,0
BRDA:184,25,1,0
BRDA:184,26,0,0
BRDA:184,26,1,0
BRDA:186,27,0,0
BRDA:186,27,1,0
BRDA:194,28,0,0
BRDA:194,28,1,0
BRDA:194,29,0,0
BRDA:194,29,1,0
BRDA:204,30,0,0
BRDA:204,30,1,0
BRDA:207,31,0,0
BRDA:207,31,1,0
BRF:63
BRH:0
end_of_record
TN:
SF:components\ScheduleComponents\ScheduleDay.tsx
FN:28,ScheduleDayComponent
FN:63,(anonymous_1)
FN:75,saveEditedClasses
FN:78,(anonymous_3)
FN:80,(anonymous_4)
FN:84,(anonymous_5)
FN:89,(anonymous_6)
FN:93,(anonymous_7)
FN:102,(anonymous_8)
FN:106,(anonymous_9)
FN:110,addPlaceholders
FN:116,(anonymous_11)
FN:117,(anonymous_12)
FN:146,(anonymous_13)
FN:147,(anonymous_14)
FN:149,(anonymous_15)
FN:158,(anonymous_16)
FN:167,(anonymous_17)
FN:170,(anonymous_18)
FN:187,(anonymous_19)
FN:188,(anonymous_20)
FN:199,(anonymous_21)
FN:201,(anonymous_22)
FN:212,(anonymous_23)
FN:216,(anonymous_24)
FN:217,(anonymous_25)
FN:220,(anonymous_26)
FN:221,(anonymous_27)
FNF:28
FNH:0
FNDA:0,ScheduleDayComponent
FNDA:0,(anonymous_1)
FNDA:0,saveEditedClasses
FNDA:0,(anonymous_3)
FNDA:0,(anonymous_4)
FNDA:0,(anonymous_5)
FNDA:0,(anonymous_6)
FNDA:0,(anonymous_7)
FNDA:0,(anonymous_8)
FNDA:0,(anonymous_9)
FNDA:0,addPlaceholders
FNDA:0,(anonymous_11)
FNDA:0,(anonymous_12)
FNDA:0,(anonymous_13)
FNDA:0,(anonymous_14)
FNDA:0,(anonymous_15)
FNDA:0,(anonymous_16)
FNDA:0,(anonymous_17)
FNDA:0,(anonymous_18)
FNDA:0,(anonymous_19)
FNDA:0,(anonymous_20)
FNDA:0,(anonymous_21)
FNDA:0,(anonymous_22)
FNDA:0,(anonymous_23)
FNDA:0,(anonymous_24)
FNDA:0,(anonymous_25)
FNDA:0,(anonymous_26)
FNDA:0,(anonymous_27)
DA:47,0
DA:48,0
DA:60,0
DA:62,0
DA:64,0
DA:65,0
DA:70,0
DA:72,0
DA:73,0
DA:76,0
DA:77,0
DA:78,0
DA:80,0
DA:83,0
DA:84,0
DA:87,0
DA:89,0
DA:90,0
DA:93,0
DA:94,0
DA:95,0
DA:102,0
DA:103,0
DA:106,0
DA:107,0
DA:111,0
DA:112,0
DA:115,0
DA:116,0
DA:117,0
DA:118,0
DA:120,0
DA:121,0
DA:123,0
DA:127,0
DA:131,0
DA:133,0
DA:146,0
DA:149,0
DA:150,0
DA:151,0
DA:155,0
DA:156,0
DA:159,0
DA:168,0
DA:171,0
DA:172,0
DA:176,0
DA:187,0
DA:188,0
DA:189,0
DA:190,0
DA:191,0
DA:196,0
DA:200,0
DA:202,0
DA:213,0
DA:217,0
DA:218,0
DA:220,0
DA:221,0
DA:223,0
DA:225,0
DA:228,0
DA:229,0
DA:230,0
DA:231,0
DA:233,0
DA:236,0
DA:241,0
DA:245,0
DA:246,0
DA:257,0
DA:265,0
LF:74
LH:0
BRDA:34,0,0,0
BRDA:36,1,0,0
BRDA:47,2,0,0
BRDA:47,2,1,0
BRDA:84,3,0,0
BRDA:84,3,1,0
BRDA:94,4,0,0
BRDA:94,4,1,0
BRDA:111,5,0,0
BRDA:111,5,1,0
BRDA:120,6,0,0
BRDA:120,6,1,0
BRDA:131,7,0,0
BRDA:131,7,1,0
BRDA:139,8,0,0
BRDA:139,8,1,0
BRDA:139,9,0,0
BRDA:139,9,1,0
BRDA:218,10,0,0
BRDA:218,10,1,0
BRDA:223,11,0,0
BRDA:223,11,1,0
BRDA:228,12,0,0
BRDA:228,12,1,0
BRDA:228,13,0,0
BRDA:228,13,1,0
BRDA:257,14,0,0
BRDA:257,14,1,0
BRF:28
BRH:0
end_of_record
TN:
SF:components\ScheduleComponents\ScheduleHeader.tsx
FN:15,ScheduleHeader
FN:37,(anonymous_1)
FN:57,(anonymous_2)
FN:70,(anonymous_3)
FNF:4
FNH:0
FNDA:0,ScheduleHeader
FNDA:0,(anonymous_1)
FNDA:0,(anonymous_2)
FNDA:0,(anonymous_3)
DA:22,0
DA:24,0
DA:25,0
DA:26,0
DA:27,0
DA:30,0
DA:31,0
DA:37,0
DA:58,0
DA:59,0
DA:72,0
DA:73,0
DA:86,0
DA:93,0
LF:14
LH:0
BRDA:25,0,0,0
BRDA:25,0,1,0
BRDA:51,1,0,0
BRDA:51,1,1,0
BRDA:56,2,0,0
BRDA:56,2,1,0
BRDA:67,3,0,0
BRDA:67,3,1,0
BRDA:75,4,0,0
BRDA:75,4,1,0
BRF:10
BRH:0
end_of_record
TN:
SF:components\ScheduleComponents\ScheduleText.tsx
FN:7,ScheduleText
FNF:1
FNH:0
FNDA:0,ScheduleText
DA:8,0
DA:23,0
LF:2
LH:0
BRF:0
BRH:0
end_of_record
TN:
SF:components\ScheduleEditorComponents\ScheduleClassUnderlay.tsx
FN:10,UnderlayRightSide
FN:21,(anonymous_1)
FNF:2
FNH:0
FNDA:0,UnderlayRightSide
FNDA:0,(anonymous_1)
DA:15,0
DA:17,0
DA:22,0
DA:23,0
DA:33,0
LF:5
LH:0
BRF:0
BRH:0
end_of_record
TN:
SF:components\templates\FunctionalComponentTemplate.tsx
FN:4,FunctionalComponentTemplate
FNF:1
FNH:0
FNDA:0,FunctionalComponentTemplate
DA:5,0
DA:12,0
LF:2
LH:0
BRF:0
BRH:0
end_of_record
TN:
SF:constants\Colors.ts
FNF:0
FNH:0
DA:1,0
DA:2,0
LF:2
LH:0
BRF:0
BRH:0
end_of_record
TN:
SF:constants\Constants.ts
FNF:0
FNH:0
DA:4,1
DA:13,1
DA:22,1
LF:3
LH:3
BRF:0
BRH:0
end_of_record
TN:
SF:constants\Contacts.tsx
FN:25,(anonymous_0)
FNF:1
FNH:0
FNDA:0,(anonymous_0)
DA:16,0
DA:25,0
DA:26,0
DA:33,0
DA:51,0
DA:74,0
DA:93,0
DA:116,0
DA:129,0
DA:147,0
DA:165,0
DA:175,0
LF:12
LH:0
BRF:0
BRH:0
end_of_record
TN:
SF:constants\Days.ts
FN:6,(anonymous_0)
FN:8,mapEnWorkDayToUkrWorkDay
FN:13,mapUkrWorkDayToEnWorkDay
FN:15,(anonymous_3)
FNF:4
FNH:1
FNDA:5,(anonymous_0)
FNDA:0,mapEnWorkDayToUkrWorkDay
FNDA:0,mapUkrWorkDayToEnWorkDay
FNDA:0,(anonymous_3)
DA:1,1
DA:2,1
DA:4,1
DA:5,1
DA:6,5
DA:9,0
DA:10,0
DA:14,0
DA:15,0
DA:17,0
DA:18,0
LF:11
LH:5
BRF:0
BRH:0
end_of_record
TN:
SF:constants\Descriptions.ts
FNF:0
FNH:0
DA:1,0
LF:1
LH:0
BRF:0
BRH:0
end_of_record
TN:
SF:constants\Keys.ts
FNF:0
FNH:0
DA:3,0
DA:4,0
LF:2
LH:0
BRF:0
BRH:0
end_of_record
TN:
SF:contexts\settingsContext.ts
FNF:0
FNH:0
DA:4,0
LF:1
LH:0
BRF:0
BRH:0
end_of_record
TN:
SF:models\ScheduleModel.ts
FN:14,(anonymous_0)
FN:20,(anonymous_1)
FN:26,(anonymous_2)
FN:32,(anonymous_3)
FN:43,(anonymous_4)
FN:44,(anonymous_5)
FN:48,(anonymous_6)
FN:50,(anonymous_7)
FN:70,(anonymous_8)
FN:83,(anonymous_9)
FN:97,(anonymous_10)
FN:98,(anonymous_11)
FN:102,(anonymous_12)
FN:104,(anonymous_13)
FN:109,(anonymous_14)
FN:110,(anonymous_15)
FN:115,(anonymous_16)
FN:116,(anonymous_17)
FN:120,(anonymous_18)
FN:126,(anonymous_19)
FN:174,(anonymous_20)
FN:207,(anonymous_21)
FN:222,(anonymous_22)
FN:227,(anonymous_23)
FN:231,(anonymous_24)
FN:247,(anonymous_25)
FNF:26
FNH:0
FNDA:0,(anonymous_0)
FNDA:0,(anonymous_1)
FNDA:0,(anonymous_2)
FNDA:0,(anonymous_3)
FNDA:0,(anonymous_4)
FNDA:0,(anonymous_5)
FNDA:0,(anonymous_6)
FNDA:0,(anonymous_7)
FNDA:0,(anonymous_8)
FNDA:0,(anonymous_9)
FNDA:0,(anonymous_10)
FNDA:0,(anonymous_11)
FNDA:0,(anonymous_12)
FNDA:0,(anonymous_13)
FNDA:0,(anonymous_14)
FNDA:0,(anonymous_15)
FNDA:0,(anonymous_16)
FNDA:0,(anonymous_17)
FNDA:0,(anonymous_18)
FNDA:0,(anonymous_19)
FNDA:0,(anonymous_20)
FNDA:0,(anonymous_21)
FNDA:0,(anonymous_22)
FNDA:0,(anonymous_23)
FNDA:0,(anonymous_24)
FNDA:0,(anonymous_25)
DA:14,0
DA:15,0
DA:17,0
DA:18,0
DA:21,0
DA:22,0
DA:23,0
DA:29,0
DA:30,0
DA:32,0
DA:33,0
DA:35,0
DA:36,0
DA:37,0
DA:40,0
DA:45,0
DA:49,0
DA:50,0
DA:52,0
DA:53,0
DA:54,0
DA:56,0
DA:59,0
DA:61,0
DA:65,0
DA:67,0
DA:72,0
DA:73,0
DA:75,0
DA:77,0
DA:79,0
DA:81,0
DA:83,0
DA:84,0
DA:85,0
DA:89,0
DA:98,0
DA:99,0
DA:103,0
DA:104,0
DA:105,0
DA:110,0
DA:111,0
DA:116,0
DA:117,0
DA:121,0
DA:123,0
DA:124,0
DA:126,0
DA:128,0
DA:138,0
DA:170,0
DA:175,0
DA:176,0
DA:177,0
DA:181,0
DA:182,0
DA:183,0
DA:185,0
DA:188,0
DA:189,0
DA:190,0
DA:192,0
DA:195,0
DA:196,0
DA:198,0
DA:200,0
DA:203,0
DA:204,0
DA:205,0
DA:208,0
DA:223,0
DA:224,0
DA:228,0
DA:236,0
DA:238,0
DA:240,0
DA:241,0
DA:242,0
DA:244,0
DA:251,0
DA:255,0
LF:82
LH:0
BRDA:33,0,0,0
BRDA:33,0,1,0
BRDA:52,1,0,0
BRDA:52,1,1,0
BRDA:73,2,0,0
BRDA:73,2,1,0
BRDA:75,3,0,0
BRDA:75,3,1,0
BRDA:79,4,0,0
BRDA:79,4,1,0
BRDA:84,5,0,0
BRDA:84,5,1,0
BRDA:104,6,0,0
BRDA:104,6,1,0
BRDA:110,7,0,0
BRDA:110,7,1,0
BRDA:116,8,0,0
BRDA:116,8,1,0
BRDA:121,9,0,0
BRDA:121,9,1,0
BRDA:123,10,0,0
BRDA:123,10,1,0
BRDA:126,11,0,0
BRDA:126,11,1,0
BRDA:176,12,0,0
BRDA:176,12,1,0
BRDA:182,13,0,0
BRDA:182,13,1,0
BRDA:182,14,0,0
BRDA:182,14,1,0
BRDA:189,15,0,0
BRDA:189,15,1,0
BRDA:189,16,0,0
BRDA:189,16,1,0
BRDA:198,17,0,0
BRDA:198,17,1,0
BRDA:224,18,0,0
BRDA:224,18,1,0
BRDA:224,19,0,0
BRDA:224,19,1,0
BRDA:238,20,0,0
BRDA:238,20,1,0
BRDA:242,21,0,0
BRDA:242,21,1,0
BRDA:242,21,2,0
BRDA:251,22,0,0
BRDA:251,22,1,0
BRDA:251,22,2,0
BRF:48
BRH:0
end_of_record
TN:
SF:models\TeacherTableModel.ts
FN:24,(anonymous_0)
FN:32,(anonymous_1)
FN:36,(anonymous_2)
FN:53,(anonymous_3)
FN:61,(anonymous_4)
FNF:5
FNH:0
FNDA:0,(anonymous_0)
FNDA:0,(anonymous_1)
FNDA:0,(anonymous_2)
FNDA:0,(anonymous_3)
FNDA:0,(anonymous_4)
DA:16,0
DA:17,0
DA:25,0
DA:26,0
DA:29,0
DA:33,0
DA:40,0
DA:42,0
DA:44,0
DA:46,0
DA:54,0
DA:55,0
DA:57,0
DA:58,0
DA:62,0
DA:63,0
DA:65,0
DA:66,0
DA:67,0
DA:69,0
LF:20
LH:0
BRDA:25,0,0,0
BRDA:25,0,1,0
BRDA:40,1,0,0
BRDA:40,1,1,0
BRDA:44,2,0,0
BRDA:44,2,1,0
BRDA:55,3,0,0
BRDA:55,3,1,0
BRDA:57,4,0,0
BRDA:57,4,1,0
BRDA:63,5,0,0
BRDA:63,5,1,0
BRF:12
BRH:0
end_of_record
TN:
SF:routes\ContactsStack.tsx
FN:14,ContactsStack
FN:27,(anonymous_1)
FN:34,(anonymous_2)
FNF:3
FNH:0
FNDA:0,ContactsStack
FNDA:0,(anonymous_1)
FNDA:0,(anonymous_2)
DA:12,0
DA:15,0
DA:27,0
DA:35,0
LF:4
LH:0
BRF:0
BRH:0
end_of_record
TN:
SF:routes\ContactsStackRoutes.ts
FNF:0
FNH:0
LF:0
LH:0
BRF:0
BRH:0
end_of_record
TN:
SF:routes\ContactsTestStack.tsx
FN:12,ContactsTestStack
FN:25,(anonymous_1)
FN:32,(anonymous_2)
FNF:3
FNH:0
FNDA:0,ContactsTestStack
FNDA:0,(anonymous_1)
FNDA:0,(anonymous_2)
DA:10,0
DA:13,0
DA:25,0
DA:32,0
LF:4
LH:0
BRF:0
BRH:0
end_of_record
TN:
SF:routes\DrawerRoutes.ts
FNF:0
FNH:0
LF:0
LH:0
BRF:0
BRH:0
end_of_record
TN:
SF:routes\EditorStack.tsx
FN:16,EditorStack
FN:29,(anonymous_1)
FN:36,(anonymous_2)
FNF:3
FNH:0
FNDA:0,EditorStack
FNDA:0,(anonymous_1)
FNDA:0,(anonymous_2)
DA:9,0
DA:17,0
DA:29,0
DA:36,0
LF:4
LH:0
BRF:0
BRH:0
end_of_record
TN:
SF:routes\EditorStackRoutes.ts
FNF:0
FNH:0
LF:0
LH:0
BRF:0
BRH:0
end_of_record
TN:
SF:routes\globalDrawer.ts
FNF:0
FNH:0
DA:3,0
LF:1
LH:0
BRF:0
BRH:0
end_of_record
TN:
SF:routes\testEditorStack.tsx
FN:11,TestEditorStack
FN:24,(anonymous_1)
FN:31,(anonymous_2)
FNF:3
FNH:0
FNDA:0,TestEditorStack
FNDA:0,(anonymous_1)
FNDA:0,(anonymous_2)
DA:9,0
DA:12,0
DA:24,0
DA:31,0
LF:4
LH:0
BRF:0
BRH:0
end_of_record
TN:
SF:routes\testTabs.tsx
FN:16,DeviceInfoScreen
FN:36,TestTabs
FN:51,(anonymous_2)
FN:59,(anonymous_3)
FN:67,(anonymous_4)
FN:75,(anonymous_5)
FN:83,(anonymous_6)
FN:91,(anonymous_7)
FN:99,(anonymous_8)
FNF:9
FNH:0
FNDA:0,DeviceInfoScreen
FNDA:0,TestTabs
FNDA:0,(anonymous_2)
FNDA:0,(anonymous_3)
FNDA:0,(anonymous_4)
FNDA:0,(anonymous_5)
FNDA:0,(anonymous_6)
FNDA:0,(anonymous_7)
FNDA:0,(anonymous_8)
DA:17,0
DA:18,0
DA:19,0
DA:20,0
DA:22,0
DA:34,0
DA:37,0
DA:51,0
DA:59,0
DA:67,0
DA:75,0
DA:83,0
DA:91,0
DA:99,0
LF:14
LH:0
BRF:0
BRH:0
end_of_record
TN:
SF:screens\AboutScreen.tsx
FN:13,AboutScreen
FN:68,(anonymous_1)
FN:94,(anonymous_2)
FN:110,(anonymous_3)
FN:120,(anonymous_4)
FN:136,(anonymous_5)
FN:146,(anonymous_6)
FN:230,(anonymous_7)
FNF:8
FNH:0
FNDA:0,AboutScreen
FNDA:0,(anonymous_1)
FNDA:0,(anonymous_2)
FNDA:0,(anonymous_3)
FNDA:0,(anonymous_4)
FNDA:0,(anonymous_5)
FNDA:0,(anonymous_6)
FNDA:0,(anonymous_7)
DA:14,0
DA:15,0
DA:17,0
DA:69,0
DA:95,0
DA:111,0
DA:121,0
DA:137,0
DA:147,0
DA:231,0
DA:253,0
DA:255,0
LF:12
LH:0
BRF:0
BRH:0
end_of_record
TN:
SF:screens\ContactsScreen.tsx
FN:27,Category
FN:49,(anonymous_1)
FN:50,(anonymous_2)
FN:53,(anonymous_3)
FN:59,(anonymous_4)
FN:83,(anonymous_5)
FN:94,(anonymous_6)
FN:108,(anonymous_7)
FN:129,ContactsScreen
FN:175,(anonymous_9)
FN:181,(anonymous_10)
FN:187,(anonymous_11)
FN:207,(anonymous_12)
FN:211,(anonymous_13)
FN:217,(anonymous_14)
FN:221,(anonymous_15)
FN:227,(anonymous_16)
FN:231,(anonymous_17)
FN:237,(anonymous_18)
FN:241,(anonymous_19)
FN:247,(anonymous_20)
FN:251,(anonymous_21)
FN:257,(anonymous_22)
FN:261,(anonymous_23)
FN:267,(anonymous_24)
FN:271,(anonymous_25)
FN:281,(anonymous_26)
FN:283,(anonymous_27)
FN:287,(anonymous_28)
FN:293,(anonymous_29)
FN:297,(anonymous_30)
FNF:31
FNH:0
FNDA:0,Category
FNDA:0,(anonymous_1)
FNDA:0,(anonymous_2)
FNDA:0,(anonymous_3)
FNDA:0,(anonymous_4)
FNDA:0,(anonymous_5)
FNDA:0,(anonymous_6)
FNDA:0,(anonymous_7)
FNDA:0,ContactsScreen
FNDA:0,(anonymous_9)
FNDA:0,(anonymous_10)
FNDA:0,(anonymous_11)
FNDA:0,(anonymous_12)
FNDA:0,(anonymous_13)
FNDA:0,(anonymous_14)
FNDA:0,(anonymous_15)
FNDA:0,(anonymous_16)
FNDA:0,(anonymous_17)
FNDA:0,(anonymous_18)
FNDA:0,(anonymous_19)
FNDA:0,(anonymous_20)
FNDA:0,(anonymous_21)
FNDA:0,(anonymous_22)
FNDA:0,(anonymous_23)
FNDA:0,(anonymous_24)
FNDA:0,(anonymous_25)
FNDA:0,(anonymous_26)
FNDA:0,(anonymous_27)
FNDA:0,(anonymous_28)
FNDA:0,(anonymous_29)
FNDA:0,(anonymous_30)
DA:40,0
DA:49,0
DA:51,0
DA:54,0
DA:55,0
DA:57,0
DA:69,0
DA:83,0
DA:84,0
DA:95,0
DA:96,0
DA:97,0
DA:98,0
DA:108,0
DA:115,0
DA:130,0
DA:132,0
DA:134,0
DA:135,0
DA:136,0
DA:140,0
DA:142,0
DA:143,0
DA:144,0
DA:145,0
DA:146,0
DA:148,0
DA:158,0
DA:160,0
DA:175,0
DA:181,0
DA:188,0
DA:190,0
DA:194,0
DA:207,0
DA:211,0
DA:217,0
DA:221,0
DA:227,0
DA:231,0
DA:237,0
DA:241,0
DA:247,0
DA:251,0
DA:257,0
DA:261,0
DA:267,0
DA:271,0
DA:283,0
DA:287,0
DA:293,0
DA:297,0
DA:307,0
LF:53
LH:0
BRDA:95,0,0,0
BRDA:95,0,1,0
BRDA:96,1,0,0
BRDA:96,1,1,0
BRDA:98,2,0,0
BRDA:98,2,1,0
BRDA:100,3,0,0
BRDA:100,3,1,0
BRDA:102,4,0,0
BRDA:102,4,1,0
BRDA:113,5,0,0
BRF:11
BRH:0
end_of_record
TN:
SF:screens\NewsScreen.tsx
FN:10,truncateText
FN:18,NewsCard
FN:36,(anonymous_2)
FN:46,NewsScreen
FN:59,(anonymous_4)
FN:60,onMount
FN:78,(anonymous_6)
FNF:7
FNH:0
FNDA:0,truncateText
FNDA:0,NewsCard
FNDA:0,(anonymous_2)
FNDA:0,NewsScreen
FNDA:0,(anonymous_4)
FNDA:0,onMount
FNDA:0,(anonymous_6)
DA:11,0
DA:12,0
DA:14,0
DA:20,0
DA:21,0
DA:22,0
DA:23,0
DA:24,0
DA:26,0
DA:28,0
DA:36,0
DA:47,0
DA:59,0
DA:61,0
DA:63,0
DA:64,0
DA:66,0
DA:69,0
DA:72,0
DA:75,0
DA:78,0
DA:84,0
LF:22
LH:0
BRDA:11,0,0,0
BRDA:11,0,1,0
BRDA:34,1,0,0
BRDA:34,1,1,0
BRDA:38,2,0,0
BRDA:38,2,1,0
BRF:6
BRH:0
end_of_record
TN:
SF:screens\ReglamentScreen.tsx
FN:17,(anonymous_0)
FN:37,ReglamentScreen
FN:42,(anonymous_2)
FN:50,(anonymous_3)
FN:59,(anonymous_4)
FN:62,(anonymous_5)
FN:71,(anonymous_6)
FN:100,(anonymous_7)
FN:120,(anonymous_8)
FN:129,(anonymous_9)
FN:133,(anonymous_10)
FN:152,(anonymous_11)
FNF:12
FNH:0
FNDA:0,(anonymous_0)
FNDA:0,ReglamentScreen
FNDA:0,(anonymous_2)
FNDA:0,(anonymous_3)
FNDA:0,(anonymous_4)
FNDA:0,(anonymous_5)
FNDA:0,(anonymous_6)
FNDA:0,(anonymous_7)
FNDA:0,(anonymous_8)
FNDA:0,(anonymous_9)
FNDA:0,(anonymous_10)
FNDA:0,(anonymous_11)
DA:15,0
DA:17,0
DA:20,0
DA:21,0
DA:24,0
DA:27,0
DA:32,0
DA:38,0
DA:39,0
DA:43,0
DA:50,0
DA:51,0
DA:53,0
DA:54,0
DA:56,0
DA:59,0
DA:60,0
DA:62,0
DA:63,0
DA:64,0
DA:65,0
DA:66,0
DA:67,0
DA:71,0
DA:72,0
DA:76,0
DA:100,0
DA:101,0
DA:102,0
DA:104,0
DA:105,0
DA:107,0
DA:109,0
DA:110,0
DA:111,0
DA:112,0
DA:114,0
DA:116,0
DA:121,0
DA:130,0
DA:131,0
DA:134,0
DA:150,0
DA:153,0
DA:166,0
LF:45
LH:0
BRDA:20,0,0,0
BRDA:20,0,1,0
BRDA:20,1,0,0
BRDA:20,1,1,0
BRDA:65,2,0,0
BRDA:65,2,1,0
BRDA:79,3,0,0
BRDA:79,3,1,0
BRDA:105,4,0,0
BRDA:105,4,1,0
BRDA:130,5,0,0
BRDA:130,5,1,0
BRF:12
BRH:0
end_of_record
TN:
SF:screens\ScheduleEditorScreen.tsx
FN:5,ScheduleEditorScreen
FNF:1
FNH:0
FNDA:0,ScheduleEditorScreen
DA:6,0
LF:1
LH:0
BRF:0
BRH:0
end_of_record
TN:
SF:screens\ScheduleScreen.tsx
FN:29,ScheduleScreen
FN:53,(anonymous_1)
FN:94,(anonymous_2)
FN:95,onMount
FN:118,(anonymous_4)
FN:140,(anonymous_5)
FN:141,(anonymous_6)
FN:147,(anonymous_7)
FN:158,(anonymous_8)
FN:171,(anonymous_9)
FN:185,(anonymous_10)
FN:196,(anonymous_11)
FN:216,(anonymous_12)
FN:281,(anonymous_13)
FN:297,(anonymous_14)
FNF:15
FNH:0
FNDA:0,ScheduleScreen
FNDA:0,(anonymous_1)
FNDA:0,(anonymous_2)
FNDA:0,onMount
FNDA:0,(anonymous_4)
FNDA:0,(anonymous_5)
FNDA:0,(anonymous_6)
FNDA:0,(anonymous_7)
FNDA:0,(anonymous_8)
FNDA:0,(anonymous_9)
FNDA:0,(anonymous_10)
FNDA:0,(anonymous_11)
FNDA:0,(anonymous_12)
FNDA:0,(anonymous_13)
FNDA:0,(anonymous_14)
DA:31,0
DA:34,0
DA:35,0
DA:37,0
DA:38,0
DA:39,0
DA:41,0
DA:43,0
DA:44,0
DA:45,0
DA:47,0
DA:48,0
DA:50,0
DA:52,0
DA:55,0
DA:56,0
DA:57,0
DA:58,0
DA:59,0
DA:61,0
DA:62,0
DA:64,0
DA:66,0
DA:67,0
DA:70,0
DA:71,0
DA:72,0
DA:75,0
DA:76,0
DA:77,0
DA:81,0
DA:83,0
DA:87,0
DA:88,0
DA:94,0
DA:96,0
DA:98,0
DA:100,0
DA:102,0
DA:104,0
DA:107,0
DA:108,0
DA:110,0
DA:112,0
DA:117,0
DA:118,0
DA:119,0
DA:120,0
DA:124,0
DA:126,0
DA:127,0
DA:128,0
DA:130,0
DA:132,0
DA:134,0
DA:135,0
DA:138,0
DA:140,0
DA:141,0
DA:142,0
DA:147,0
DA:148,0
DA:151,0
DA:152,0
DA:154,0
DA:157,0
DA:159,0
DA:165,0
DA:166,0
DA:167,0
DA:170,0
DA:171,0
DA:172,0
DA:176,0
DA:177,0
DA:181,0
DA:183,0
DA:184,0
DA:185,0
DA:186,0
DA:189,0
DA:196,0
DA:202,0
DA:203,0
DA:213,0
DA:214,0
DA:217,0
DA:218,0
DA:224,0
DA:226,0
DA:282,0
DA:283,0
DA:284,0
DA:286,0
DA:287,0
DA:290,0
DA:291,0
DA:293,0
DA:298,0
DA:299,0
DA:300,0
DA:309,0
DA:310,0
DA:313,0
DA:320,0
DA:321,0
DA:351,0
LF:107
LH:0
BRDA:29,0,0,0
BRDA:64,1,0,0
BRDA:64,1,1,0
BRDA:70,2,0,0
BRDA:70,2,1,0
BRDA:81,3,0,0
BRDA:81,3,1,0
BRDA:87,4,0,0
BRDA:87,4,1,0
BRDA:110,5,0,0
BRDA:110,5,1,0
BRDA:113,6,0,0
BRDA:113,6,1,0
BRDA:117,7,0,0
BRDA:117,7,1,0
BRDA:151,8,0,0
BRDA:151,8,1,0
BRDA:159,9,0,0
BRDA:159,9,1,0
BRDA:165,10,0,0
BRDA:165,10,1,0
BRDA:165,11,0,0
BRDA:165,11,1,0
BRDA:176,12,0,0
BRDA:176,12,1,0
BRDA:181,13,0,0
BRDA:181,13,1,0
BRDA:202,14,0,0
BRDA:202,14,1,0
BRDA:213,15,0,0
BRDA:213,15,1,0
BRDA:239,16,0,0
BRDA:239,16,1,0
BRDA:286,17,0,0
BRDA:286,17,1,0
BRDA:286,18,0,0
BRDA:286,18,1,0
BRDA:286,18,2,0
BRDA:291,19,0,0
BRDA:291,19,1,0
BRDA:309,20,0,0
BRDA:309,20,1,0
BRDA:310,21,0,0
BRDA:310,21,1,0
BRDA:320,22,0,0
BRDA:320,22,1,0
BRDA:331,23,0,0
BRDA:331,23,1,0
BRDA:335,24,0,0
BRDA:335,24,1,0
BRDA:336,25,0,0
BRDA:336,25,1,0
BRF:52
BRH:0
end_of_record
TN:
SF:screens\SettingsScreen.tsx
FN:29,Settings
FN:54,(anonymous_1)
FN:55,onMount
FN:86,(anonymous_3)
FN:90,(anonymous_4)
FN:98,(anonymous_5)
FN:107,(anonymous_6)
FN:131,toggleNotifs
FN:143,constructCategoryHeader
FN:152,constructSettingsRow
FN:191,(anonymous_10)
FN:208,(anonymous_11)
FN:220,(anonymous_12)
FN:222,(anonymous_13)
FN:223,(anonymous_14)
FN:260,(anonymous_15)
FN:296,(anonymous_16)
FN:297,(anonymous_17)
FN:316,(anonymous_18)
FN:331,(anonymous_19)
FN:346,(anonymous_20)
FN:347,(anonymous_21)
FN:363,(anonymous_22)
FN:378,(anonymous_23)
FN:379,(anonymous_24)
FNF:25
FNH:0
FNDA:0,Settings
FNDA:0,(anonymous_1)
FNDA:0,onMount
FNDA:0,(anonymous_3)
FNDA:0,(anonymous_4)
FNDA:0,(anonymous_5)
FNDA:0,(anonymous_6)
FNDA:0,toggleNotifs
FNDA:0,constructCategoryHeader
FNDA:0,constructSettingsRow
FNDA:0,(anonymous_10)
FNDA:0,(anonymous_11)
FNDA:0,(anonymous_12)
FNDA:0,(anonymous_13)
FNDA:0,(anonymous_14)
FNDA:0,(anonymous_15)
FNDA:0,(anonymous_16)
FNDA:0,(anonymous_17)
FNDA:0,(anonymous_18)
FNDA:0,(anonymous_19)
FNDA:0,(anonymous_20)
FNDA:0,(anonymous_21)
FNDA:0,(anonymous_22)
FNDA:0,(anonymous_23)
FNDA:0,(anonymous_24)
DA:30,0
DA:32,0
DA:35,0
DA:44,0
DA:45,0
DA:47,0
DA:49,0
DA:50,0
DA:52,0
DA:54,0
DA:56,0
DA:57,0
DA:68,0
DA:70,0
DA:79,0
DA:84,0
DA:86,0
DA:87,0
DA:90,0
DA:91,0
DA:96,0
DA:98,0
DA:99,0
DA:101,0
DA:103,0
DA:107,0
DA:108,0
DA:118,0
DA:121,0
DA:122,0
DA:123,0
DA:124,0
DA:125,0
DA:126,0
DA:127,0
DA:129,0
DA:132,0
DA:133,0
DA:135,0
DA:136,0
DA:137,0
DA:139,0
DA:144,0
DA:153,0
DA:161,0
DA:162,0
DA:179,0
DA:192,0
DA:197,0
DA:208,0
DA:220,0
DA:222,0
DA:224,0
DA:225,0
DA:230,0
DA:261,0
DA:262,0
DA:296,0
DA:298,0
DA:317,0
DA:331,0
DA:346,0
DA:348,0
DA:363,0
DA:378,0
DA:380,0
DA:397,0
LF:67
LH:0
BRDA:108,0,0,0
BRDA:108,0,1,0
BRDA:133,1,0,0
BRDA:133,1,1,0
BRDA:161,2,0,0
BRDA:161,2,1,0
BRDA:167,3,0,0
BRDA:167,3,1,0
BRDA:269,4,0,0
BRDA:269,4,1,0
BRDA:290,5,0,0
BRDA:290,5,1,0
BRF:12
BRH:0
end_of_record
TN:
SF:screens\TeachersScreen.tsx
FN:15,TeachersScreen
FN:22,(anonymous_1)
FN:37,(anonymous_2)
FN:38,(anonymous_3)
FN:56,(anonymous_4)
FN:68,(anonymous_5)
FNF:6
FNH:0
FNDA:0,TeachersScreen
FNDA:0,(anonymous_1)
FNDA:0,(anonymous_2)
FNDA:0,(anonymous_3)
FNDA:0,(anonymous_4)
FNDA:0,(anonymous_5)
DA:16,0
DA:18,0
DA:20,0
DA:22,0
DA:23,0
DA:24,0
DA:27,0
DA:37,0
DA:39,0
DA:40,0
DA:57,0
DA:58,0
DA:69,0
DA:71,0
DA:87,0
LF:15
LH:0
BRDA:64,0,0,0
BRDA:64,0,1,0
BRF:2
BRH:0
end_of_record
TN:
SF:screens\TestTabsScreens\ContactsModalsTestScreen.tsx
FN:21,ContactsModalTestScreen
FN:44,(anonymous_1)
FN:235,(anonymous_2)
FN:246,(anonymous_3)
FN:260,(anonymous_4)
FN:284,(anonymous_5)
FN:288,(anonymous_6)
FN:294,(anonymous_7)
FN:298,(anonymous_8)
FN:304,(anonymous_9)
FN:308,(anonymous_10)
FN:314,(anonymous_11)
FN:320,(anonymous_12)
FN:325,(anonymous_13)
FN:330,(anonymous_14)
FN:334,(anonymous_15)
FN:340,(anonymous_16)
FN:344,(anonymous_17)
FN:350,(anonymous_18)
FN:354,(anonymous_19)
FNF:20
FNH:0
FNDA:0,ContactsModalTestScreen
FNDA:0,(anonymous_1)
FNDA:0,(anonymous_2)
FNDA:0,(anonymous_3)
FNDA:0,(anonymous_4)
FNDA:0,(anonymous_5)
FNDA:0,(anonymous_6)
FNDA:0,(anonymous_7)
FNDA:0,(anonymous_8)
FNDA:0,(anonymous_9)
FNDA:0,(anonymous_10)
FNDA:0,(anonymous_11)
FNDA:0,(anonymous_12)
FNDA:0,(anonymous_13)
FNDA:0,(anonymous_14)
FNDA:0,(anonymous_15)
FNDA:0,(anonymous_16)
FNDA:0,(anonymous_17)
FNDA:0,(anonymous_18)
FNDA:0,(anonymous_19)
DA:22,0
DA:24,0
DA:25,0
DA:26,0
DA:30,0
DA:31,0
DA:32,0
DA:33,0
DA:35,0
DA:44,0
DA:45,0
DA:52,0
DA:70,0
DA:93,0
DA:112,0
DA:135,0
DA:148,0
DA:166,0
DA:184,0
DA:194,0
DA:235,0
DA:236,0
DA:247,0
DA:248,0
DA:249,0
DA:250,0
DA:260,0
DA:267,0
DA:281,0
DA:284,0
DA:288,0
DA:294,0
DA:298,0
DA:304,0
DA:308,0
DA:314,0
DA:320,0
DA:325,0
DA:330,0
DA:334,0
DA:340,0
DA:344,0
DA:350,0
DA:354,0
DA:362,0
LF:45
LH:0
BRDA:247,0,0,0
BRDA:247,0,1,0
BRDA:248,1,0,0
BRDA:248,1,1,0
BRDA:250,2,0,0
BRDA:250,2,1,0
BRDA:252,3,0,0
BRDA:252,3,1,0
BRDA:254,4,0,0
BRDA:254,4,1,0
BRDA:265,5,0,0
BRF:11
BRH:0
end_of_record
TN:
SF:screens\TestTabsScreens\FacultiesTestScreen.tsx
FN:8,FacultiesTestScreen
FN:11,(anonymous_1)
FN:34,(anonymous_2)
FN:41,(anonymous_3)
FNF:4
FNH:0
FNDA:0,FacultiesTestScreen
FNDA:0,(anonymous_1)
FNDA:0,(anonymous_2)
FNDA:0,(anonymous_3)
DA:11,0
DA:18,0
DA:34,0
DA:41,0
DA:55,0
DA:84,0
LF:6
LH:0
BRF:0
BRH:0
end_of_record
TN:
SF:screens\TestTabsScreens\FileSystemScreen.tsx
FN:22,FileSystemScreen
FN:39,(anonymous_1)
FN:52,(anonymous_2)
FN:53,init
FN:72,(anonymous_4)
FN:76,(anonymous_5)
FN:83,(anonymous_6)
FN:91,(anonymous_7)
FN:95,(anonymous_8)
FN:101,(anonymous_9)
FN:109,(anonymous_10)
FN:115,(anonymous_11)
FN:130,initFields
FN:150,(anonymous_13)
FN:151,(anonymous_14)
FN:154,(anonymous_15)
FN:155,(anonymous_16)
FN:160,(anonymous_17)
FN:162,(anonymous_18)
FN:168,(anonymous_19)
FN:171,(anonymous_20)
FN:172,(anonymous_21)
FN:173,(anonymous_22)
FN:176,(anonymous_23)
FN:181,(anonymous_24)
FN:185,(anonymous_25)
FN:230,(anonymous_26)
FNF:27
FNH:0
FNDA:0,FileSystemScreen
FNDA:0,(anonymous_1)
FNDA:0,(anonymous_2)
FNDA:0,init
FNDA:0,(anonymous_4)
FNDA:0,(anonymous_5)
FNDA:0,(anonymous_6)
FNDA:0,(anonymous_7)
FNDA:0,(anonymous_8)
FNDA:0,(anonymous_9)
FNDA:0,(anonymous_10)
FNDA:0,(anonymous_11)
FNDA:0,initFields
FNDA:0,(anonymous_13)
FNDA:0,(anonymous_14)
FNDA:0,(anonymous_15)
FNDA:0,(anonymous_16)
FNDA:0,(anonymous_17)
FNDA:0,(anonymous_18)
FNDA:0,(anonymous_19)
FNDA:0,(anonymous_20)
FNDA:0,(anonymous_21)
FNDA:0,(anonymous_22)
FNDA:0,(anonymous_23)
FNDA:0,(anonymous_24)
FNDA:0,(anonymous_25)
FNDA:0,(anonymous_26)
DA:18,0
DA:23,0
DA:25,0
DA:26,0
DA:28,0
DA:29,0
DA:31,0
DA:32,0
DA:34,0
DA:35,0
DA:36,0
DA:37,0
DA:39,0
DA:40,0
DA:42,0
DA:43,0
DA:45,0
DA:47,0
DA:48,0
DA:49,0
DA:52,0
DA:58,0
DA:60,0
DA:61,0
DA:62,0
DA:64,0
DA:70,0
DA:73,0
DA:74,0
DA:77,0
DA:78,0
DA:81,0
DA:84,0
DA:85,0
DA:86,0
DA:88,0
DA:89,0
DA:90,0
DA:92,0
DA:93,0
DA:95,0
DA:96,0
DA:102,0
DA:103,0
DA:105,0
DA:106,0
DA:109,0
DA:110,0
DA:112,0
DA:114,0
DA:115,0
DA:118,0
DA:121,0
DA:124,0
DA:127,0
DA:132,0
DA:136,0
DA:137,0
DA:139,0
DA:141,0
DA:143,0
DA:144,0
DA:147,0
DA:150,0
DA:151,0
DA:154,0
DA:155,0
DA:161,0
DA:162,0
DA:163,0
DA:169,0
DA:172,0
DA:173,0
DA:177,0
DA:179,0
DA:180,0
DA:181,0
DA:182,0
DA:185,0
DA:186,0
DA:187,0
DA:230,0
DA:237,0
LF:83
LH:0
BRDA:114,0,0,0
BRDA:114,0,1,0
BRDA:179,1,0,0
BRDA:179,1,1,0
BRF:4
BRH:0
end_of_record
TN:
SF:screens\TestTabsScreens\IntroductoryCarousel.tsx
FN:20,InroductoryCarouselScreen
FN:35,(anonymous_1)
FN:38,init
FN:41,(anonymous_3)
FN:49,(anonymous_4)
FN:84,(anonymous_5)
FN:90,(anonymous_6)
FN:163,(anonymous_7)
FN:180,(anonymous_8)
FN:181,(anonymous_9)
FN:186,(anonymous_10)
FN:200,(anonymous_11)
FN:214,(anonymous_12)
FNF:13
FNH:0
FNDA:0,InroductoryCarouselScreen
FNDA:0,(anonymous_1)
FNDA:0,init
FNDA:0,(anonymous_3)
FNDA:0,(anonymous_4)
FNDA:0,(anonymous_5)
FNDA:0,(anonymous_6)
FNDA:0,(anonymous_7)
FNDA:0,(anonymous_8)
FNDA:0,(anonymous_9)
FNDA:0,(anonymous_10)
FNDA:0,(anonymous_11)
FNDA:0,(anonymous_12)
DA:21,0
DA:22,0
DA:24,0
DA:25,0
DA:27,0
DA:29,0
DA:31,0
DA:33,0
DA:35,0
DA:36,0
DA:39,0
DA:41,0
DA:42,0
DA:44,0
DA:47,0
DA:49,0
DA:50,0
DA:54,0
DA:56,0
DA:57,0
DA:59,0
DA:61,0
DA:62,0
DA:69,0
DA:85,0
DA:91,0
DA:164,0
DA:180,0
DA:186,0
DA:187,0
DA:188,0
DA:190,0
DA:191,0
DA:201,0
DA:203,0
DA:215,0
DA:217,0
DA:218,0
DA:219,0
DA:220,0
DA:221,0
DA:224,0
DA:225,0
DA:238,0
LF:44
LH:0
BRDA:61,0,0,0
BRDA:61,0,1,0
BRDA:85,1,0,0
BRDA:85,1,1,0
BRDA:159,2,0,0
BRDA:159,2,1,0
BRDA:217,3,0,0
BRDA:217,3,1,0
BRDA:229,4,0,0
BRDA:229,4,1,0
BRF:10
BRH:0
end_of_record
TN:
SF:screens\TestTabsScreens\NotificationTests.tsx
FN:22,NotificationTestsScreen
FN:39,(anonymous_1)
FN:69,(anonymous_2)
FN:70,(anonymous_3)
FN:75,(anonymous_4)
FN:79,(anonymous_5)
FN:94,(anonymous_6)
FN:132,(anonymous_7)
FN:144,(anonymous_8)
FN:151,(anonymous_9)
FN:165,(anonymous_10)
FN:175,(anonymous_11)
FN:185,(anonymous_12)
FN:194,(anonymous_13)
FN:203,(anonymous_14)
FNF:15
FNH:0
FNDA:0,NotificationTestsScreen
FNDA:0,(anonymous_1)
FNDA:0,(anonymous_2)
FNDA:0,(anonymous_3)
FNDA:0,(anonymous_4)
FNDA:0,(anonymous_5)
FNDA:0,(anonymous_6)
FNDA:0,(anonymous_7)
FNDA:0,(anonymous_8)
FNDA:0,(anonymous_9)
FNDA:0,(anonymous_10)
FNDA:0,(anonymous_11)
FNDA:0,(anonymous_12)
FNDA:0,(anonymous_13)
FNDA:0,(anonymous_14)
DA:23,0
DA:25,0
DA:26,0
DA:27,0
DA:29,0
DA:31,0
DA:33,0
DA:34,0
DA:39,0
DA:52,0
DA:53,0
DA:54,0
DA:55,0
DA:56,0
DA:57,0
DA:59,0
DA:69,0
DA:70,0
DA:71,0
DA:72,0
DA:75,0
DA:76,0
DA:79,0
DA:80,0
DA:81,0
DA:83,0
DA:84,0
DA:86,0
DA:87,0
DA:89,0
DA:92,0
DA:94,0
DA:95,0
DA:96,0
DA:100,0
DA:101,0
DA:108,0
DA:133,0
DA:144,0
DA:152,0
DA:166,0
DA:176,0
DA:186,0
DA:195,0
DA:204,0
LF:45
LH:0
BRDA:63,0,0,0
BRDA:63,0,1,0
BRDA:100,1,0,0
BRDA:100,1,1,0
BRDA:115,2,0,0
BRDA:115,2,1,0
BRDA:116,3,0,0
BRDA:116,3,1,0
BRDA:117,4,0,0
BRDA:117,4,1,0
BRF:10
BRH:0
end_of_record
TN:
SF:screens\TestTabsScreens\ScheduleEditor.tsx
FN:19,ScheduleEditor
FN:28,(anonymous_1)
FN:29,init
FN:86,(anonymous_3)
FN:87,(anonymous_4)
FN:96,(anonymous_5)
FN:97,(anonymous_6)
FN:98,(anonymous_7)
FN:107,(anonymous_8)
FN:110,(anonymous_9)
FN:117,(anonymous_10)
FN:151,(anonymous_11)
FN:153,openClassEditScreen
FN:166,(anonymous_13)
FNF:14
FNH:0
FNDA:0,ScheduleEditor
FNDA:0,(anonymous_1)
FNDA:0,init
FNDA:0,(anonymous_3)
FNDA:0,(anonymous_4)
FNDA:0,(anonymous_5)
FNDA:0,(anonymous_6)
FNDA:0,(anonymous_7)
FNDA:0,(anonymous_8)
FNDA:0,(anonymous_9)
FNDA:0,(anonymous_10)
FNDA:0,(anonymous_11)
FNDA:0,openClassEditScreen
FNDA:0,(anonymous_13)
DA:20,0
DA:21,0
DA:23,0
DA:25,0
DA:26,0
DA:28,0
DA:30,0
DA:31,0
DA:35,0
DA:36,0
DA:37,0
DA:39,0
DA:41,0
DA:42,0
DA:44,0
DA:45,0
DA:48,0
DA:51,0
DA:64,0
DA:65,0
DA:72,0
DA:86,0
DA:88,0
DA:89,0
DA:96,0
DA:97,0
DA:99,0
DA:108,0
DA:111,0
DA:113,0
DA:114,0
DA:116,0
DA:118,0
DA:151,0
DA:152,0
DA:155,0
DA:166,0
DA:174,0
LF:38
LH:0
BRDA:64,0,0,0
BRDA:64,0,1,0
BRDA:102,1,0,0
BRDA:102,1,1,0
BRDA:104,2,0,0
BRDA:104,2,1,0
BRDA:118,3,0,0
BRDA:118,3,1,0
BRF:8
BRH:0
end_of_record
TN:
SF:screens\TestTabsScreens\ScheduledNotificationsScreen.tsx
FN:17,ScheduledNotificationsScreen
FN:28,(anonymous_1)
FN:36,(anonymous_2)
FN:46,(anonymous_3)
FN:56,(anonymous_4)
FN:57,(anonymous_5)
FN:75,(anonymous_6)
FN:90,(anonymous_7)
FN:95,(anonymous_8)
FN:102,(anonymous_9)
FN:103,(anonymous_10)
FN:105,(anonymous_11)
FN:111,(anonymous_12)
FN:112,(anonymous_13)
FN:117,(anonymous_14)
FN:143,(anonymous_15)
FNF:16
FNH:0
FNDA:0,ScheduledNotificationsScreen
FNDA:0,(anonymous_1)
FNDA:0,(anonymous_2)
FNDA:0,(anonymous_3)
FNDA:0,(anonymous_4)
FNDA:0,(anonymous_5)
FNDA:0,(anonymous_6)
FNDA:0,(anonymous_7)
FNDA:0,(anonymous_8)
FNDA:0,(anonymous_9)
FNDA:0,(anonymous_10)
FNDA:0,(anonymous_11)
FNDA:0,(anonymous_12)
FNDA:0,(anonymous_13)
FNDA:0,(anonymous_14)
FNDA:0,(anonymous_15)
DA:18,0
DA:20,0
DA:21,0
DA:22,0
DA:25,0
DA:26,0
DA:28,0
DA:29,0
DA:30,0
DA:34,0
DA:36,0
DA:37,0
DA:38,0
DA:40,0
DA:41,0
DA:43,0
DA:46,0
DA:47,0
DA:48,0
DA:49,0
DA:50,0
DA:56,0
DA:57,0
DA:58,0
DA:59,0
DA:61,0
DA:63,0
DA:64,0
DA:67,0
DA:70,0
DA:79,0
DA:80,0
DA:82,0
DA:83,0
DA:90,0
DA:95,0
DA:102,0
DA:103,0
DA:105,0
DA:111,0
DA:113,0
DA:118,0
DA:120,0
DA:144,0
LF:44
LH:0
BRDA:29,0,0,0
BRDA:29,0,1,0
BRDA:37,1,0,0
BRDA:37,1,1,0
BRDA:37,2,0,0
BRDA:37,2,1,0
BRDA:38,3,0,0
BRDA:38,3,1,0
BRDA:38,4,0,0
BRDA:38,4,1,0
BRDA:40,5,0,0
BRDA:40,5,1,0
BRDA:47,6,0,0
BRDA:47,6,1,0
BRDA:49,7,0,0
BRDA:49,7,1,0
BRF:16
BRH:0
end_of_record
TN:
SF:screens\TestTabsScreens\scheduleEditorStack\ScheduleClassForm.tsx
FN:24,(anonymous_0)
FN:41,(anonymous_1)
FN:59,(anonymous_2)
FN:77,ScheduleClassForm
FN:105,(anonymous_4)
FN:124,(anonymous_5)
FN:130,(anonymous_6)
FN:207,(anonymous_7)
FN:235,(anonymous_8)
FNF:9
FNH:0
FNDA:0,(anonymous_0)
FNDA:0,(anonymous_1)
FNDA:0,(anonymous_2)
FNDA:0,ScheduleClassForm
FNDA:0,(anonymous_4)
FNDA:0,(anonymous_5)
FNDA:0,(anonymous_6)
FNDA:0,(anonymous_7)
FNDA:0,(anonymous_8)
DA:24,0
DA:33,0
DA:35,0
DA:37,0
DA:41,0
DA:45,0
DA:46,0
DA:47,0
DA:53,0
DA:55,0
DA:59,0
DA:60,0
DA:81,0
DA:82,0
DA:91,0
DA:93,0
DA:94,0
DA:96,0
DA:98,0
DA:99,0
DA:101,0
DA:103,0
DA:105,0
DA:106,0
DA:107,0
DA:109,0
DA:111,0
DA:113,0
DA:115,0
DA:121,0
DA:125,0
DA:126,0
DA:127,0
DA:131,0
DA:207,0
DA:235,0
DA:250,0
LF:37
LH:0
BRDA:45,0,0,0
BRDA:45,0,1,0
BRDA:67,1,0,0
BRDA:67,1,1,0
BRDA:93,2,0,0
BRDA:93,2,1,0
BRDA:99,3,0,0
BRDA:99,3,1,0
BRDA:103,4,0,0
BRDA:103,4,1,0
BRDA:109,5,0,0
BRDA:109,5,1,0
BRDA:117,6,0,0
BRDA:117,6,1,0
BRDA:209,7,0,0
BRDA:209,7,1,0
BRDA:209,8,0,0
BRDA:209,8,1,0
BRF:18
BRH:0
end_of_record
TN:
SF:services\ClassNotificationBuilder.ts
FN:21,(anonymous_0)
FN:47,(anonymous_1)
FN:68,(anonymous_2)
FN:100,(anonymous_3)
FNF:4
FNH:0
FNDA:0,(anonymous_0)
FNDA:0,(anonymous_1)
FNDA:0,(anonymous_2)
FNDA:0,(anonymous_3)
DA:19,0
DA:27,0
DA:29,0
DA:30,0
DA:32,0
DA:35,0
DA:37,0
DA:38,0
DA:40,0
DA:41,0
DA:42,0
DA:43,0
DA:52,0
DA:54,0
DA:55,0
DA:56,0
DA:59,0
DA:61,0
DA:62,0
DA:63,0
DA:65,0
DA:68,0
DA:69,0
DA:75,0
DA:76,0
DA:77,0
DA:80,0
DA:84,0
DA:85,0
DA:88,0
DA:94,0
DA:97,0
DA:102,0
DA:112,0
DA:113,0
DA:114,0
DA:117,0
DA:121,0
DA:122,0
DA:125,0
DA:134,0
LF:41
LH:0
BRDA:41,0,0,0
BRDA:41,0,1,0
BRDA:61,1,0,0
BRDA:61,1,1,0
BRDA:76,2,0,0
BRDA:76,2,1,0
BRDA:78,3,0,0
BRDA:78,3,1,0
BRDA:84,4,0,0
BRDA:84,4,1,0
BRDA:85,5,0,0
BRDA:85,5,1,0
BRDA:113,6,0,0
BRDA:113,6,1,0
BRDA:115,7,0,0
BRDA:115,7,1,0
BRDA:121,8,0,0
BRDA:121,8,1,0
BRDA:122,9,0,0
BRDA:122,9,1,0
BRF:20
BRH:0
end_of_record
TN:
SF:services\LocalNotificationsService.ts
FN:30,(anonymous_0)
FN:40,(anonymous_1)
FN:41,(anonymous_2)
FN:45,(anonymous_3)
FN:48,(anonymous_4)
FN:51,(anonymous_5)
FN:55,(anonymous_6)
FN:57,(anonymous_7)
FN:74,(anonymous_8)
FN:89,(anonymous_9)
FN:105,(anonymous_10)
FN:112,(anonymous_11)
FN:147,(anonymous_12)
FN:151,(anonymous_13)
FN:160,(anonymous_14)
FN:170,(anonymous_15)
FNF:16
FNH:0
FNDA:0,(anonymous_0)
FNDA:0,(anonymous_1)
FNDA:0,(anonymous_2)
FNDA:0,(anonymous_3)
FNDA:0,(anonymous_4)
FNDA:0,(anonymous_5)
FNDA:0,(anonymous_6)
FNDA:0,(anonymous_7)
FNDA:0,(anonymous_8)
FNDA:0,(anonymous_9)
FNDA:0,(anonymous_10)
FNDA:0,(anonymous_11)
FNDA:0,(anonymous_12)
FNDA:0,(anonymous_13)
FNDA:0,(anonymous_14)
FNDA:0,(anonymous_15)
DA:22,0
DA:28,0
DA:31,0
DA:32,0
DA:33,0
DA:34,0
DA:37,0
DA:42,0
DA:46,0
DA:49,0
DA:52,0
DA:56,0
DA:57,0
DA:64,0
DA:66,0
DA:67,0
DA:69,0
DA:71,0
DA:75,0
DA:77,0
DA:79,0
DA:91,0
DA:105,0
DA:106,0
DA:107,0
DA:108,0
DA:117,0
DA:118,0
DA:124,0
DA:126,0
DA:135,0
DA:136,0
DA:138,0
DA:139,0
DA:142,0
DA:148,0
DA:152,0
DA:157,0
DA:161,0
DA:167,0
DA:171,0
DA:178,0
LF:42
LH:0
BRDA:31,0,0,0
BRDA:31,0,1,0
BRDA:67,1,0,0
BRDA:67,1,1,0
BRDA:75,2,0,0
BRDA:75,2,1,0
BRDA:117,3,0,0
BRDA:117,3,1,0
BRDA:117,4,0,0
BRDA:117,4,1,0
BRDA:138,5,0,0
BRDA:138,5,1,0
BRDA:138,6,0,0
BRDA:138,6,1,0
BRDA:151,7,0,0
BRF:15
BRH:0
end_of_record
TN:
SF:services\NewsLoaderService.ts
FN:16,(anonymous_0)
FN:27,(anonymous_1)
FN:29,(anonymous_2)
FN:31,(anonymous_3)
FN:42,(anonymous_4)
FN:59,(anonymous_5)
FN:69,(anonymous_6)
FN:80,(anonymous_7)
FN:101,(anonymous_8)
FNF:9
FNH:0
FNDA:0,(anonymous_0)
FNDA:0,(anonymous_1)
FNDA:0,(anonymous_2)
FNDA:0,(anonymous_3)
FNDA:0,(anonymous_4)
FNDA:0,(anonymous_5)
FNDA:0,(anonymous_6)
FNDA:0,(anonymous_7)
FNDA:0,(anonymous_8)
DA:14,0
DA:17,0
DA:18,0
DA:19,0
DA:21,0
DA:24,0
DA:33,0
DA:35,0
DA:36,0
DA:37,0
DA:40,0
DA:42,0
DA:49,0
DA:50,0
DA:51,0
DA:59,0
DA:60,0
DA:63,0
DA:65,0
DA:66,0
DA:70,0
DA:72,0
DA:73,0
DA:77,0
DA:81,0
DA:102,0
DA:103,0
LF:27
LH:0
BRDA:17,0,0,0
BRDA:17,0,1,0
BRDA:35,1,0,0
BRDA:35,1,1,0
BRF:4
BRH:0
end_of_record
TN:
SF:services\ScheduleLoaderService.ts
FN:36,(anonymous_0)
FN:44,(anonymous_1)
FN:50,(anonymous_2)
FN:52,(anonymous_3)
FN:76,(anonymous_4)
FN:79,(anonymous_5)
FN:87,(anonymous_6)
FN:107,(anonymous_7)
FN:118,(anonymous_8)
FN:148,(anonymous_9)
FN:173,(anonymous_10)
FN:174,(anonymous_11)
FN:178,(anonymous_12)
FN:197,(anonymous_13)
FN:217,(anonymous_14)
FN:273,(anonymous_15)
FN:279,(anonymous_16)
FNF:17
FNH:10
FNDA:4,(anonymous_0)
FNDA:7,(anonymous_1)
FNDA:4,(anonymous_2)
FNDA:4,(anonymous_3)
FNDA:7,(anonymous_4)
FNDA:3,(anonymous_5)
FNDA:6,(anonymous_6)
FNDA:1,(anonymous_7)
FNDA:1,(anonymous_8)
FNDA:1,(anonymous_9)
FNDA:0,(anonymous_10)
FNDA:0,(anonymous_11)
FNDA:0,(anonymous_12)
FNDA:0,(anonymous_13)
FNDA:0,(anonymous_14)
FNDA:0,(anonymous_15)
FNDA:0,(anonymous_16)
DA:32,4
DA:34,4
DA:37,4
DA:38,4
DA:39,4
DA:42,4
DA:43,4
DA:44,7
DA:47,4
DA:54,4
DA:56,4
DA:57,3
DA:60,3
DA:61,3
DA:63,0
DA:67,1
DA:69,1
DA:70,1
DA:72,0
DA:76,7
DA:80,3
DA:81,3
DA:83,3
DA:85,3
DA:86,3
DA:88,6
DA:89,6
DA:90,6
DA:91,6
DA:101,3
DA:102,3
DA:109,1
DA:111,1
DA:112,1
DA:113,1
DA:117,1
DA:119,1
DA:121,1
DA:122,1
DA:125,1
DA:126,1
DA:128,1
DA:130,1
DA:139,1
DA:141,1
DA:145,1
DA:149,1
DA:151,1
DA:168,1
DA:170,1
DA:174,0
DA:179,0
DA:181,0
DA:182,0
DA:183,0
DA:186,0
DA:188,0
DA:191,0
DA:196,0
DA:198,0
DA:200,0
DA:201,0
DA:203,0
DA:211,0
DA:216,0
DA:218,0
DA:219,0
DA:221,0
DA:222,0
DA:224,0
DA:233,0
DA:235,0
DA:239,0
DA:244,0
DA:245,0
DA:247,0
DA:248,0
DA:250,0
DA:259,0
DA:261,0
DA:264,0
DA:270,0
DA:275,0
DA:277,0
DA:279,0
DA:280,0
DA:284,0
DA:286,0
DA:288,0
LF:89
LH:48
BRDA:37,0,0,4
BRDA:37,0,1,0
BRDA:56,1,0,3
BRDA:56,1,1,1
BRDA:181,2,0,0
BRDA:181,2,1,0
BRDA:181,3,0,0
BRDA:181,3,1,0
BRDA:219,4,0,0
BRDA:219,4,1,0
BRDA:239,5,0,0
BRDA:239,5,1,0
BRDA:239,5,2,0
BRDA:245,6,0,0
BRDA:245,6,1,0
BRF:15
BRH:3
end_of_record
TN:
SF:services\ScheduleNotificationsService.ts
FN:15,(anonymous_0)
FN:25,(anonymous_1)
FN:39,(anonymous_2)
FN:40,(anonymous_3)
FN:52,(anonymous_4)
FNF:5
FNH:0
FNDA:0,(anonymous_0)
FNDA:0,(anonymous_1)
FNDA:0,(anonymous_2)
FNDA:0,(anonymous_3)
FNDA:0,(anonymous_4)
DA:10,0
DA:11,0
DA:16,0
DA:17,0
DA:18,0
DA:19,0
DA:22,0
DA:26,0
DA:27,0
DA:30,0
DA:31,0
DA:34,0
DA:37,0
DA:39,0
DA:40,0
DA:41,0
DA:48,0
DA:49,0
DA:51,0
DA:53,0
DA:57,0
DA:59,0
DA:63,0
DA:66,0
DA:69,0
LF:25
LH:0
BRDA:16,0,0,0
BRDA:16,0,1,0
BRDA:34,1,0,0
BRDA:34,1,1,0
BRDA:48,2,0,0
BRDA:48,2,1,0
BRF:6
BRH:0
end_of_record
TN:
SF:services\SettingsService.ts
FN:63,(anonymous_0)
FN:73,(anonymous_1)
FN:100,(anonymous_2)
FN:114,(anonymous_3)
FN:127,(anonymous_4)
FN:140,(anonymous_5)
FNF:6
FNH:0
FNDA:0,(anonymous_0)
FNDA:0,(anonymous_1)
FNDA:0,(anonymous_2)
FNDA:0,(anonymous_3)
FNDA:0,(anonymous_4)
FNDA:0,(anonymous_5)
DA:9,0
DA:50,0
DA:52,0
DA:53,0
DA:54,0
DA:55,0
DA:56,0
DA:57,0
DA:61,0
DA:64,0
DA:65,0
DA:66,0
DA:67,0
DA:70,0
DA:76,0
DA:77,0
DA:79,0
DA:80,0
DA:84,0
DA:85,0
DA:87,0
DA:88,0
DA:89,0
DA:90,0
DA:93,0
DA:94,0
DA:95,0
DA:96,0
DA:101,0
DA:115,0
DA:116,0
DA:117,0
DA:118,0
DA:120,0
DA:123,0
DA:127,0
DA:128,0
DA:129,0
DA:130,0
DA:131,0
DA:133,0
DA:135,0
DA:136,0
DA:141,0
DA:142,0
DA:143,0
DA:144,0
DA:145,0
DA:146,0
DA:148,0
LF:50
LH:0
BRDA:64,0,0,0
BRDA:64,0,1,0
BRDA:80,1,0,0
BRDA:80,1,1,0
BRDA:94,2,0,0
BRDA:94,2,1,0
BRDA:94,3,0,0
BRDA:94,3,1,0
BRDA:131,4,0,0
BRDA:131,4,1,0
BRDA:151,5,0,0
BRDA:151,5,1,0
BRF:12
BRH:0
end_of_record
TN:
SF:shared\AppText.tsx
FN:14,AppText
FNF:1
FNH:0
FNDA:0,AppText
DA:15,0
DA:27,0
LF:2
LH:0
BRF:0
BRH:0
end_of_record
TN:
SF:shared\Button.tsx
FN:10,FlatButton
FNF:1
FNH:0
FNDA:0,FlatButton
DA:11,0
DA:20,0
LF:2
LH:0
BRF:0
BRH:0
end_of_record
TN:
SF:shared\Expander.tsx
FN:19,Expander
FN:26,(anonymous_1)
FNF:2
FNH:0
FNDA:0,Expander
FNDA:0,(anonymous_1)
DA:20,0
DA:24,0
DA:26,0
LF:3
LH:0
BRDA:28,0,0,0
BRDA:28,0,1,0
BRF:2
BRH:0
end_of_record
TN:
SF:shared\OutlinedButton.tsx
FN:10,OutlinedButton
FNF:1
FNH:0
FNDA:0,OutlinedButton
DA:11,0
DA:20,0
LF:2
LH:0
BRF:0
BRH:0
end_of_record
TN:
SF:shared\RadioButtonGroup.tsx
FN:7,BlueCircle
FN:27,RadioButtonGroup
FN:40,(anonymous_2)
FN:43,(anonymous_3)
FNF:4
FNH:0
FNDA:0,BlueCircle
FNDA:0,RadioButtonGroup
FNDA:0,(anonymous_2)
FNDA:0,(anonymous_3)
DA:8,0
DA:36,0
DA:38,0
DA:41,0
DA:43,0
DA:54,0
LF:6
LH:0
BRDA:7,0,0,0
BRDA:14,1,0,0
BRDA:14,1,1,0
BRDA:16,2,0,0
BRDA:16,2,1,0
BRDA:30,3,0,0
BRDA:43,4,0,0
BRDA:43,4,1,0
BRF:8
BRH:0
end_of_record
TN:
SF:shared\Separator.tsx
FN:5,Separator
FNF:1
FNH:0
FNDA:0,Separator
DA:16,0
DA:25,0
DA:26,0
DA:29,0
DA:32,0
LF:5
LH:0
BRDA:9,0,0,0
BRDA:19,1,0,0
BRDA:19,1,1,0
BRDA:25,2,0,0
BRDA:25,2,1,0
BRDA:25,3,0,0
BRDA:25,3,1,0
BRF:7
BRH:0
end_of_record
TN:
SF:shared\SingleSidedShadowBox.tsx
FN:5,(anonymous_0)
FNF:1
FNH:0
FNDA:0,(anonymous_0)
DA:5,0
DA:7,0
DA:14,0
LF:3
LH:0
BRF:0
BRH:0
end_of_record
TN:
SF:shared\Switch.tsx
FN:7,CustomSwitch
FN:17,(anonymous_1)
FN:17,(anonymous_2)
FN:27,(anonymous_3)
FNF:4
FNH:0
FNDA:0,CustomSwitch
FNDA:0,(anonymous_1)
FNDA:0,(anonymous_2)
FNDA:0,(anonymous_3)
DA:16,0
DA:17,0
DA:21,0
DA:28,0
DA:29,0
DA:30,0
DA:37,0
LF:7
LH:0
BRDA:9,0,0,0
BRDA:10,1,0,0
BRDA:28,2,0,0
BRDA:28,2,1,0
BRDA:30,3,0,0
BRDA:30,3,1,0
BRF:6
BRH:0
end_of_record
TN:
SF:shared\card.tsx
FN:4,Card
FNF:1
FNH:0
FNDA:0,Card
DA:13,0
DA:20,0
LF:2
LH:0
BRDA:6,0,0,0
BRDA:7,1,0,0
BRDA:14,2,0,0
BRDA:14,2,1,0
BRF:4
BRH:0
end_of_record
TN:
SF:styles\global.ts
FNF:0
FNH:0
DA:5,0
DA:13,0
DA:19,0
DA:26,0
DA:30,0
DA:34,0
DA:39,0
DA:51,0
LF:8
LH:0
BRF:0
BRH:0
end_of_record
TN:
SF:utilities\getStrict.ts
FN:2,getStrict
FNF:1
FNH:0
FNDA:0,getStrict
DA:3,0
DA:4,0
DA:6,0
LF:3
LH:0
BRDA:3,0,0,0
BRDA:3,0,1,0
BRDA:3,1,0,0
BRDA:3,1,1,0
BRF:4
BRH:0
end_of_record
TN:
SF:utilities\getWeekType.ts
FN:13,GetWeekType
FNF:1
FNH:0
FNDA:0,GetWeekType
DA:10,0
DA:11,0
DA:15,0
DA:16,0
DA:17,0
DA:19,0
DA:20,0
DA:21,0
DA:23,0
DA:25,0
DA:26,0
DA:28,0
LF:12
LH:0
BRDA:13,0,0,0
BRDA:19,1,0,0
BRDA:19,1,1,0
BRDA:20,2,0,0
BRDA:20,2,1,0
BRDA:25,3,0,0
BRDA:25,3,1,0
BRF:7
BRH:0
end_of_record
TN:
SF:utilities\utilities.ts
FN:14,(anonymous_0)
FN:28,createEvenlySpacedTimeSequence
FN:43,setDayOnDate
FN:51,liesInRange
FN:55,determineInterval
FN:58,(anonymous_5)
FN:82,getContentfulClient
FN:95,ensureExtension
FN:101,ensureNoExtension
FN:107,(anonymous_9)
FN:111,isRunningInExpoGo
FN:116,(anonymous_11)
FNF:12
FNH:3
FNDA:0,(anonymous_0)
FNDA:0,createEvenlySpacedTimeSequence
FNDA:0,setDayOnDate
FNDA:6,liesInRange
FNDA:1,determineInterval
FNDA:6,(anonymous_5)
FNDA:0,getContentfulClient
FNDA:0,ensureExtension
FNDA:0,ensureNoExtension
FNDA:0,(anonymous_9)
FNDA:0,isRunningInExpoGo
FNDA:0,(anonymous_11)
DA:14,1
DA:15,0
DA:16,0
DA:17,0
DA:18,0
DA:19,0
DA:21,0
DA:29,0
DA:30,0
DA:32,0
DA:33,0
DA:34,0
DA:35,0
DA:37,0
DA:40,0
DA:44,0
DA:45,0
DA:46,0
DA:48,0
DA:52,6
DA:56,1
DA:58,1
DA:59,6
DA:60,6
DA:61,6
DA:63,6
DA:64,6
DA:65,6
DA:67,6
DA:69,6
DA:70,6
DA:72,6
DA:73,0
DA:77,1
DA:80,1
DA:83,0
DA:84,0
DA:86,0
DA:92,0
DA:96,0
DA:98,0
DA:102,0
DA:104,0
DA:107,1
DA:108,0
DA:112,0
DA:113,0
DA:116,1
DA:117,0
DA:118,0
DA:120,0
DA:122,0
DA:123,0
DA:125,0
DA:126,0
DA:128,0
LF:56
LH:18
BRDA:52,0,0,6
BRDA:52,0,1,6
BRDA:55,1,0,1
BRDA:72,2,0,0
BRDA:72,2,1,6
BRDA:96,3,0,0
BRDA:96,3,1,0
BRDA:102,4,0,0
BRDA:102,4,1,0
BRDA:108,5,0,0
BRDA:108,5,1,0
BRDA:120,6,0,0
BRDA:120,6,1,0
BRF:13
BRH:4
end_of_record
